[1.053s] Invoking command in '/home/yektapanj/WareBotSim/src/urdf_tutorial_r2d2': DEBUGINFOD_URLS=https://debuginfod.ubuntu.com PYTHONPATH=/home/yektapanj/WareBotSim/build/urdf_tutorial_r2d2/prefix_override:/usr/lib/python3/dist-packages/colcon_core/task/python/colcon_distutils_commands:/home/yektapanj/WareBotSim/install/urdf_tutorial_r2d2/lib/python3.12/site-packages:${PYTHONPATH} /usr/bin/python3 -W ignore:setup.py install is deprecated -W ignore:easy_install command is deprecated setup.py egg_info --egg-base ../../build/urdf_tutorial_r2d2 build --build-base /home/yektapanj/WareBotSim/build/urdf_tutorial_r2d2/build install --record /home/yektapanj/WareBotSim/build/urdf_tutorial_r2d2/install.log --single-version-externally-managed install_data
[1.207s] running egg_info
[1.224s] writing ../../build/urdf_tutorial_r2d2/urdf_tutorial_r2d2.egg-info/PKG-INFO
[1.226s] writing dependency_links to ../../build/urdf_tutorial_r2d2/urdf_tutorial_r2d2.egg-info/dependency_links.txt
[1.226s] writing entry points to ../../build/urdf_tutorial_r2d2/urdf_tutorial_r2d2.egg-info/entry_points.txt
[1.227s] writing requirements to ../../build/urdf_tutorial_r2d2/urdf_tutorial_r2d2.egg-info/requires.txt
[1.228s] writing top-level names to ../../build/urdf_tutorial_r2d2/urdf_tutorial_r2d2.egg-info/top_level.txt
[1.265s] reading manifest file '../../build/urdf_tutorial_r2d2/urdf_tutorial_r2d2.egg-info/SOURCES.txt'
[1.267s] adding license file 'LICENSE'
[1.268s] writing manifest file '../../build/urdf_tutorial_r2d2/urdf_tutorial_r2d2.egg-info/SOURCES.txt'
[1.268s] running build
[1.268s] running build_py
[1.268s] running install
[1.277s] running install_lib
[1.299s] running install_data
[1.299s] running install_egg_info
[1.313s] removing '/home/yektapanj/WareBotSim/install/urdf_tutorial_r2d2/lib/python3.12/site-packages/urdf_tutorial_r2d2-0.0.0-py3.12.egg-info' (and everything under it)
[1.314s] Copying ../../build/urdf_tutorial_r2d2/urdf_tutorial_r2d2.egg-info to /home/yektapanj/WareBotSim/install/urdf_tutorial_r2d2/lib/python3.12/site-packages/urdf_tutorial_r2d2-0.0.0-py3.12.egg-info
[1.315s] running install_scripts
[1.429s] Installing state_publisher script to /home/yektapanj/WareBotSim/install/urdf_tutorial_r2d2/lib/urdf_tutorial_r2d2
[1.431s] writing list of installed files to '/home/yektapanj/WareBotSim/build/urdf_tutorial_r2d2/install.log'
[1.491s] Invoked command in '/home/yektapanj/WareBotSim/src/urdf_tutorial_r2d2' returned '0': DEBUGINFOD_URLS=https://debuginfod.ubuntu.com PYTHONPATH=/home/yektapanj/WareBotSim/build/urdf_tutorial_r2d2/prefix_override:/usr/lib/python3/dist-packages/colcon_core/task/python/colcon_distutils_commands:/home/yektapanj/WareBotSim/install/urdf_tutorial_r2d2/lib/python3.12/site-packages:${PYTHONPATH} /usr/bin/python3 -W ignore:setup.py install is deprecated -W ignore:easy_install command is deprecated setup.py egg_info --egg-base ../../build/urdf_tutorial_r2d2 build --build-base /home/yektapanj/WareBotSim/build/urdf_tutorial_r2d2/build install --record /home/yektapanj/WareBotSim/build/urdf_tutorial_r2d2/install.log --single-version-externally-managed install_data
