/home/yektapanj/WareBotSim/install/warebotsim/lib/python3.12/site-packages/warebotsim/state_publisher.py
/home/yektapanj/WareBotSim/install/warebotsim/lib/python3.12/site-packages/warebotsim/__init__.py
/home/yektapanj/WareBotSim/install/warebotsim/lib/python3.12/site-packages/warebotsim/__pycache__/state_publisher.cpython-312.pyc
/home/yektapanj/WareBotSim/install/warebotsim/lib/python3.12/site-packages/warebotsim/__pycache__/__init__.cpython-312.pyc
/home/yektapanj/WareBotSim/install/warebotsim/share/ament_index/resource_index/packages/warebotsim
/home/yektapanj/WareBotSim/install/warebotsim/share/warebotsim/package.xml
/home/yektapanj/WareBotSim/install/warebotsim/share/warebotsim/launch/demo_launch.py
/home/yektapanj/WareBotSim/install/warebotsim/share/warebotsim/jackal.urdf
/home/yektapanj/WareBotSim/install/warebotsim/share/warebotsim/r2d2.rviz
/home/yektapanj/WareBotSim/install/warebotsim/share/warebotsim/meshes/top_plate_collision.stl
/home/yektapanj/WareBotSim/install/warebotsim/share/warebotsim/meshes/lift_link.STL
/home/yektapanj/WareBotSim/install/warebotsim/share/warebotsim/meshes/novatel-smart7.stl
/home/yektapanj/WareBotSim/install/warebotsim/share/warebotsim/meshes/internal_link.STL
/home/yektapanj/WareBotSim/install/warebotsim/share/warebotsim/meshes/camera-beam.stl
/home/yektapanj/WareBotSim/install/warebotsim/share/warebotsim/meshes/wheel_right_link.STL
/home/yektapanj/WareBotSim/install/warebotsim/share/warebotsim/meshes/ark_enclosure.stl
/home/yektapanj/WareBotSim/install/warebotsim/share/warebotsim/meshes/sick-lms1xx-upright-bracket.stl
/home/yektapanj/WareBotSim/install/warebotsim/share/warebotsim/meshes/rotacastor_left_link.STL
/home/yektapanj/WareBotSim/install/warebotsim/share/warebotsim/meshes/velodyne_tower.stl
/home/yektapanj/WareBotSim/install/warebotsim/share/warebotsim/meshes/bridge-plate.stl
/home/yektapanj/WareBotSim/install/warebotsim/share/warebotsim/meshes/camera-bracket.stl
/home/yektapanj/WareBotSim/install/warebotsim/share/warebotsim/meshes/accessory_fender.stl
/home/yektapanj/WareBotSim/install/warebotsim/share/warebotsim/meshes/stereo-camera-bracket.stl
/home/yektapanj/WareBotSim/install/warebotsim/share/warebotsim/meshes/wibotic_bumper.stl
/home/yektapanj/WareBotSim/install/warebotsim/share/warebotsim/meshes/jackal-wheel.stl
/home/yektapanj/WareBotSim/install/warebotsim/share/warebotsim/meshes/sick-lms1xx-inverted-bracket.stl
/home/yektapanj/WareBotSim/install/warebotsim/share/warebotsim/meshes/jackal-fender.stl
/home/yektapanj/WareBotSim/install/warebotsim/share/warebotsim/meshes/chassis_link.dae
/home/yektapanj/WareBotSim/install/warebotsim/share/warebotsim/meshes/stereo-camera-beam.stl
/home/yektapanj/WareBotSim/install/warebotsim/share/warebotsim/meshes/kinect_mount.stl
/home/yektapanj/WareBotSim/install/warebotsim/share/warebotsim/meshes/chassis_link.STL
/home/yektapanj/WareBotSim/install/warebotsim/share/warebotsim/meshes/rotacastor_right_link.STL
/home/yektapanj/WareBotSim/install/warebotsim/share/warebotsim/meshes/jackal-base.stl
/home/yektapanj/WareBotSim/install/warebotsim/share/warebotsim/meshes/top_plate.stl
/home/yektapanj/WareBotSim/install/warebotsim/share/warebotsim/meshes/hokuyo_utm30.stl
/home/yektapanj/WareBotSim/install/warebotsim/share/warebotsim/meshes/jackal-fenders.stl
/home/yektapanj/WareBotSim/install/warebotsim/share/warebotsim/meshes/novatel-smart6.stl
/home/yektapanj/WareBotSim/install/warebotsim/share/warebotsim/meshes/internal_link.dae
/home/yektapanj/WareBotSim/install/warebotsim/share/warebotsim/meshes/lift_link.dae
/home/yektapanj/WareBotSim/install/warebotsim/share/warebotsim/meshes/extrusion.stl
/home/yektapanj/WareBotSim/install/warebotsim/share/warebotsim/meshes/hokuyo_ust10.stl
/home/yektapanj/WareBotSim/install/warebotsim/share/warebotsim/meshes/wheel_left_link.STL
/home/yektapanj/WareBotSim/install/warebotsim/lib/python3.12/site-packages/warebotsim-0.0.0-py3.12.egg-info/entry_points.txt
/home/yektapanj/WareBotSim/install/warebotsim/lib/python3.12/site-packages/warebotsim-0.0.0-py3.12.egg-info/PKG-INFO
/home/yektapanj/WareBotSim/install/warebotsim/lib/python3.12/site-packages/warebotsim-0.0.0-py3.12.egg-info/zip-safe
/home/yektapanj/WareBotSim/install/warebotsim/lib/python3.12/site-packages/warebotsim-0.0.0-py3.12.egg-info/top_level.txt
/home/yektapanj/WareBotSim/install/warebotsim/lib/python3.12/site-packages/warebotsim-0.0.0-py3.12.egg-info/SOURCES.txt
/home/yektapanj/WareBotSim/install/warebotsim/lib/python3.12/site-packages/warebotsim-0.0.0-py3.12.egg-info/dependency_links.txt
/home/yektapanj/WareBotSim/install/warebotsim/lib/python3.12/site-packages/warebotsim-0.0.0-py3.12.egg-info/requires.txt
/home/yektapanj/WareBotSim/install/warebotsim/lib/warebotsim/state_publisher
