[1.111s] Invoking command in '/home/yektapanj/WareBotSim/src/warebotsim': DEBUGINFOD_URLS=https://debuginfod.ubuntu.com PYTHONPATH=/home/yektapanj/WareBotSim/build/warebotsim/prefix_override:/usr/lib/python3/dist-packages/colcon_core/task/python/colcon_distutils_commands:/home/yektapanj/WareBotSim/install/warebotsim/lib/python3.12/site-packages:${PYTHONPATH} /usr/bin/python3 -W ignore:setup.py install is deprecated -W ignore:easy_install command is deprecated setup.py egg_info --egg-base ../../build/warebotsim build --build-base /home/yektapanj/WareBotSim/build/warebotsim/build install --record /home/yektapanj/WareBotSim/build/warebotsim/install.log --single-version-externally-managed install_data
[1.282s] running egg_info
[1.289s] creating ../../build/warebotsim/warebotsim.egg-info
[1.309s] writing ../../build/warebotsim/warebotsim.egg-info/PKG-INFO
[1.310s] writing dependency_links to ../../build/warebotsim/warebotsim.egg-info/dependency_links.txt
[1.310s] writing entry points to ../../build/warebotsim/warebotsim.egg-info/entry_points.txt
[1.310s] writing requirements to ../../build/warebotsim/warebotsim.egg-info/requires.txt
[1.310s] writing top-level names to ../../build/warebotsim/warebotsim.egg-info/top_level.txt
[1.310s] writing manifest file '../../build/warebotsim/warebotsim.egg-info/SOURCES.txt'
[1.355s] reading manifest file '../../build/warebotsim/warebotsim.egg-info/SOURCES.txt'
[1.357s] writing manifest file '../../build/warebotsim/warebotsim.egg-info/SOURCES.txt'
[1.357s] running build
[1.357s] running build_py
[1.357s] creating /home/yektapanj/WareBotSim/build/warebotsim/build
[1.357s] creating /home/yektapanj/WareBotSim/build/warebotsim/build/lib
[1.357s] creating /home/yektapanj/WareBotSim/build/warebotsim/build/lib/warebotsim
[1.357s] copying warebotsim/state_publisher.py -> /home/yektapanj/WareBotSim/build/warebotsim/build/lib/warebotsim
[1.357s] copying warebotsim/__init__.py -> /home/yektapanj/WareBotSim/build/warebotsim/build/lib/warebotsim
[1.357s] running install
[1.362s] running install_lib
[1.373s] creating /home/yektapanj/WareBotSim/install/warebotsim/lib/python3.12/site-packages/warebotsim
[1.373s] copying /home/yektapanj/WareBotSim/build/warebotsim/build/lib/warebotsim/state_publisher.py -> /home/yektapanj/WareBotSim/install/warebotsim/lib/python3.12/site-packages/warebotsim
[1.377s] copying /home/yektapanj/WareBotSim/build/warebotsim/build/lib/warebotsim/__init__.py -> /home/yektapanj/WareBotSim/install/warebotsim/lib/python3.12/site-packages/warebotsim
[1.377s] byte-compiling /home/yektapanj/WareBotSim/install/warebotsim/lib/python3.12/site-packages/warebotsim/state_publisher.py to state_publisher.cpython-312.pyc
[1.378s] byte-compiling /home/yektapanj/WareBotSim/install/warebotsim/lib/python3.12/site-packages/warebotsim/__init__.py to __init__.cpython-312.pyc
[1.380s] running install_data
[1.380s] creating /home/yektapanj/WareBotSim/install/warebotsim/share/ament_index
[1.380s] creating /home/yektapanj/WareBotSim/install/warebotsim/share/ament_index/resource_index
[1.380s] creating /home/yektapanj/WareBotSim/install/warebotsim/share/ament_index/resource_index/packages
[1.380s] copying resource/warebotsim -> /home/yektapanj/WareBotSim/install/warebotsim/share/ament_index/resource_index/packages
[1.380s] copying package.xml -> /home/yektapanj/WareBotSim/install/warebotsim/share/warebotsim
[1.380s] creating /home/yektapanj/WareBotSim/install/warebotsim/share/warebotsim/launch
[1.380s] copying launch/demo_launch.py -> /home/yektapanj/WareBotSim/install/warebotsim/share/warebotsim/launch
[1.380s] copying urdf/jackal.urdf -> /home/yektapanj/WareBotSim/install/warebotsim/share/warebotsim
[1.380s] copying urdf/r2d2.rviz -> /home/yektapanj/WareBotSim/install/warebotsim/share/warebotsim
[1.381s] creating /home/yektapanj/WareBotSim/install/warebotsim/share/warebotsim/meshes
[1.381s] copying urdf/meshes/top_plate_collision.stl -> /home/yektapanj/WareBotSim/install/warebotsim/share/warebotsim/meshes
[1.381s] copying urdf/meshes/lift_link.STL -> /home/yektapanj/WareBotSim/install/warebotsim/share/warebotsim/meshes
[1.381s] copying urdf/meshes/novatel-smart7.stl -> /home/yektapanj/WareBotSim/install/warebotsim/share/warebotsim/meshes
[1.381s] copying urdf/meshes/internal_link.STL -> /home/yektapanj/WareBotSim/install/warebotsim/share/warebotsim/meshes
[1.381s] copying urdf/meshes/camera-beam.stl -> /home/yektapanj/WareBotSim/install/warebotsim/share/warebotsim/meshes
[1.382s] copying urdf/meshes/wheel_right_link.STL -> /home/yektapanj/WareBotSim/install/warebotsim/share/warebotsim/meshes
[1.382s] copying urdf/meshes/ark_enclosure.stl -> /home/yektapanj/WareBotSim/install/warebotsim/share/warebotsim/meshes
[1.383s] copying urdf/meshes/sick-lms1xx-upright-bracket.stl -> /home/yektapanj/WareBotSim/install/warebotsim/share/warebotsim/meshes
[1.383s] copying urdf/meshes/rotacastor_left_link.STL -> /home/yektapanj/WareBotSim/install/warebotsim/share/warebotsim/meshes
[1.383s] copying urdf/meshes/velodyne_tower.stl -> /home/yektapanj/WareBotSim/install/warebotsim/share/warebotsim/meshes
[1.383s] copying urdf/meshes/bridge-plate.stl -> /home/yektapanj/WareBotSim/install/warebotsim/share/warebotsim/meshes
[1.385s] copying urdf/meshes/camera-bracket.stl -> /home/yektapanj/WareBotSim/install/warebotsim/share/warebotsim/meshes
[1.385s] copying urdf/meshes/accessory_fender.stl -> /home/yektapanj/WareBotSim/install/warebotsim/share/warebotsim/meshes
[1.386s] copying urdf/meshes/stereo-camera-bracket.stl -> /home/yektapanj/WareBotSim/install/warebotsim/share/warebotsim/meshes
[1.386s] copying urdf/meshes/wibotic_bumper.stl -> /home/yektapanj/WareBotSim/install/warebotsim/share/warebotsim/meshes
[1.386s] copying urdf/meshes/jackal-wheel.stl -> /home/yektapanj/WareBotSim/install/warebotsim/share/warebotsim/meshes
[1.387s] copying urdf/meshes/sick-lms1xx-inverted-bracket.stl -> /home/yektapanj/WareBotSim/install/warebotsim/share/warebotsim/meshes
[1.387s] copying urdf/meshes/jackal-fender.stl -> /home/yektapanj/WareBotSim/install/warebotsim/share/warebotsim/meshes
[1.387s] copying urdf/meshes/chassis_link.dae -> /home/yektapanj/WareBotSim/install/warebotsim/share/warebotsim/meshes
[1.387s] copying urdf/meshes/stereo-camera-beam.stl -> /home/yektapanj/WareBotSim/install/warebotsim/share/warebotsim/meshes
[1.387s] copying urdf/meshes/kinect_mount.stl -> /home/yektapanj/WareBotSim/install/warebotsim/share/warebotsim/meshes
[1.388s] copying urdf/meshes/chassis_link.STL -> /home/yektapanj/WareBotSim/install/warebotsim/share/warebotsim/meshes
[1.388s] copying urdf/meshes/rotacastor_right_link.STL -> /home/yektapanj/WareBotSim/install/warebotsim/share/warebotsim/meshes
[1.388s] copying urdf/meshes/jackal-base.stl -> /home/yektapanj/WareBotSim/install/warebotsim/share/warebotsim/meshes
[1.389s] copying urdf/meshes/top_plate.stl -> /home/yektapanj/WareBotSim/install/warebotsim/share/warebotsim/meshes
[1.389s] copying urdf/meshes/hokuyo_utm30.stl -> /home/yektapanj/WareBotSim/install/warebotsim/share/warebotsim/meshes
[1.389s] copying urdf/meshes/jackal-fenders.stl -> /home/yektapanj/WareBotSim/install/warebotsim/share/warebotsim/meshes
[1.390s] copying urdf/meshes/novatel-smart6.stl -> /home/yektapanj/WareBotSim/install/warebotsim/share/warebotsim/meshes
[1.390s] copying urdf/meshes/internal_link.dae -> /home/yektapanj/WareBotSim/install/warebotsim/share/warebotsim/meshes
[1.390s] copying urdf/meshes/lift_link.dae -> /home/yektapanj/WareBotSim/install/warebotsim/share/warebotsim/meshes
[1.391s] copying urdf/meshes/extrusion.stl -> /home/yektapanj/WareBotSim/install/warebotsim/share/warebotsim/meshes
[1.391s] copying urdf/meshes/hokuyo_ust10.stl -> /home/yektapanj/WareBotSim/install/warebotsim/share/warebotsim/meshes
[1.391s] copying urdf/meshes/wheel_left_link.STL -> /home/yektapanj/WareBotSim/install/warebotsim/share/warebotsim/meshes
[1.391s] running install_egg_info
[1.412s] Copying ../../build/warebotsim/warebotsim.egg-info to /home/yektapanj/WareBotSim/install/warebotsim/lib/python3.12/site-packages/warebotsim-0.0.0-py3.12.egg-info
[1.414s] running install_scripts
[1.530s] Installing state_publisher script to /home/yektapanj/WareBotSim/install/warebotsim/lib/warebotsim
[1.532s] writing list of installed files to '/home/yektapanj/WareBotSim/build/warebotsim/install.log'
[1.588s] Invoked command in '/home/yektapanj/WareBotSim/src/warebotsim' returned '0': DEBUGINFOD_URLS=https://debuginfod.ubuntu.com PYTHONPATH=/home/yektapanj/WareBotSim/build/warebotsim/prefix_override:/usr/lib/python3/dist-packages/colcon_core/task/python/colcon_distutils_commands:/home/yektapanj/WareBotSim/install/warebotsim/lib/python3.12/site-packages:${PYTHONPATH} /usr/bin/python3 -W ignore:setup.py install is deprecated -W ignore:easy_install command is deprecated setup.py egg_info --egg-base ../../build/warebotsim build --build-base /home/yektapanj/WareBotSim/build/warebotsim/build install --record /home/yektapanj/WareBotSim/build/warebotsim/install.log --single-version-externally-managed install_data
