[  2%] Built target warebotsim_interfaces__rosidl_generator_type_description
[  2%] Built target ament_cmake_python_copy_warebotsim_interfaces
[  4%] Built target warebotsim_interfaces__cpp
[ 22%] Built target warebotsim_interfaces__rosidl_generator_c
[ 31%] Built target warebotsim_interfaces__rosidl_typesupport_fastrtps_c
[ 40%] Built target warebotsim_interfaces__rosidl_typesupport_cpp
[ 50%] Built target warebotsim_interfaces__rosidl_typesupport_introspection_c
[ 59%] Built target warebotsim_interfaces__rosidl_typesupport_fastrtps_cpp
[ 68%] Built target warebotsim_interfaces__rosidl_typesupport_c
[ 77%] Built target warebotsim_interfaces__rosidl_typesupport_introspection_cpp
[ 77%] Built target warebotsim_interfaces
[ 79%] Built target warebotsim_interfaces__py
[ 86%] Built target warebotsim_interfaces__rosidl_generator_py
running egg_info
[ 90%] Built target warebotsim_interfaces_s__rosidl_typesupport_c
writing warebotsim_interfaces.egg-info/PKG-INFO
writing dependency_links to warebotsim_interfaces.egg-info/dependency_links.txt
writing top-level names to warebotsim_interfaces.egg-info/top_level.txt
[ 95%] Built target warebotsim_interfaces_s__rosidl_typesupport_fastrtps_c
[100%] Built target warebotsim_interfaces_s__rosidl_typesupport_introspection_c
reading manifest file 'warebotsim_interfaces.egg-info/SOURCES.txt'
writing manifest file 'warebotsim_interfaces.egg-info/SOURCES.txt'
[100%] Built target ament_cmake_python_build_warebotsim_interfaces_egg
-- Install configuration: ""
-- Up-to-date: /home/yektapanj/WareBotSim/install/warebotsim_interfaces/share/ament_index/resource_index/rosidl_interfaces/warebotsim_interfaces
-- Up-to-date: /home/yektapanj/WareBotSim/install/warebotsim_interfaces/share/warebotsim_interfaces/srv/CreateOrder.json
-- Up-to-date: /home/yektapanj/WareBotSim/install/warebotsim_interfaces/share/warebotsim_interfaces/action/FulfillOrder.json
-- Up-to-date: /home/yektapanj/WareBotSim/install/warebotsim_interfaces/include/warebotsim_interfaces/warebotsim_interfaces
-- Up-to-date: /home/yektapanj/WareBotSim/install/warebotsim_interfaces/include/warebotsim_interfaces/warebotsim_interfaces/srv
-- Up-to-date: /home/yektapanj/WareBotSim/install/warebotsim_interfaces/include/warebotsim_interfaces/warebotsim_interfaces/srv/detail
-- Installing: /home/yektapanj/WareBotSim/install/warebotsim_interfaces/include/warebotsim_interfaces/warebotsim_interfaces/srv/detail/create_order__type_support.c
-- Up-to-date: /home/yektapanj/WareBotSim/install/warebotsim_interfaces/include/warebotsim_interfaces/warebotsim_interfaces/srv/detail/create_order__type_support.h
-- Up-to-date: /home/yektapanj/WareBotSim/install/warebotsim_interfaces/include/warebotsim_interfaces/warebotsim_interfaces/srv/detail/create_order__functions.c
-- Up-to-date: /home/yektapanj/WareBotSim/install/warebotsim_interfaces/include/warebotsim_interfaces/warebotsim_interfaces/srv/detail/create_order__struct.h
-- Up-to-date: /home/yektapanj/WareBotSim/install/warebotsim_interfaces/include/warebotsim_interfaces/warebotsim_interfaces/srv/detail/create_order__description.c
-- Up-to-date: /home/yektapanj/WareBotSim/install/warebotsim_interfaces/include/warebotsim_interfaces/warebotsim_interfaces/srv/detail/create_order__functions.h
-- Up-to-date: /home/yektapanj/WareBotSim/install/warebotsim_interfaces/include/warebotsim_interfaces/warebotsim_interfaces/srv/create_order.h
-- Up-to-date: /home/yektapanj/WareBotSim/install/warebotsim_interfaces/include/warebotsim_interfaces/warebotsim_interfaces/msg
-- Up-to-date: /home/yektapanj/WareBotSim/install/warebotsim_interfaces/include/warebotsim_interfaces/warebotsim_interfaces/msg/rosidl_generator_c__visibility_control.h
-- Up-to-date: /home/yektapanj/WareBotSim/install/warebotsim_interfaces/include/warebotsim_interfaces/warebotsim_interfaces/action
-- Up-to-date: /home/yektapanj/WareBotSim/install/warebotsim_interfaces/include/warebotsim_interfaces/warebotsim_interfaces/action/detail
-- Up-to-date: /home/yektapanj/WareBotSim/install/warebotsim_interfaces/include/warebotsim_interfaces/warebotsim_interfaces/action/detail/fulfill_order__type_support.h
-- Installing: /home/yektapanj/WareBotSim/install/warebotsim_interfaces/include/warebotsim_interfaces/warebotsim_interfaces/action/detail/fulfill_order__type_support.c
-- Up-to-date: /home/yektapanj/WareBotSim/install/warebotsim_interfaces/include/warebotsim_interfaces/warebotsim_interfaces/action/detail/fulfill_order__functions.c
-- Up-to-date: /home/yektapanj/WareBotSim/install/warebotsim_interfaces/include/warebotsim_interfaces/warebotsim_interfaces/action/detail/fulfill_order__struct.h
-- Up-to-date: /home/yektapanj/WareBotSim/install/warebotsim_interfaces/include/warebotsim_interfaces/warebotsim_interfaces/action/detail/fulfill_order__description.c
-- Up-to-date: /home/yektapanj/WareBotSim/install/warebotsim_interfaces/include/warebotsim_interfaces/warebotsim_interfaces/action/detail/fulfill_order__functions.h
-- Up-to-date: /home/yektapanj/WareBotSim/install/warebotsim_interfaces/include/warebotsim_interfaces/warebotsim_interfaces/action/fulfill_order.h
-- Up-to-date: /home/yektapanj/WareBotSim/install/warebotsim_interfaces/share/warebotsim_interfaces/environment/library_path.sh
-- Up-to-date: /home/yektapanj/WareBotSim/install/warebotsim_interfaces/share/warebotsim_interfaces/environment/library_path.dsv
-- Up-to-date: /home/yektapanj/WareBotSim/install/warebotsim_interfaces/lib/libwarebotsim_interfaces__rosidl_generator_c.so
-- Up-to-date: /home/yektapanj/WareBotSim/install/warebotsim_interfaces/include/warebotsim_interfaces/warebotsim_interfaces
-- Up-to-date: /home/yektapanj/WareBotSim/install/warebotsim_interfaces/include/warebotsim_interfaces/warebotsim_interfaces/srv
-- Up-to-date: /home/yektapanj/WareBotSim/install/warebotsim_interfaces/include/warebotsim_interfaces/warebotsim_interfaces/srv/detail
-- Up-to-date: /home/yektapanj/WareBotSim/install/warebotsim_interfaces/include/warebotsim_interfaces/warebotsim_interfaces/srv/detail/create_order__rosidl_typesupport_fastrtps_c.h
-- Up-to-date: /home/yektapanj/WareBotSim/install/warebotsim_interfaces/include/warebotsim_interfaces/warebotsim_interfaces/msg
-- Up-to-date: /home/yektapanj/WareBotSim/install/warebotsim_interfaces/include/warebotsim_interfaces/warebotsim_interfaces/msg/rosidl_typesupport_fastrtps_c__visibility_control.h
-- Up-to-date: /home/yektapanj/WareBotSim/install/warebotsim_interfaces/include/warebotsim_interfaces/warebotsim_interfaces/action
-- Up-to-date: /home/yektapanj/WareBotSim/install/warebotsim_interfaces/include/warebotsim_interfaces/warebotsim_interfaces/action/detail
-- Up-to-date: /home/yektapanj/WareBotSim/install/warebotsim_interfaces/include/warebotsim_interfaces/warebotsim_interfaces/action/detail/fulfill_order__rosidl_typesupport_fastrtps_c.h
-- Up-to-date: /home/yektapanj/WareBotSim/install/warebotsim_interfaces/lib/libwarebotsim_interfaces__rosidl_typesupport_fastrtps_c.so
-- Up-to-date: /home/yektapanj/WareBotSim/install/warebotsim_interfaces/include/warebotsim_interfaces/warebotsim_interfaces
-- Up-to-date: /home/yektapanj/WareBotSim/install/warebotsim_interfaces/include/warebotsim_interfaces/warebotsim_interfaces/srv
-- Up-to-date: /home/yektapanj/WareBotSim/install/warebotsim_interfaces/include/warebotsim_interfaces/warebotsim_interfaces/srv/detail
-- Installing: /home/yektapanj/WareBotSim/install/warebotsim_interfaces/include/warebotsim_interfaces/warebotsim_interfaces/srv/detail/create_order__type_support.c
-- Up-to-date: /home/yektapanj/WareBotSim/install/warebotsim_interfaces/include/warebotsim_interfaces/warebotsim_interfaces/srv/detail/create_order__rosidl_typesupport_introspection_c.h
-- Up-to-date: /home/yektapanj/WareBotSim/install/warebotsim_interfaces/include/warebotsim_interfaces/warebotsim_interfaces/msg
-- Up-to-date: /home/yektapanj/WareBotSim/install/warebotsim_interfaces/include/warebotsim_interfaces/warebotsim_interfaces/msg/rosidl_typesupport_introspection_c__visibility_control.h
-- Up-to-date: /home/yektapanj/WareBotSim/install/warebotsim_interfaces/include/warebotsim_interfaces/warebotsim_interfaces/action
-- Up-to-date: /home/yektapanj/WareBotSim/install/warebotsim_interfaces/include/warebotsim_interfaces/warebotsim_interfaces/action/detail
-- Installing: /home/yektapanj/WareBotSim/install/warebotsim_interfaces/include/warebotsim_interfaces/warebotsim_interfaces/action/detail/fulfill_order__type_support.c
-- Up-to-date: /home/yektapanj/WareBotSim/install/warebotsim_interfaces/include/warebotsim_interfaces/warebotsim_interfaces/action/detail/fulfill_order__rosidl_typesupport_introspection_c.h
-- Up-to-date: /home/yektapanj/WareBotSim/install/warebotsim_interfaces/lib/libwarebotsim_interfaces__rosidl_typesupport_introspection_c.so
-- Up-to-date: /home/yektapanj/WareBotSim/install/warebotsim_interfaces/lib/libwarebotsim_interfaces__rosidl_typesupport_c.so
-- Up-to-date: /home/yektapanj/WareBotSim/install/warebotsim_interfaces/include/warebotsim_interfaces/warebotsim_interfaces
-- Up-to-date: /home/yektapanj/WareBotSim/install/warebotsim_interfaces/include/warebotsim_interfaces/warebotsim_interfaces/srv
-- Up-to-date: /home/yektapanj/WareBotSim/install/warebotsim_interfaces/include/warebotsim_interfaces/warebotsim_interfaces/srv/detail
-- Up-to-date: /home/yektapanj/WareBotSim/install/warebotsim_interfaces/include/warebotsim_interfaces/warebotsim_interfaces/srv/detail/create_order__type_support.hpp
-- Up-to-date: /home/yektapanj/WareBotSim/install/warebotsim_interfaces/include/warebotsim_interfaces/warebotsim_interfaces/srv/detail/create_order__traits.hpp
-- Up-to-date: /home/yektapanj/WareBotSim/install/warebotsim_interfaces/include/warebotsim_interfaces/warebotsim_interfaces/srv/detail/create_order__struct.hpp
-- Up-to-date: /home/yektapanj/WareBotSim/install/warebotsim_interfaces/include/warebotsim_interfaces/warebotsim_interfaces/srv/detail/create_order__builder.hpp
-- Up-to-date: /home/yektapanj/WareBotSim/install/warebotsim_interfaces/include/warebotsim_interfaces/warebotsim_interfaces/srv/create_order.hpp
-- Up-to-date: /home/yektapanj/WareBotSim/install/warebotsim_interfaces/include/warebotsim_interfaces/warebotsim_interfaces/msg
-- Up-to-date: /home/yektapanj/WareBotSim/install/warebotsim_interfaces/include/warebotsim_interfaces/warebotsim_interfaces/msg/rosidl_generator_cpp__visibility_control.hpp
-- Up-to-date: /home/yektapanj/WareBotSim/install/warebotsim_interfaces/include/warebotsim_interfaces/warebotsim_interfaces/action
-- Up-to-date: /home/yektapanj/WareBotSim/install/warebotsim_interfaces/include/warebotsim_interfaces/warebotsim_interfaces/action/fulfill_order.hpp
-- Up-to-date: /home/yektapanj/WareBotSim/install/warebotsim_interfaces/include/warebotsim_interfaces/warebotsim_interfaces/action/detail
-- Up-to-date: /home/yektapanj/WareBotSim/install/warebotsim_interfaces/include/warebotsim_interfaces/warebotsim_interfaces/action/detail/fulfill_order__struct.hpp
-- Up-to-date: /home/yektapanj/WareBotSim/install/warebotsim_interfaces/include/warebotsim_interfaces/warebotsim_interfaces/action/detail/fulfill_order__type_support.hpp
-- Up-to-date: /home/yektapanj/WareBotSim/install/warebotsim_interfaces/include/warebotsim_interfaces/warebotsim_interfaces/action/detail/fulfill_order__traits.hpp
-- Up-to-date: /home/yektapanj/WareBotSim/install/warebotsim_interfaces/include/warebotsim_interfaces/warebotsim_interfaces/action/detail/fulfill_order__builder.hpp
-- Up-to-date: /home/yektapanj/WareBotSim/install/warebotsim_interfaces/include/warebotsim_interfaces/warebotsim_interfaces
-- Up-to-date: /home/yektapanj/WareBotSim/install/warebotsim_interfaces/include/warebotsim_interfaces/warebotsim_interfaces/srv
-- Up-to-date: /home/yektapanj/WareBotSim/install/warebotsim_interfaces/include/warebotsim_interfaces/warebotsim_interfaces/srv/detail
-- Up-to-date: /home/yektapanj/WareBotSim/install/warebotsim_interfaces/include/warebotsim_interfaces/warebotsim_interfaces/srv/detail/dds_fastrtps
-- Up-to-date: /home/yektapanj/WareBotSim/install/warebotsim_interfaces/include/warebotsim_interfaces/warebotsim_interfaces/srv/detail/create_order__rosidl_typesupport_fastrtps_cpp.hpp
-- Up-to-date: /home/yektapanj/WareBotSim/install/warebotsim_interfaces/include/warebotsim_interfaces/warebotsim_interfaces/msg
-- Up-to-date: /home/yektapanj/WareBotSim/install/warebotsim_interfaces/include/warebotsim_interfaces/warebotsim_interfaces/msg/rosidl_typesupport_fastrtps_cpp__visibility_control.h
-- Up-to-date: /home/yektapanj/WareBotSim/install/warebotsim_interfaces/include/warebotsim_interfaces/warebotsim_interfaces/action
-- Up-to-date: /home/yektapanj/WareBotSim/install/warebotsim_interfaces/include/warebotsim_interfaces/warebotsim_interfaces/action/detail
-- Up-to-date: /home/yektapanj/WareBotSim/install/warebotsim_interfaces/include/warebotsim_interfaces/warebotsim_interfaces/action/detail/dds_fastrtps
-- Up-to-date: /home/yektapanj/WareBotSim/install/warebotsim_interfaces/include/warebotsim_interfaces/warebotsim_interfaces/action/detail/fulfill_order__rosidl_typesupport_fastrtps_cpp.hpp
-- Up-to-date: /home/yektapanj/WareBotSim/install/warebotsim_interfaces/lib/libwarebotsim_interfaces__rosidl_typesupport_fastrtps_cpp.so
-- Up-to-date: /home/yektapanj/WareBotSim/install/warebotsim_interfaces/include/warebotsim_interfaces/warebotsim_interfaces
-- Up-to-date: /home/yektapanj/WareBotSim/install/warebotsim_interfaces/include/warebotsim_interfaces/warebotsim_interfaces/srv
-- Up-to-date: /home/yektapanj/WareBotSim/install/warebotsim_interfaces/include/warebotsim_interfaces/warebotsim_interfaces/srv/detail
-- Up-to-date: /home/yektapanj/WareBotSim/install/warebotsim_interfaces/include/warebotsim_interfaces/warebotsim_interfaces/srv/detail/create_order__type_support.cpp
-- Up-to-date: /home/yektapanj/WareBotSim/install/warebotsim_interfaces/include/warebotsim_interfaces/warebotsim_interfaces/srv/detail/create_order__rosidl_typesupport_introspection_cpp.hpp
-- Up-to-date: /home/yektapanj/WareBotSim/install/warebotsim_interfaces/include/warebotsim_interfaces/warebotsim_interfaces/action
-- Up-to-date: /home/yektapanj/WareBotSim/install/warebotsim_interfaces/include/warebotsim_interfaces/warebotsim_interfaces/action/detail
-- Up-to-date: /home/yektapanj/WareBotSim/install/warebotsim_interfaces/include/warebotsim_interfaces/warebotsim_interfaces/action/detail/fulfill_order__type_support.cpp
-- Up-to-date: /home/yektapanj/WareBotSim/install/warebotsim_interfaces/include/warebotsim_interfaces/warebotsim_interfaces/action/detail/fulfill_order__rosidl_typesupport_introspection_cpp.hpp
-- Up-to-date: /home/yektapanj/WareBotSim/install/warebotsim_interfaces/lib/libwarebotsim_interfaces__rosidl_typesupport_introspection_cpp.so
-- Up-to-date: /home/yektapanj/WareBotSim/install/warebotsim_interfaces/lib/libwarebotsim_interfaces__rosidl_typesupport_cpp.so
-- Up-to-date: /home/yektapanj/WareBotSim/install/warebotsim_interfaces/share/warebotsim_interfaces/environment/pythonpath.sh
-- Up-to-date: /home/yektapanj/WareBotSim/install/warebotsim_interfaces/share/warebotsim_interfaces/environment/pythonpath.dsv
-- Up-to-date: /home/yektapanj/WareBotSim/install/warebotsim_interfaces/lib/python3.12/site-packages/warebotsim_interfaces-0.0.0-py3.12.egg-info
-- Installing: /home/yektapanj/WareBotSim/install/warebotsim_interfaces/lib/python3.12/site-packages/warebotsim_interfaces-0.0.0-py3.12.egg-info/PKG-INFO
-- Installing: /home/yektapanj/WareBotSim/install/warebotsim_interfaces/lib/python3.12/site-packages/warebotsim_interfaces-0.0.0-py3.12.egg-info/top_level.txt
-- Installing: /home/yektapanj/WareBotSim/install/warebotsim_interfaces/lib/python3.12/site-packages/warebotsim_interfaces-0.0.0-py3.12.egg-info/SOURCES.txt
-- Installing: /home/yektapanj/WareBotSim/install/warebotsim_interfaces/lib/python3.12/site-packages/warebotsim_interfaces-0.0.0-py3.12.egg-info/dependency_links.txt
-- Up-to-date: /home/yektapanj/WareBotSim/install/warebotsim_interfaces/lib/python3.12/site-packages/warebotsim_interfaces
-- Up-to-date: /home/yektapanj/WareBotSim/install/warebotsim_interfaces/lib/python3.12/site-packages/warebotsim_interfaces/_warebotsim_interfaces_s.ep.rosidl_typesupport_c.c
-- Up-to-date: /home/yektapanj/WareBotSim/install/warebotsim_interfaces/lib/python3.12/site-packages/warebotsim_interfaces/__init__.py
-- Up-to-date: /home/yektapanj/WareBotSim/install/warebotsim_interfaces/lib/python3.12/site-packages/warebotsim_interfaces/srv
-- Up-to-date: /home/yektapanj/WareBotSim/install/warebotsim_interfaces/lib/python3.12/site-packages/warebotsim_interfaces/srv/__init__.py
-- Up-to-date: /home/yektapanj/WareBotSim/install/warebotsim_interfaces/lib/python3.12/site-packages/warebotsim_interfaces/srv/_create_order_s.c
-- Up-to-date: /home/yektapanj/WareBotSim/install/warebotsim_interfaces/lib/python3.12/site-packages/warebotsim_interfaces/srv/_create_order.py
-- Up-to-date: /home/yektapanj/WareBotSim/install/warebotsim_interfaces/lib/python3.12/site-packages/warebotsim_interfaces/_warebotsim_interfaces_s.ep.rosidl_typesupport_introspection_c.c
-- Up-to-date: /home/yektapanj/WareBotSim/install/warebotsim_interfaces/lib/python3.12/site-packages/warebotsim_interfaces/warebotsim_interfaces_s__rosidl_typesupport_fastrtps_c.so
-- Up-to-date: /home/yektapanj/WareBotSim/install/warebotsim_interfaces/lib/python3.12/site-packages/warebotsim_interfaces/action
-- Up-to-date: /home/yektapanj/WareBotSim/install/warebotsim_interfaces/lib/python3.12/site-packages/warebotsim_interfaces/action/_fulfill_order.py
-- Up-to-date: /home/yektapanj/WareBotSim/install/warebotsim_interfaces/lib/python3.12/site-packages/warebotsim_interfaces/action/__init__.py
-- Up-to-date: /home/yektapanj/WareBotSim/install/warebotsim_interfaces/lib/python3.12/site-packages/warebotsim_interfaces/action/_fulfill_order_s.c
-- Up-to-date: /home/yektapanj/WareBotSim/install/warebotsim_interfaces/lib/python3.12/site-packages/warebotsim_interfaces/_warebotsim_interfaces_s.ep.rosidl_typesupport_fastrtps_c.c
-- Up-to-date: /home/yektapanj/WareBotSim/install/warebotsim_interfaces/lib/python3.12/site-packages/warebotsim_interfaces/warebotsim_interfaces_s__rosidl_typesupport_c.so
-- Up-to-date: /home/yektapanj/WareBotSim/install/warebotsim_interfaces/lib/python3.12/site-packages/warebotsim_interfaces/warebotsim_interfaces_s__rosidl_typesupport_introspection_c.so
Listing '/home/yektapanj/WareBotSim/install/warebotsim_interfaces/lib/python3.12/site-packages/warebotsim_interfaces'...
Listing '/home/yektapanj/WareBotSim/install/warebotsim_interfaces/lib/python3.12/site-packages/warebotsim_interfaces/action'...
Listing '/home/yektapanj/WareBotSim/install/warebotsim_interfaces/lib/python3.12/site-packages/warebotsim_interfaces/srv'...
-- Up-to-date: /home/yektapanj/WareBotSim/install/warebotsim_interfaces/lib/python3.12/site-packages/warebotsim_interfaces/warebotsim_interfaces_s__rosidl_typesupport_fastrtps_c.so
-- Up-to-date: /home/yektapanj/WareBotSim/install/warebotsim_interfaces/lib/python3.12/site-packages/warebotsim_interfaces/warebotsim_interfaces_s__rosidl_typesupport_introspection_c.so
-- Up-to-date: /home/yektapanj/WareBotSim/install/warebotsim_interfaces/lib/python3.12/site-packages/warebotsim_interfaces/warebotsim_interfaces_s__rosidl_typesupport_c.so
-- Up-to-date: /home/yektapanj/WareBotSim/install/warebotsim_interfaces/lib/libwarebotsim_interfaces__rosidl_generator_py.so
-- Up-to-date: /home/yektapanj/WareBotSim/install/warebotsim_interfaces/share/warebotsim_interfaces/srv/CreateOrder.idl
-- Up-to-date: /home/yektapanj/WareBotSim/install/warebotsim_interfaces/share/warebotsim_interfaces/action/FulfillOrder.idl
-- Up-to-date: /home/yektapanj/WareBotSim/install/warebotsim_interfaces/share/warebotsim_interfaces/srv/CreateOrder.srv
-- Up-to-date: /home/yektapanj/WareBotSim/install/warebotsim_interfaces/share/warebotsim_interfaces/action/FulfillOrder.action
-- Up-to-date: /home/yektapanj/WareBotSim/install/warebotsim_interfaces/share/ament_index/resource_index/package_run_dependencies/warebotsim_interfaces
-- Up-to-date: /home/yektapanj/WareBotSim/install/warebotsim_interfaces/share/ament_index/resource_index/parent_prefix_path/warebotsim_interfaces
-- Up-to-date: /home/yektapanj/WareBotSim/install/warebotsim_interfaces/share/warebotsim_interfaces/environment/ament_prefix_path.sh
-- Up-to-date: /home/yektapanj/WareBotSim/install/warebotsim_interfaces/share/warebotsim_interfaces/environment/ament_prefix_path.dsv
-- Up-to-date: /home/yektapanj/WareBotSim/install/warebotsim_interfaces/share/warebotsim_interfaces/environment/path.sh
-- Up-to-date: /home/yektapanj/WareBotSim/install/warebotsim_interfaces/share/warebotsim_interfaces/environment/path.dsv
-- Up-to-date: /home/yektapanj/WareBotSim/install/warebotsim_interfaces/share/warebotsim_interfaces/local_setup.bash
-- Up-to-date: /home/yektapanj/WareBotSim/install/warebotsim_interfaces/share/warebotsim_interfaces/local_setup.sh
-- Up-to-date: /home/yektapanj/WareBotSim/install/warebotsim_interfaces/share/warebotsim_interfaces/local_setup.zsh
-- Up-to-date: /home/yektapanj/WareBotSim/install/warebotsim_interfaces/share/warebotsim_interfaces/local_setup.dsv
-- Installing: /home/yektapanj/WareBotSim/install/warebotsim_interfaces/share/warebotsim_interfaces/package.dsv
-- Up-to-date: /home/yektapanj/WareBotSim/install/warebotsim_interfaces/share/ament_index/resource_index/packages/warebotsim_interfaces
-- Up-to-date: /home/yektapanj/WareBotSim/install/warebotsim_interfaces/share/warebotsim_interfaces/cmake/export_warebotsim_interfaces__rosidl_generator_cExport.cmake
-- Up-to-date: /home/yektapanj/WareBotSim/install/warebotsim_interfaces/share/warebotsim_interfaces/cmake/export_warebotsim_interfaces__rosidl_generator_cExport-noconfig.cmake
-- Up-to-date: /home/yektapanj/WareBotSim/install/warebotsim_interfaces/share/warebotsim_interfaces/cmake/export_warebotsim_interfaces__rosidl_typesupport_fastrtps_cExport.cmake
-- Up-to-date: /home/yektapanj/WareBotSim/install/warebotsim_interfaces/share/warebotsim_interfaces/cmake/export_warebotsim_interfaces__rosidl_typesupport_fastrtps_cExport-noconfig.cmake
-- Up-to-date: /home/yektapanj/WareBotSim/install/warebotsim_interfaces/share/warebotsim_interfaces/cmake/warebotsim_interfaces__rosidl_typesupport_introspection_cExport.cmake
-- Up-to-date: /home/yektapanj/WareBotSim/install/warebotsim_interfaces/share/warebotsim_interfaces/cmake/warebotsim_interfaces__rosidl_typesupport_introspection_cExport-noconfig.cmake
-- Up-to-date: /home/yektapanj/WareBotSim/install/warebotsim_interfaces/share/warebotsim_interfaces/cmake/warebotsim_interfaces__rosidl_typesupport_cExport.cmake
-- Up-to-date: /home/yektapanj/WareBotSim/install/warebotsim_interfaces/share/warebotsim_interfaces/cmake/warebotsim_interfaces__rosidl_typesupport_cExport-noconfig.cmake
-- Up-to-date: /home/yektapanj/WareBotSim/install/warebotsim_interfaces/share/warebotsim_interfaces/cmake/export_warebotsim_interfaces__rosidl_generator_cppExport.cmake
-- Up-to-date: /home/yektapanj/WareBotSim/install/warebotsim_interfaces/share/warebotsim_interfaces/cmake/export_warebotsim_interfaces__rosidl_typesupport_fastrtps_cppExport.cmake
-- Up-to-date: /home/yektapanj/WareBotSim/install/warebotsim_interfaces/share/warebotsim_interfaces/cmake/export_warebotsim_interfaces__rosidl_typesupport_fastrtps_cppExport-noconfig.cmake
-- Up-to-date: /home/yektapanj/WareBotSim/install/warebotsim_interfaces/share/warebotsim_interfaces/cmake/warebotsim_interfaces__rosidl_typesupport_introspection_cppExport.cmake
-- Up-to-date: /home/yektapanj/WareBotSim/install/warebotsim_interfaces/share/warebotsim_interfaces/cmake/warebotsim_interfaces__rosidl_typesupport_introspection_cppExport-noconfig.cmake
-- Up-to-date: /home/yektapanj/WareBotSim/install/warebotsim_interfaces/share/warebotsim_interfaces/cmake/warebotsim_interfaces__rosidl_typesupport_cppExport.cmake
-- Up-to-date: /home/yektapanj/WareBotSim/install/warebotsim_interfaces/share/warebotsim_interfaces/cmake/warebotsim_interfaces__rosidl_typesupport_cppExport-noconfig.cmake
-- Up-to-date: /home/yektapanj/WareBotSim/install/warebotsim_interfaces/share/warebotsim_interfaces/cmake/export_warebotsim_interfaces__rosidl_generator_pyExport.cmake
-- Up-to-date: /home/yektapanj/WareBotSim/install/warebotsim_interfaces/share/warebotsim_interfaces/cmake/export_warebotsim_interfaces__rosidl_generator_pyExport-noconfig.cmake
-- Up-to-date: /home/yektapanj/WareBotSim/install/warebotsim_interfaces/share/warebotsim_interfaces/cmake/rosidl_cmake-extras.cmake
-- Up-to-date: /home/yektapanj/WareBotSim/install/warebotsim_interfaces/share/warebotsim_interfaces/cmake/ament_cmake_export_dependencies-extras.cmake
-- Up-to-date: /home/yektapanj/WareBotSim/install/warebotsim_interfaces/share/warebotsim_interfaces/cmake/ament_cmake_export_include_directories-extras.cmake
-- Up-to-date: /home/yektapanj/WareBotSim/install/warebotsim_interfaces/share/warebotsim_interfaces/cmake/ament_cmake_export_libraries-extras.cmake
-- Up-to-date: /home/yektapanj/WareBotSim/install/warebotsim_interfaces/share/warebotsim_interfaces/cmake/ament_cmake_export_targets-extras.cmake
-- Up-to-date: /home/yektapanj/WareBotSim/install/warebotsim_interfaces/share/warebotsim_interfaces/cmake/rosidl_cmake_export_typesupport_targets-extras.cmake
-- Up-to-date: /home/yektapanj/WareBotSim/install/warebotsim_interfaces/share/warebotsim_interfaces/cmake/rosidl_cmake_export_typesupport_libraries-extras.cmake
-- Up-to-date: /home/yektapanj/WareBotSim/install/warebotsim_interfaces/share/warebotsim_interfaces/cmake/warebotsim_interfacesConfig.cmake
-- Up-to-date: /home/yektapanj/WareBotSim/install/warebotsim_interfaces/share/warebotsim_interfaces/cmake/warebotsim_interfacesConfig-version.cmake
-- Up-to-date: /home/yektapanj/WareBotSim/install/warebotsim_interfaces/share/warebotsim_interfaces/package.xml
