[0.024s] Invoking command in '/home/yektapanj/WareBotSim/build/warebotsim_interfaces': CMAKE_PREFIX_PATH=${CMAKE_PREFIX_PATH}:/home/yektapanj/WareBotSim/install/warebotsim:/opt/ros/kilted DEBUGINFOD_URLS=https://debuginfod.ubuntu.com /usr/bin/cmake --build /home/yektapanj/WareBotSim/build/warebotsim_interfaces -- -j6 -l6
[0.153s] [  2%] Built target warebotsim_interfaces__rosidl_generator_type_description
[0.174s] [  2%] Built target ament_cmake_python_copy_warebotsim_interfaces
[0.202s] [  4%] Built target warebotsim_interfaces__cpp
[0.208s] [ 22%] Built target warebotsim_interfaces__rosidl_generator_c
[0.283s] [ 31%] Built target warebotsim_interfaces__rosidl_typesupport_fastrtps_c
[0.285s] [ 40%] Built target warebotsim_interfaces__rosidl_typesupport_cpp
[0.293s] [ 50%] Built target warebotsim_interfaces__rosidl_typesupport_introspection_c
[0.307s] [ 59%] Built target warebotsim_interfaces__rosidl_typesupport_fastrtps_cpp
[0.309s] [ 68%] Built target warebotsim_interfaces__rosidl_typesupport_c
[0.329s] [ 77%] Built target warebotsim_interfaces__rosidl_typesupport_introspection_cpp
[0.373s] [ 77%] Built target warebotsim_interfaces
[0.421s] [ 79%] Built target warebotsim_interfaces__py
[0.481s] [ 86%] Built target warebotsim_interfaces__rosidl_generator_py
[0.532s] running egg_info
[0.544s] [ 90%] Built target warebotsim_interfaces_s__rosidl_typesupport_c
[0.545s] writing warebotsim_interfaces.egg-info/PKG-INFO
[0.546s] writing dependency_links to warebotsim_interfaces.egg-info/dependency_links.txt
[0.546s] writing top-level names to warebotsim_interfaces.egg-info/top_level.txt
[0.565s] [ 95%] Built target warebotsim_interfaces_s__rosidl_typesupport_fastrtps_c
[0.571s] [100%] Built target warebotsim_interfaces_s__rosidl_typesupport_introspection_c
[0.609s] reading manifest file 'warebotsim_interfaces.egg-info/SOURCES.txt'
[0.610s] writing manifest file 'warebotsim_interfaces.egg-info/SOURCES.txt'
[0.657s] [100%] Built target ament_cmake_python_build_warebotsim_interfaces_egg
[0.696s] Invoked command in '/home/yektapanj/WareBotSim/build/warebotsim_interfaces' returned '0': CMAKE_PREFIX_PATH=${CMAKE_PREFIX_PATH}:/home/yektapanj/WareBotSim/install/warebotsim:/opt/ros/kilted DEBUGINFOD_URLS=https://debuginfod.ubuntu.com /usr/bin/cmake --build /home/yektapanj/WareBotSim/build/warebotsim_interfaces -- -j6 -l6
[0.717s] Invoking command in '/home/yektapanj/WareBotSim/build/warebotsim_interfaces': CMAKE_PREFIX_PATH=${CMAKE_PREFIX_PATH}:/home/yektapanj/WareBotSim/install/warebotsim:/opt/ros/kilted DEBUGINFOD_URLS=https://debuginfod.ubuntu.com /usr/bin/cmake --install /home/yektapanj/WareBotSim/build/warebotsim_interfaces
[0.734s] -- Install configuration: ""
[0.734s] -- Up-to-date: /home/yektapanj/WareBotSim/install/warebotsim_interfaces/share/ament_index/resource_index/rosidl_interfaces/warebotsim_interfaces
[0.735s] -- Up-to-date: /home/yektapanj/WareBotSim/install/warebotsim_interfaces/share/warebotsim_interfaces/srv/CreateOrder.json
[0.735s] -- Up-to-date: /home/yektapanj/WareBotSim/install/warebotsim_interfaces/share/warebotsim_interfaces/action/FulfillOrder.json
[0.735s] -- Up-to-date: /home/yektapanj/WareBotSim/install/warebotsim_interfaces/include/warebotsim_interfaces/warebotsim_interfaces
[0.736s] -- Up-to-date: /home/yektapanj/WareBotSim/install/warebotsim_interfaces/include/warebotsim_interfaces/warebotsim_interfaces/srv
[0.736s] -- Up-to-date: /home/yektapanj/WareBotSim/install/warebotsim_interfaces/include/warebotsim_interfaces/warebotsim_interfaces/srv/detail
[0.736s] -- Installing: /home/yektapanj/WareBotSim/install/warebotsim_interfaces/include/warebotsim_interfaces/warebotsim_interfaces/srv/detail/create_order__type_support.c
[0.736s] -- Up-to-date: /home/yektapanj/WareBotSim/install/warebotsim_interfaces/include/warebotsim_interfaces/warebotsim_interfaces/srv/detail/create_order__type_support.h
[0.736s] -- Up-to-date: /home/yektapanj/WareBotSim/install/warebotsim_interfaces/include/warebotsim_interfaces/warebotsim_interfaces/srv/detail/create_order__functions.c
[0.736s] -- Up-to-date: /home/yektapanj/WareBotSim/install/warebotsim_interfaces/include/warebotsim_interfaces/warebotsim_interfaces/srv/detail/create_order__struct.h
[0.736s] -- Up-to-date: /home/yektapanj/WareBotSim/install/warebotsim_interfaces/include/warebotsim_interfaces/warebotsim_interfaces/srv/detail/create_order__description.c
[0.736s] -- Up-to-date: /home/yektapanj/WareBotSim/install/warebotsim_interfaces/include/warebotsim_interfaces/warebotsim_interfaces/srv/detail/create_order__functions.h
[0.736s] -- Up-to-date: /home/yektapanj/WareBotSim/install/warebotsim_interfaces/include/warebotsim_interfaces/warebotsim_interfaces/srv/create_order.h
[0.736s] -- Up-to-date: /home/yektapanj/WareBotSim/install/warebotsim_interfaces/include/warebotsim_interfaces/warebotsim_interfaces/msg
[0.736s] -- Up-to-date: /home/yektapanj/WareBotSim/install/warebotsim_interfaces/include/warebotsim_interfaces/warebotsim_interfaces/msg/rosidl_generator_c__visibility_control.h
[0.736s] -- Up-to-date: /home/yektapanj/WareBotSim/install/warebotsim_interfaces/include/warebotsim_interfaces/warebotsim_interfaces/action
[0.736s] -- Up-to-date: /home/yektapanj/WareBotSim/install/warebotsim_interfaces/include/warebotsim_interfaces/warebotsim_interfaces/action/detail
[0.736s] -- Up-to-date: /home/yektapanj/WareBotSim/install/warebotsim_interfaces/include/warebotsim_interfaces/warebotsim_interfaces/action/detail/fulfill_order__type_support.h
[0.736s] -- Installing: /home/yektapanj/WareBotSim/install/warebotsim_interfaces/include/warebotsim_interfaces/warebotsim_interfaces/action/detail/fulfill_order__type_support.c
[0.736s] -- Up-to-date: /home/yektapanj/WareBotSim/install/warebotsim_interfaces/include/warebotsim_interfaces/warebotsim_interfaces/action/detail/fulfill_order__functions.c
[0.736s] -- Up-to-date: /home/yektapanj/WareBotSim/install/warebotsim_interfaces/include/warebotsim_interfaces/warebotsim_interfaces/action/detail/fulfill_order__struct.h
[0.736s] -- Up-to-date: /home/yektapanj/WareBotSim/install/warebotsim_interfaces/include/warebotsim_interfaces/warebotsim_interfaces/action/detail/fulfill_order__description.c
[0.736s] -- Up-to-date: /home/yektapanj/WareBotSim/install/warebotsim_interfaces/include/warebotsim_interfaces/warebotsim_interfaces/action/detail/fulfill_order__functions.h
[0.736s] -- Up-to-date: /home/yektapanj/WareBotSim/install/warebotsim_interfaces/include/warebotsim_interfaces/warebotsim_interfaces/action/fulfill_order.h
[0.736s] -- Up-to-date: /home/yektapanj/WareBotSim/install/warebotsim_interfaces/share/warebotsim_interfaces/environment/library_path.sh
[0.737s] -- Up-to-date: /home/yektapanj/WareBotSim/install/warebotsim_interfaces/share/warebotsim_interfaces/environment/library_path.dsv
[0.737s] -- Up-to-date: /home/yektapanj/WareBotSim/install/warebotsim_interfaces/lib/libwarebotsim_interfaces__rosidl_generator_c.so
[0.737s] -- Up-to-date: /home/yektapanj/WareBotSim/install/warebotsim_interfaces/include/warebotsim_interfaces/warebotsim_interfaces
[0.737s] -- Up-to-date: /home/yektapanj/WareBotSim/install/warebotsim_interfaces/include/warebotsim_interfaces/warebotsim_interfaces/srv
[0.737s] -- Up-to-date: /home/yektapanj/WareBotSim/install/warebotsim_interfaces/include/warebotsim_interfaces/warebotsim_interfaces/srv/detail
[0.738s] -- Up-to-date: /home/yektapanj/WareBotSim/install/warebotsim_interfaces/include/warebotsim_interfaces/warebotsim_interfaces/srv/detail/create_order__rosidl_typesupport_fastrtps_c.h
[0.738s] -- Up-to-date: /home/yektapanj/WareBotSim/install/warebotsim_interfaces/include/warebotsim_interfaces/warebotsim_interfaces/msg
[0.738s] -- Up-to-date: /home/yektapanj/WareBotSim/install/warebotsim_interfaces/include/warebotsim_interfaces/warebotsim_interfaces/msg/rosidl_typesupport_fastrtps_c__visibility_control.h
[0.738s] -- Up-to-date: /home/yektapanj/WareBotSim/install/warebotsim_interfaces/include/warebotsim_interfaces/warebotsim_interfaces/action
[0.738s] -- Up-to-date: /home/yektapanj/WareBotSim/install/warebotsim_interfaces/include/warebotsim_interfaces/warebotsim_interfaces/action/detail
[0.738s] -- Up-to-date: /home/yektapanj/WareBotSim/install/warebotsim_interfaces/include/warebotsim_interfaces/warebotsim_interfaces/action/detail/fulfill_order__rosidl_typesupport_fastrtps_c.h
[0.738s] -- Up-to-date: /home/yektapanj/WareBotSim/install/warebotsim_interfaces/lib/libwarebotsim_interfaces__rosidl_typesupport_fastrtps_c.so
[0.740s] -- Up-to-date: /home/yektapanj/WareBotSim/install/warebotsim_interfaces/include/warebotsim_interfaces/warebotsim_interfaces
[0.740s] -- Up-to-date: /home/yektapanj/WareBotSim/install/warebotsim_interfaces/include/warebotsim_interfaces/warebotsim_interfaces/srv
[0.740s] -- Up-to-date: /home/yektapanj/WareBotSim/install/warebotsim_interfaces/include/warebotsim_interfaces/warebotsim_interfaces/srv/detail
[0.740s] -- Installing: /home/yektapanj/WareBotSim/install/warebotsim_interfaces/include/warebotsim_interfaces/warebotsim_interfaces/srv/detail/create_order__type_support.c
[0.740s] -- Up-to-date: /home/yektapanj/WareBotSim/install/warebotsim_interfaces/include/warebotsim_interfaces/warebotsim_interfaces/srv/detail/create_order__rosidl_typesupport_introspection_c.h
[0.740s] -- Up-to-date: /home/yektapanj/WareBotSim/install/warebotsim_interfaces/include/warebotsim_interfaces/warebotsim_interfaces/msg
[0.740s] -- Up-to-date: /home/yektapanj/WareBotSim/install/warebotsim_interfaces/include/warebotsim_interfaces/warebotsim_interfaces/msg/rosidl_typesupport_introspection_c__visibility_control.h
[0.740s] -- Up-to-date: /home/yektapanj/WareBotSim/install/warebotsim_interfaces/include/warebotsim_interfaces/warebotsim_interfaces/action
[0.740s] -- Up-to-date: /home/yektapanj/WareBotSim/install/warebotsim_interfaces/include/warebotsim_interfaces/warebotsim_interfaces/action/detail
[0.740s] -- Installing: /home/yektapanj/WareBotSim/install/warebotsim_interfaces/include/warebotsim_interfaces/warebotsim_interfaces/action/detail/fulfill_order__type_support.c
[0.740s] -- Up-to-date: /home/yektapanj/WareBotSim/install/warebotsim_interfaces/include/warebotsim_interfaces/warebotsim_interfaces/action/detail/fulfill_order__rosidl_typesupport_introspection_c.h
[0.740s] -- Up-to-date: /home/yektapanj/WareBotSim/install/warebotsim_interfaces/lib/libwarebotsim_interfaces__rosidl_typesupport_introspection_c.so
[0.740s] -- Up-to-date: /home/yektapanj/WareBotSim/install/warebotsim_interfaces/lib/libwarebotsim_interfaces__rosidl_typesupport_c.so
[0.740s] -- Up-to-date: /home/yektapanj/WareBotSim/install/warebotsim_interfaces/include/warebotsim_interfaces/warebotsim_interfaces
[0.740s] -- Up-to-date: /home/yektapanj/WareBotSim/install/warebotsim_interfaces/include/warebotsim_interfaces/warebotsim_interfaces/srv
[0.740s] -- Up-to-date: /home/yektapanj/WareBotSim/install/warebotsim_interfaces/include/warebotsim_interfaces/warebotsim_interfaces/srv/detail
[0.740s] -- Up-to-date: /home/yektapanj/WareBotSim/install/warebotsim_interfaces/include/warebotsim_interfaces/warebotsim_interfaces/srv/detail/create_order__type_support.hpp
[0.740s] -- Up-to-date: /home/yektapanj/WareBotSim/install/warebotsim_interfaces/include/warebotsim_interfaces/warebotsim_interfaces/srv/detail/create_order__traits.hpp
[0.740s] -- Up-to-date: /home/yektapanj/WareBotSim/install/warebotsim_interfaces/include/warebotsim_interfaces/warebotsim_interfaces/srv/detail/create_order__struct.hpp
[0.740s] -- Up-to-date: /home/yektapanj/WareBotSim/install/warebotsim_interfaces/include/warebotsim_interfaces/warebotsim_interfaces/srv/detail/create_order__builder.hpp
[0.740s] -- Up-to-date: /home/yektapanj/WareBotSim/install/warebotsim_interfaces/include/warebotsim_interfaces/warebotsim_interfaces/srv/create_order.hpp
[0.740s] -- Up-to-date: /home/yektapanj/WareBotSim/install/warebotsim_interfaces/include/warebotsim_interfaces/warebotsim_interfaces/msg
[0.741s] -- Up-to-date: /home/yektapanj/WareBotSim/install/warebotsim_interfaces/include/warebotsim_interfaces/warebotsim_interfaces/msg/rosidl_generator_cpp__visibility_control.hpp
[0.741s] -- Up-to-date: /home/yektapanj/WareBotSim/install/warebotsim_interfaces/include/warebotsim_interfaces/warebotsim_interfaces/action
[0.741s] -- Up-to-date: /home/yektapanj/WareBotSim/install/warebotsim_interfaces/include/warebotsim_interfaces/warebotsim_interfaces/action/fulfill_order.hpp
[0.741s] -- Up-to-date: /home/yektapanj/WareBotSim/install/warebotsim_interfaces/include/warebotsim_interfaces/warebotsim_interfaces/action/detail
[0.741s] -- Up-to-date: /home/yektapanj/WareBotSim/install/warebotsim_interfaces/include/warebotsim_interfaces/warebotsim_interfaces/action/detail/fulfill_order__struct.hpp
[0.741s] -- Up-to-date: /home/yektapanj/WareBotSim/install/warebotsim_interfaces/include/warebotsim_interfaces/warebotsim_interfaces/action/detail/fulfill_order__type_support.hpp
[0.741s] -- Up-to-date: /home/yektapanj/WareBotSim/install/warebotsim_interfaces/include/warebotsim_interfaces/warebotsim_interfaces/action/detail/fulfill_order__traits.hpp
[0.741s] -- Up-to-date: /home/yektapanj/WareBotSim/install/warebotsim_interfaces/include/warebotsim_interfaces/warebotsim_interfaces/action/detail/fulfill_order__builder.hpp
[0.741s] -- Up-to-date: /home/yektapanj/WareBotSim/install/warebotsim_interfaces/include/warebotsim_interfaces/warebotsim_interfaces
[0.741s] -- Up-to-date: /home/yektapanj/WareBotSim/install/warebotsim_interfaces/include/warebotsim_interfaces/warebotsim_interfaces/srv
[0.741s] -- Up-to-date: /home/yektapanj/WareBotSim/install/warebotsim_interfaces/include/warebotsim_interfaces/warebotsim_interfaces/srv/detail
[0.741s] -- Up-to-date: /home/yektapanj/WareBotSim/install/warebotsim_interfaces/include/warebotsim_interfaces/warebotsim_interfaces/srv/detail/dds_fastrtps
[0.741s] -- Up-to-date: /home/yektapanj/WareBotSim/install/warebotsim_interfaces/include/warebotsim_interfaces/warebotsim_interfaces/srv/detail/create_order__rosidl_typesupport_fastrtps_cpp.hpp
[0.741s] -- Up-to-date: /home/yektapanj/WareBotSim/install/warebotsim_interfaces/include/warebotsim_interfaces/warebotsim_interfaces/msg
[0.741s] -- Up-to-date: /home/yektapanj/WareBotSim/install/warebotsim_interfaces/include/warebotsim_interfaces/warebotsim_interfaces/msg/rosidl_typesupport_fastrtps_cpp__visibility_control.h
[0.741s] -- Up-to-date: /home/yektapanj/WareBotSim/install/warebotsim_interfaces/include/warebotsim_interfaces/warebotsim_interfaces/action
[0.743s] -- Up-to-date: /home/yektapanj/WareBotSim/install/warebotsim_interfaces/include/warebotsim_interfaces/warebotsim_interfaces/action/detail
[0.743s] -- Up-to-date: /home/yektapanj/WareBotSim/install/warebotsim_interfaces/include/warebotsim_interfaces/warebotsim_interfaces/action/detail/dds_fastrtps
[0.743s] -- Up-to-date: /home/yektapanj/WareBotSim/install/warebotsim_interfaces/include/warebotsim_interfaces/warebotsim_interfaces/action/detail/fulfill_order__rosidl_typesupport_fastrtps_cpp.hpp
[0.743s] -- Up-to-date: /home/yektapanj/WareBotSim/install/warebotsim_interfaces/lib/libwarebotsim_interfaces__rosidl_typesupport_fastrtps_cpp.so
[0.743s] -- Up-to-date: /home/yektapanj/WareBotSim/install/warebotsim_interfaces/include/warebotsim_interfaces/warebotsim_interfaces
[0.743s] -- Up-to-date: /home/yektapanj/WareBotSim/install/warebotsim_interfaces/include/warebotsim_interfaces/warebotsim_interfaces/srv
[0.743s] -- Up-to-date: /home/yektapanj/WareBotSim/install/warebotsim_interfaces/include/warebotsim_interfaces/warebotsim_interfaces/srv/detail
[0.744s] -- Up-to-date: /home/yektapanj/WareBotSim/install/warebotsim_interfaces/include/warebotsim_interfaces/warebotsim_interfaces/srv/detail/create_order__type_support.cpp
[0.744s] -- Up-to-date: /home/yektapanj/WareBotSim/install/warebotsim_interfaces/include/warebotsim_interfaces/warebotsim_interfaces/srv/detail/create_order__rosidl_typesupport_introspection_cpp.hpp
[0.744s] -- Up-to-date: /home/yektapanj/WareBotSim/install/warebotsim_interfaces/include/warebotsim_interfaces/warebotsim_interfaces/action
[0.744s] -- Up-to-date: /home/yektapanj/WareBotSim/install/warebotsim_interfaces/include/warebotsim_interfaces/warebotsim_interfaces/action/detail
[0.744s] -- Up-to-date: /home/yektapanj/WareBotSim/install/warebotsim_interfaces/include/warebotsim_interfaces/warebotsim_interfaces/action/detail/fulfill_order__type_support.cpp
[0.744s] -- Up-to-date: /home/yektapanj/WareBotSim/install/warebotsim_interfaces/include/warebotsim_interfaces/warebotsim_interfaces/action/detail/fulfill_order__rosidl_typesupport_introspection_cpp.hpp
[0.744s] -- Up-to-date: /home/yektapanj/WareBotSim/install/warebotsim_interfaces/lib/libwarebotsim_interfaces__rosidl_typesupport_introspection_cpp.so
[0.744s] -- Up-to-date: /home/yektapanj/WareBotSim/install/warebotsim_interfaces/lib/libwarebotsim_interfaces__rosidl_typesupport_cpp.so
[0.744s] -- Up-to-date: /home/yektapanj/WareBotSim/install/warebotsim_interfaces/share/warebotsim_interfaces/environment/pythonpath.sh
[0.744s] -- Up-to-date: /home/yektapanj/WareBotSim/install/warebotsim_interfaces/share/warebotsim_interfaces/environment/pythonpath.dsv
[0.744s] -- Up-to-date: /home/yektapanj/WareBotSim/install/warebotsim_interfaces/lib/python3.12/site-packages/warebotsim_interfaces-0.0.0-py3.12.egg-info
[0.744s] -- Installing: /home/yektapanj/WareBotSim/install/warebotsim_interfaces/lib/python3.12/site-packages/warebotsim_interfaces-0.0.0-py3.12.egg-info/PKG-INFO
[0.744s] -- Installing: /home/yektapanj/WareBotSim/install/warebotsim_interfaces/lib/python3.12/site-packages/warebotsim_interfaces-0.0.0-py3.12.egg-info/top_level.txt
[0.744s] -- Installing: /home/yektapanj/WareBotSim/install/warebotsim_interfaces/lib/python3.12/site-packages/warebotsim_interfaces-0.0.0-py3.12.egg-info/SOURCES.txt
[0.744s] -- Installing: /home/yektapanj/WareBotSim/install/warebotsim_interfaces/lib/python3.12/site-packages/warebotsim_interfaces-0.0.0-py3.12.egg-info/dependency_links.txt
[0.744s] -- Up-to-date: /home/yektapanj/WareBotSim/install/warebotsim_interfaces/lib/python3.12/site-packages/warebotsim_interfaces
[0.744s] -- Up-to-date: /home/yektapanj/WareBotSim/install/warebotsim_interfaces/lib/python3.12/site-packages/warebotsim_interfaces/_warebotsim_interfaces_s.ep.rosidl_typesupport_c.c
[0.744s] -- Up-to-date: /home/yektapanj/WareBotSim/install/warebotsim_interfaces/lib/python3.12/site-packages/warebotsim_interfaces/__init__.py
[0.744s] -- Up-to-date: /home/yektapanj/WareBotSim/install/warebotsim_interfaces/lib/python3.12/site-packages/warebotsim_interfaces/srv
[0.744s] -- Up-to-date: /home/yektapanj/WareBotSim/install/warebotsim_interfaces/lib/python3.12/site-packages/warebotsim_interfaces/srv/__init__.py
[0.745s] -- Up-to-date: /home/yektapanj/WareBotSim/install/warebotsim_interfaces/lib/python3.12/site-packages/warebotsim_interfaces/srv/_create_order_s.c
[0.745s] -- Up-to-date: /home/yektapanj/WareBotSim/install/warebotsim_interfaces/lib/python3.12/site-packages/warebotsim_interfaces/srv/_create_order.py
[0.745s] -- Up-to-date: /home/yektapanj/WareBotSim/install/warebotsim_interfaces/lib/python3.12/site-packages/warebotsim_interfaces/_warebotsim_interfaces_s.ep.rosidl_typesupport_introspection_c.c
[0.745s] -- Up-to-date: /home/yektapanj/WareBotSim/install/warebotsim_interfaces/lib/python3.12/site-packages/warebotsim_interfaces/warebotsim_interfaces_s__rosidl_typesupport_fastrtps_c.so
[0.745s] -- Up-to-date: /home/yektapanj/WareBotSim/install/warebotsim_interfaces/lib/python3.12/site-packages/warebotsim_interfaces/action
[0.745s] -- Up-to-date: /home/yektapanj/WareBotSim/install/warebotsim_interfaces/lib/python3.12/site-packages/warebotsim_interfaces/action/_fulfill_order.py
[0.745s] -- Up-to-date: /home/yektapanj/WareBotSim/install/warebotsim_interfaces/lib/python3.12/site-packages/warebotsim_interfaces/action/__init__.py
[0.745s] -- Up-to-date: /home/yektapanj/WareBotSim/install/warebotsim_interfaces/lib/python3.12/site-packages/warebotsim_interfaces/action/_fulfill_order_s.c
[0.745s] -- Up-to-date: /home/yektapanj/WareBotSim/install/warebotsim_interfaces/lib/python3.12/site-packages/warebotsim_interfaces/_warebotsim_interfaces_s.ep.rosidl_typesupport_fastrtps_c.c
[0.745s] -- Up-to-date: /home/yektapanj/WareBotSim/install/warebotsim_interfaces/lib/python3.12/site-packages/warebotsim_interfaces/warebotsim_interfaces_s__rosidl_typesupport_c.so
[0.745s] -- Up-to-date: /home/yektapanj/WareBotSim/install/warebotsim_interfaces/lib/python3.12/site-packages/warebotsim_interfaces/warebotsim_interfaces_s__rosidl_typesupport_introspection_c.so
[0.798s] Listing '/home/yektapanj/WareBotSim/install/warebotsim_interfaces/lib/python3.12/site-packages/warebotsim_interfaces'...
[0.798s] Listing '/home/yektapanj/WareBotSim/install/warebotsim_interfaces/lib/python3.12/site-packages/warebotsim_interfaces/action'...
[0.798s] Listing '/home/yektapanj/WareBotSim/install/warebotsim_interfaces/lib/python3.12/site-packages/warebotsim_interfaces/srv'...
[0.803s] -- Up-to-date: /home/yektapanj/WareBotSim/install/warebotsim_interfaces/lib/python3.12/site-packages/warebotsim_interfaces/warebotsim_interfaces_s__rosidl_typesupport_fastrtps_c.so
[0.804s] -- Up-to-date: /home/yektapanj/WareBotSim/install/warebotsim_interfaces/lib/python3.12/site-packages/warebotsim_interfaces/warebotsim_interfaces_s__rosidl_typesupport_introspection_c.so
[0.804s] -- Up-to-date: /home/yektapanj/WareBotSim/install/warebotsim_interfaces/lib/python3.12/site-packages/warebotsim_interfaces/warebotsim_interfaces_s__rosidl_typesupport_c.so
[0.807s] -- Up-to-date: /home/yektapanj/WareBotSim/install/warebotsim_interfaces/lib/libwarebotsim_interfaces__rosidl_generator_py.so
[0.807s] -- Up-to-date: /home/yektapanj/WareBotSim/install/warebotsim_interfaces/share/warebotsim_interfaces/srv/CreateOrder.idl
[0.807s] -- Up-to-date: /home/yektapanj/WareBotSim/install/warebotsim_interfaces/share/warebotsim_interfaces/action/FulfillOrder.idl
[0.807s] -- Up-to-date: /home/yektapanj/WareBotSim/install/warebotsim_interfaces/share/warebotsim_interfaces/srv/CreateOrder.srv
[0.807s] -- Up-to-date: /home/yektapanj/WareBotSim/install/warebotsim_interfaces/share/warebotsim_interfaces/action/FulfillOrder.action
[0.807s] -- Up-to-date: /home/yektapanj/WareBotSim/install/warebotsim_interfaces/share/ament_index/resource_index/package_run_dependencies/warebotsim_interfaces
[0.807s] -- Up-to-date: /home/yektapanj/WareBotSim/install/warebotsim_interfaces/share/ament_index/resource_index/parent_prefix_path/warebotsim_interfaces
[0.807s] -- Up-to-date: /home/yektapanj/WareBotSim/install/warebotsim_interfaces/share/warebotsim_interfaces/environment/ament_prefix_path.sh
[0.807s] -- Up-to-date: /home/yektapanj/WareBotSim/install/warebotsim_interfaces/share/warebotsim_interfaces/environment/ament_prefix_path.dsv
[0.807s] -- Up-to-date: /home/yektapanj/WareBotSim/install/warebotsim_interfaces/share/warebotsim_interfaces/environment/path.sh
[0.807s] -- Up-to-date: /home/yektapanj/WareBotSim/install/warebotsim_interfaces/share/warebotsim_interfaces/environment/path.dsv
[0.807s] -- Up-to-date: /home/yektapanj/WareBotSim/install/warebotsim_interfaces/share/warebotsim_interfaces/local_setup.bash
[0.808s] -- Up-to-date: /home/yektapanj/WareBotSim/install/warebotsim_interfaces/share/warebotsim_interfaces/local_setup.sh
[0.808s] -- Up-to-date: /home/yektapanj/WareBotSim/install/warebotsim_interfaces/share/warebotsim_interfaces/local_setup.zsh
[0.808s] -- Up-to-date: /home/yektapanj/WareBotSim/install/warebotsim_interfaces/share/warebotsim_interfaces/local_setup.dsv
[0.808s] -- Installing: /home/yektapanj/WareBotSim/install/warebotsim_interfaces/share/warebotsim_interfaces/package.dsv
[0.808s] -- Up-to-date: /home/yektapanj/WareBotSim/install/warebotsim_interfaces/share/ament_index/resource_index/packages/warebotsim_interfaces
[0.808s] -- Up-to-date: /home/yektapanj/WareBotSim/install/warebotsim_interfaces/share/warebotsim_interfaces/cmake/export_warebotsim_interfaces__rosidl_generator_cExport.cmake
[0.808s] -- Up-to-date: /home/yektapanj/WareBotSim/install/warebotsim_interfaces/share/warebotsim_interfaces/cmake/export_warebotsim_interfaces__rosidl_generator_cExport-noconfig.cmake
[0.809s] -- Up-to-date: /home/yektapanj/WareBotSim/install/warebotsim_interfaces/share/warebotsim_interfaces/cmake/export_warebotsim_interfaces__rosidl_typesupport_fastrtps_cExport.cmake
[0.809s] -- Up-to-date: /home/yektapanj/WareBotSim/install/warebotsim_interfaces/share/warebotsim_interfaces/cmake/export_warebotsim_interfaces__rosidl_typesupport_fastrtps_cExport-noconfig.cmake
[0.809s] -- Up-to-date: /home/yektapanj/WareBotSim/install/warebotsim_interfaces/share/warebotsim_interfaces/cmake/warebotsim_interfaces__rosidl_typesupport_introspection_cExport.cmake
[0.809s] -- Up-to-date: /home/yektapanj/WareBotSim/install/warebotsim_interfaces/share/warebotsim_interfaces/cmake/warebotsim_interfaces__rosidl_typesupport_introspection_cExport-noconfig.cmake
[0.809s] -- Up-to-date: /home/yektapanj/WareBotSim/install/warebotsim_interfaces/share/warebotsim_interfaces/cmake/warebotsim_interfaces__rosidl_typesupport_cExport.cmake
[0.809s] -- Up-to-date: /home/yektapanj/WareBotSim/install/warebotsim_interfaces/share/warebotsim_interfaces/cmake/warebotsim_interfaces__rosidl_typesupport_cExport-noconfig.cmake
[0.809s] -- Up-to-date: /home/yektapanj/WareBotSim/install/warebotsim_interfaces/share/warebotsim_interfaces/cmake/export_warebotsim_interfaces__rosidl_generator_cppExport.cmake
[0.809s] -- Up-to-date: /home/yektapanj/WareBotSim/install/warebotsim_interfaces/share/warebotsim_interfaces/cmake/export_warebotsim_interfaces__rosidl_typesupport_fastrtps_cppExport.cmake
[0.809s] -- Up-to-date: /home/yektapanj/WareBotSim/install/warebotsim_interfaces/share/warebotsim_interfaces/cmake/export_warebotsim_interfaces__rosidl_typesupport_fastrtps_cppExport-noconfig.cmake
[0.809s] -- Up-to-date: /home/yektapanj/WareBotSim/install/warebotsim_interfaces/share/warebotsim_interfaces/cmake/warebotsim_interfaces__rosidl_typesupport_introspection_cppExport.cmake
[0.809s] -- Up-to-date: /home/yektapanj/WareBotSim/install/warebotsim_interfaces/share/warebotsim_interfaces/cmake/warebotsim_interfaces__rosidl_typesupport_introspection_cppExport-noconfig.cmake
[0.809s] -- Up-to-date: /home/yektapanj/WareBotSim/install/warebotsim_interfaces/share/warebotsim_interfaces/cmake/warebotsim_interfaces__rosidl_typesupport_cppExport.cmake
[0.809s] -- Up-to-date: /home/yektapanj/WareBotSim/install/warebotsim_interfaces/share/warebotsim_interfaces/cmake/warebotsim_interfaces__rosidl_typesupport_cppExport-noconfig.cmake
[0.809s] -- Up-to-date: /home/yektapanj/WareBotSim/install/warebotsim_interfaces/share/warebotsim_interfaces/cmake/export_warebotsim_interfaces__rosidl_generator_pyExport.cmake
[0.809s] -- Up-to-date: /home/yektapanj/WareBotSim/install/warebotsim_interfaces/share/warebotsim_interfaces/cmake/export_warebotsim_interfaces__rosidl_generator_pyExport-noconfig.cmake
[0.809s] -- Up-to-date: /home/yektapanj/WareBotSim/install/warebotsim_interfaces/share/warebotsim_interfaces/cmake/rosidl_cmake-extras.cmake
[0.809s] -- Up-to-date: /home/yektapanj/WareBotSim/install/warebotsim_interfaces/share/warebotsim_interfaces/cmake/ament_cmake_export_dependencies-extras.cmake
[0.809s] -- Up-to-date: /home/yektapanj/WareBotSim/install/warebotsim_interfaces/share/warebotsim_interfaces/cmake/ament_cmake_export_include_directories-extras.cmake
[0.810s] -- Up-to-date: /home/yektapanj/WareBotSim/install/warebotsim_interfaces/share/warebotsim_interfaces/cmake/ament_cmake_export_libraries-extras.cmake
[0.810s] -- Up-to-date: /home/yektapanj/WareBotSim/install/warebotsim_interfaces/share/warebotsim_interfaces/cmake/ament_cmake_export_targets-extras.cmake
[0.810s] -- Up-to-date: /home/yektapanj/WareBotSim/install/warebotsim_interfaces/share/warebotsim_interfaces/cmake/rosidl_cmake_export_typesupport_targets-extras.cmake
[0.810s] -- Up-to-date: /home/yektapanj/WareBotSim/install/warebotsim_interfaces/share/warebotsim_interfaces/cmake/rosidl_cmake_export_typesupport_libraries-extras.cmake
[0.810s] -- Up-to-date: /home/yektapanj/WareBotSim/install/warebotsim_interfaces/share/warebotsim_interfaces/cmake/warebotsim_interfacesConfig.cmake
[0.810s] -- Up-to-date: /home/yektapanj/WareBotSim/install/warebotsim_interfaces/share/warebotsim_interfaces/cmake/warebotsim_interfacesConfig-version.cmake
[0.810s] -- Up-to-date: /home/yektapanj/WareBotSim/install/warebotsim_interfaces/share/warebotsim_interfaces/package.xml
[0.817s] Invoked command in '/home/yektapanj/WareBotSim/build/warebotsim_interfaces' returned '0': CMAKE_PREFIX_PATH=${CMAKE_PREFIX_PATH}:/home/yektapanj/WareBotSim/install/warebotsim:/opt/ros/kilted DEBUGINFOD_URLS=https://debuginfod.ubuntu.com /usr/bin/cmake --install /home/yektapanj/WareBotSim/build/warebotsim_interfaces
