[0.911s] Invoking command in '/home/yektapanj/WareBotSim/build/warebotsim': DEBUGINFOD_URLS=https://debuginfod.ubuntu.com PYTHONPATH=/home/yektapanj/WareBotSim/build/warebotsim/prefix_override:/usr/lib/python3/dist-packages/colcon_core/task/python/colcon_distutils_commands:/home/yektapanj/WareBotSim/install/warebotsim/lib/python3.12/site-packages:${PYTHONPATH} /usr/bin/python3 -W ignore:setup.py install is deprecated -W ignore:easy_install command is deprecated setup.py develop --editable --build-directory /home/yektapanj/WareBotSim/build/warebotsim/build --no-deps symlink_data
[1.163s] running develop
[1.311s] running egg_info
[1.316s] creating warebotsim.egg-info
[1.331s] writing warebotsim.egg-info/PKG-INFO
[1.331s] writing dependency_links to warebotsim.egg-info/dependency_links.txt
[1.331s] writing entry points to warebotsim.egg-info/entry_points.txt
[1.331s] writing requirements to warebotsim.egg-info/requires.txt
[1.331s] writing top-level names to warebotsim.egg-info/top_level.txt
[1.331s] writing manifest file 'warebotsim.egg-info/SOURCES.txt'
[1.368s] reading manifest file 'warebotsim.egg-info/SOURCES.txt'
[1.369s] writing manifest file 'warebotsim.egg-info/SOURCES.txt'
[1.391s] running build_ext
[1.392s] Creating /home/yektapanj/WareBotSim/install/warebotsim/lib/python3.12/site-packages/warebotsim.egg-link (link to .)
[1.392s] Installing state_publisher script to /home/yektapanj/WareBotSim/install/warebotsim/lib/warebotsim
[1.394s] 
[1.394s] Installed /home/yektapanj/WareBotSim/build/warebotsim
[1.394s] running symlink_data
[1.394s] creating /home/yektapanj/WareBotSim/install/warebotsim/share/ament_index
[1.397s] creating /home/yektapanj/WareBotSim/install/warebotsim/share/ament_index/resource_index
[1.397s] creating /home/yektapanj/WareBotSim/install/warebotsim/share/ament_index/resource_index/packages
[1.397s] symbolically linking /home/yektapanj/WareBotSim/build/warebotsim/resource/warebotsim -> /home/yektapanj/WareBotSim/install/warebotsim/share/ament_index/resource_index/packages
[1.397s] symbolically linking /home/yektapanj/WareBotSim/build/warebotsim/package.xml -> /home/yektapanj/WareBotSim/install/warebotsim/share/warebotsim
[1.397s] creating /home/yektapanj/WareBotSim/install/warebotsim/share/warebotsim/launch
[1.398s] symbolically linking /home/yektapanj/WareBotSim/build/warebotsim/launch/demo_launch.py -> /home/yektapanj/WareBotSim/install/warebotsim/share/warebotsim/launch
[1.398s] symbolically linking /home/yektapanj/WareBotSim/build/warebotsim/urdf/warehouse.urdf -> /home/yektapanj/WareBotSim/install/warebotsim/share/warebotsim
[1.398s] symbolically linking /home/yektapanj/WareBotSim/build/warebotsim/urdf/r2d2.rviz -> /home/yektapanj/WareBotSim/install/warebotsim/share/warebotsim
[1.398s] symbolically linking /home/yektapanj/WareBotSim/build/warebotsim/urdf/jackal.urdf -> /home/yektapanj/WareBotSim/install/warebotsim/share/warebotsim
[1.398s] creating /home/yektapanj/WareBotSim/install/warebotsim/share/warebotsim/meshes
[1.398s] symbolically linking /home/yektapanj/WareBotSim/build/warebotsim/meshes/top_plate_collision.stl -> /home/yektapanj/WareBotSim/install/warebotsim/share/warebotsim/meshes
[1.398s] symbolically linking /home/yektapanj/WareBotSim/build/warebotsim/meshes/lift_link.STL -> /home/yektapanj/WareBotSim/install/warebotsim/share/warebotsim/meshes
[1.398s] symbolically linking /home/yektapanj/WareBotSim/build/warebotsim/meshes/novatel-smart7.stl -> /home/yektapanj/WareBotSim/install/warebotsim/share/warebotsim/meshes
[1.398s] symbolically linking /home/yektapanj/WareBotSim/build/warebotsim/meshes/internal_link.STL -> /home/yektapanj/WareBotSim/install/warebotsim/share/warebotsim/meshes
[1.398s] symbolically linking /home/yektapanj/WareBotSim/build/warebotsim/meshes/camera-beam.stl -> /home/yektapanj/WareBotSim/install/warebotsim/share/warebotsim/meshes
[1.399s] symbolically linking /home/yektapanj/WareBotSim/build/warebotsim/meshes/wheel_right_link.STL -> /home/yektapanj/WareBotSim/install/warebotsim/share/warebotsim/meshes
[1.399s] symbolically linking /home/yektapanj/WareBotSim/build/warebotsim/meshes/ark_enclosure.stl -> /home/yektapanj/WareBotSim/install/warebotsim/share/warebotsim/meshes
[1.399s] symbolically linking /home/yektapanj/WareBotSim/build/warebotsim/meshes/sick-lms1xx-upright-bracket.stl -> /home/yektapanj/WareBotSim/install/warebotsim/share/warebotsim/meshes
[1.399s] symbolically linking /home/yektapanj/WareBotSim/build/warebotsim/meshes/rotacastor_left_link.STL -> /home/yektapanj/WareBotSim/install/warebotsim/share/warebotsim/meshes
[1.399s] symbolically linking /home/yektapanj/WareBotSim/build/warebotsim/meshes/velodyne_tower.stl -> /home/yektapanj/WareBotSim/install/warebotsim/share/warebotsim/meshes
[1.399s] symbolically linking /home/yektapanj/WareBotSim/build/warebotsim/meshes/bridge-plate.stl -> /home/yektapanj/WareBotSim/install/warebotsim/share/warebotsim/meshes
[1.399s] symbolically linking /home/yektapanj/WareBotSim/build/warebotsim/meshes/camera-bracket.stl -> /home/yektapanj/WareBotSim/install/warebotsim/share/warebotsim/meshes
[1.399s] symbolically linking /home/yektapanj/WareBotSim/build/warebotsim/meshes/accessory_fender.stl -> /home/yektapanj/WareBotSim/install/warebotsim/share/warebotsim/meshes
[1.399s] symbolically linking /home/yektapanj/WareBotSim/build/warebotsim/meshes/stereo-camera-bracket.stl -> /home/yektapanj/WareBotSim/install/warebotsim/share/warebotsim/meshes
[1.399s] symbolically linking /home/yektapanj/WareBotSim/build/warebotsim/meshes/wibotic_bumper.stl -> /home/yektapanj/WareBotSim/install/warebotsim/share/warebotsim/meshes
[1.399s] symbolically linking /home/yektapanj/WareBotSim/build/warebotsim/meshes/jackal-wheel.stl -> /home/yektapanj/WareBotSim/install/warebotsim/share/warebotsim/meshes
[1.399s] symbolically linking /home/yektapanj/WareBotSim/build/warebotsim/meshes/sick-lms1xx-inverted-bracket.stl -> /home/yektapanj/WareBotSim/install/warebotsim/share/warebotsim/meshes
[1.399s] symbolically linking /home/yektapanj/WareBotSim/build/warebotsim/meshes/jackal-fender.stl -> /home/yektapanj/WareBotSim/install/warebotsim/share/warebotsim/meshes
[1.399s] symbolically linking /home/yektapanj/WareBotSim/build/warebotsim/meshes/chassis_link.dae -> /home/yektapanj/WareBotSim/install/warebotsim/share/warebotsim/meshes
[1.399s] symbolically linking /home/yektapanj/WareBotSim/build/warebotsim/meshes/stereo-camera-beam.stl -> /home/yektapanj/WareBotSim/install/warebotsim/share/warebotsim/meshes
[1.399s] symbolically linking /home/yektapanj/WareBotSim/build/warebotsim/meshes/kinect_mount.stl -> /home/yektapanj/WareBotSim/install/warebotsim/share/warebotsim/meshes
[1.400s] symbolically linking /home/yektapanj/WareBotSim/build/warebotsim/meshes/chassis_link.STL -> /home/yektapanj/WareBotSim/install/warebotsim/share/warebotsim/meshes
[1.400s] symbolically linking /home/yektapanj/WareBotSim/build/warebotsim/meshes/rotacastor_right_link.STL -> /home/yektapanj/WareBotSim/install/warebotsim/share/warebotsim/meshes
[1.400s] symbolically linking /home/yektapanj/WareBotSim/build/warebotsim/meshes/jackal-base.stl -> /home/yektapanj/WareBotSim/install/warebotsim/share/warebotsim/meshes
[1.400s] symbolically linking /home/yektapanj/WareBotSim/build/warebotsim/meshes/top_plate.stl -> /home/yektapanj/WareBotSim/install/warebotsim/share/warebotsim/meshes
[1.400s] symbolically linking /home/yektapanj/WareBotSim/build/warebotsim/meshes/hokuyo_utm30.stl -> /home/yektapanj/WareBotSim/install/warebotsim/share/warebotsim/meshes
[1.400s] symbolically linking /home/yektapanj/WareBotSim/build/warebotsim/meshes/jackal-fenders.stl -> /home/yektapanj/WareBotSim/install/warebotsim/share/warebotsim/meshes
[1.400s] symbolically linking /home/yektapanj/WareBotSim/build/warebotsim/meshes/novatel-smart6.stl -> /home/yektapanj/WareBotSim/install/warebotsim/share/warebotsim/meshes
[1.400s] symbolically linking /home/yektapanj/WareBotSim/build/warebotsim/meshes/internal_link.dae -> /home/yektapanj/WareBotSim/install/warebotsim/share/warebotsim/meshes
[1.400s] symbolically linking /home/yektapanj/WareBotSim/build/warebotsim/meshes/lift_link.dae -> /home/yektapanj/WareBotSim/install/warebotsim/share/warebotsim/meshes
[1.400s] symbolically linking /home/yektapanj/WareBotSim/build/warebotsim/meshes/extrusion.stl -> /home/yektapanj/WareBotSim/install/warebotsim/share/warebotsim/meshes
[1.400s] symbolically linking /home/yektapanj/WareBotSim/build/warebotsim/meshes/hokuyo_ust10.stl -> /home/yektapanj/WareBotSim/install/warebotsim/share/warebotsim/meshes
[1.400s] symbolically linking /home/yektapanj/WareBotSim/build/warebotsim/meshes/wheel_left_link.STL -> /home/yektapanj/WareBotSim/install/warebotsim/share/warebotsim/meshes
[1.446s] Invoked command in '/home/yektapanj/WareBotSim/build/warebotsim' returned '0': DEBUGINFOD_URLS=https://debuginfod.ubuntu.com PYTHONPATH=/home/yektapanj/WareBotSim/build/warebotsim/prefix_override:/usr/lib/python3/dist-packages/colcon_core/task/python/colcon_distutils_commands:/home/yektapanj/WareBotSim/install/warebotsim/lib/python3.12/site-packages:${PYTHONPATH} /usr/bin/python3 -W ignore:setup.py install is deprecated -W ignore:easy_install command is deprecated setup.py develop --editable --build-directory /home/yektapanj/WareBotSim/build/warebotsim/build --no-deps symlink_data
