[1.126s] Invoking command in '/home/yektapanj/WareBotSim/src/urdf_tutorial_r2d2': DEBUGINFOD_URLS=https://debuginfod.ubuntu.com PYTHONPATH=/home/yektapanj/WareBotSim/build/urdf_tutorial_r2d2/prefix_override:/usr/lib/python3/dist-packages/colcon_core/task/python/colcon_distutils_commands:/home/yektapanj/WareBotSim/install/urdf_tutorial_r2d2/lib/python3.12/site-packages:${PYTHONPATH} /usr/bin/python3 -W ignore:setup.py install is deprecated -W ignore:easy_install command is deprecated setup.py egg_info --egg-base ../../build/urdf_tutorial_r2d2 build --build-base /home/yektapanj/WareBotSim/build/urdf_tutorial_r2d2/build install --record /home/yektapanj/WareBotSim/build/urdf_tutorial_r2d2/install.log --single-version-externally-managed install_data
[1.297s] running egg_info
[1.298s] creating ../../build/urdf_tutorial_r2d2/urdf_tutorial_r2d2.egg-info
[1.319s] writing ../../build/urdf_tutorial_r2d2/urdf_tutorial_r2d2.egg-info/PKG-INFO
[1.319s] writing dependency_links to ../../build/urdf_tutorial_r2d2/urdf_tutorial_r2d2.egg-info/dependency_links.txt
[1.319s] writing entry points to ../../build/urdf_tutorial_r2d2/urdf_tutorial_r2d2.egg-info/entry_points.txt
[1.320s] writing requirements to ../../build/urdf_tutorial_r2d2/urdf_tutorial_r2d2.egg-info/requires.txt
[1.320s] writing top-level names to ../../build/urdf_tutorial_r2d2/urdf_tutorial_r2d2.egg-info/top_level.txt
[1.320s] writing manifest file '../../build/urdf_tutorial_r2d2/urdf_tutorial_r2d2.egg-info/SOURCES.txt'
[1.363s] reading manifest file '../../build/urdf_tutorial_r2d2/urdf_tutorial_r2d2.egg-info/SOURCES.txt'
[1.364s] adding license file 'LICENSE'
[1.365s] writing manifest file '../../build/urdf_tutorial_r2d2/urdf_tutorial_r2d2.egg-info/SOURCES.txt'
[1.366s] running build
[1.366s] running build_py
[1.366s] creating /home/yektapanj/WareBotSim/build/urdf_tutorial_r2d2/build
[1.366s] creating /home/yektapanj/WareBotSim/build/urdf_tutorial_r2d2/build/lib
[1.366s] creating /home/yektapanj/WareBotSim/build/urdf_tutorial_r2d2/build/lib/urdf_tutorial_r2d2
[1.366s] copying urdf_tutorial_r2d2/state_publisher.py -> /home/yektapanj/WareBotSim/build/urdf_tutorial_r2d2/build/lib/urdf_tutorial_r2d2
[1.366s] copying urdf_tutorial_r2d2/__init__.py -> /home/yektapanj/WareBotSim/build/urdf_tutorial_r2d2/build/lib/urdf_tutorial_r2d2
[1.366s] running install
[1.371s] running install_lib
[1.384s] creating /home/yektapanj/WareBotSim/install/urdf_tutorial_r2d2/lib/python3.12/site-packages/urdf_tutorial_r2d2
[1.384s] copying /home/yektapanj/WareBotSim/build/urdf_tutorial_r2d2/build/lib/urdf_tutorial_r2d2/state_publisher.py -> /home/yektapanj/WareBotSim/install/urdf_tutorial_r2d2/lib/python3.12/site-packages/urdf_tutorial_r2d2
[1.384s] copying /home/yektapanj/WareBotSim/build/urdf_tutorial_r2d2/build/lib/urdf_tutorial_r2d2/__init__.py -> /home/yektapanj/WareBotSim/install/urdf_tutorial_r2d2/lib/python3.12/site-packages/urdf_tutorial_r2d2
[1.386s] byte-compiling /home/yektapanj/WareBotSim/install/urdf_tutorial_r2d2/lib/python3.12/site-packages/urdf_tutorial_r2d2/state_publisher.py to state_publisher.cpython-312.pyc
[1.387s] byte-compiling /home/yektapanj/WareBotSim/install/urdf_tutorial_r2d2/lib/python3.12/site-packages/urdf_tutorial_r2d2/__init__.py to __init__.cpython-312.pyc
[1.388s] running install_data
[1.388s] creating /home/yektapanj/WareBotSim/install/urdf_tutorial_r2d2/share/ament_index
[1.388s] creating /home/yektapanj/WareBotSim/install/urdf_tutorial_r2d2/share/ament_index/resource_index
[1.388s] creating /home/yektapanj/WareBotSim/install/urdf_tutorial_r2d2/share/ament_index/resource_index/packages
[1.388s] copying resource/urdf_tutorial_r2d2 -> /home/yektapanj/WareBotSim/install/urdf_tutorial_r2d2/share/ament_index/resource_index/packages
[1.388s] copying package.xml -> /home/yektapanj/WareBotSim/install/urdf_tutorial_r2d2/share/urdf_tutorial_r2d2
[1.388s] creating /home/yektapanj/WareBotSim/install/urdf_tutorial_r2d2/share/urdf_tutorial_r2d2/launch
[1.389s] copying launch/demo_launch.py -> /home/yektapanj/WareBotSim/install/urdf_tutorial_r2d2/share/urdf_tutorial_r2d2/launch
[1.389s] copying urdf/r2d2.urdf.xml -> /home/yektapanj/WareBotSim/install/urdf_tutorial_r2d2/share/urdf_tutorial_r2d2
[1.389s] copying urdf/r2d2.rviz -> /home/yektapanj/WareBotSim/install/urdf_tutorial_r2d2/share/urdf_tutorial_r2d2
[1.389s] running install_egg_info
[1.407s] Copying ../../build/urdf_tutorial_r2d2/urdf_tutorial_r2d2.egg-info to /home/yektapanj/WareBotSim/install/urdf_tutorial_r2d2/lib/python3.12/site-packages/urdf_tutorial_r2d2-0.0.0-py3.12.egg-info
[1.410s] running install_scripts
[1.518s] Installing state_publisher script to /home/yektapanj/WareBotSim/install/urdf_tutorial_r2d2/lib/urdf_tutorial_r2d2
[1.519s] writing list of installed files to '/home/yektapanj/WareBotSim/build/urdf_tutorial_r2d2/install.log'
[1.571s] Invoked command in '/home/yektapanj/WareBotSim/src/urdf_tutorial_r2d2' returned '0': DEBUGINFOD_URLS=https://debuginfod.ubuntu.com PYTHONPATH=/home/yektapanj/WareBotSim/build/urdf_tutorial_r2d2/prefix_override:/usr/lib/python3/dist-packages/colcon_core/task/python/colcon_distutils_commands:/home/yektapanj/WareBotSim/install/urdf_tutorial_r2d2/lib/python3.12/site-packages:${PYTHONPATH} /usr/bin/python3 -W ignore:setup.py install is deprecated -W ignore:easy_install command is deprecated setup.py egg_info --egg-base ../../build/urdf_tutorial_r2d2 build --build-base /home/yektapanj/WareBotSim/build/urdf_tutorial_r2d2/build install --record /home/yektapanj/WareBotSim/build/urdf_tutorial_r2d2/install.log --single-version-externally-managed install_data
