[0.094s] DEBUG:colcon:Command line arguments: ['/usr/bin/colcon', 'build', '--symlink-install', '--packages-select', 'warebotsim']
[0.094s] DEBUG:colcon:Parsed command line arguments: Namespace(log_base=None, log_level=None, verb_name='build', build_base='build', install_base='install', merge_install=False, symlink_install=True, test_result_base=None, continue_on_error=False, executor='parallel', parallel_workers=6, event_handlers=None, ignore_user_meta=False, metas=['./colcon.meta'], base_paths=['.'], packages_ignore=None, packages_ignore_regex=None, paths=None, packages_up_to=None, packages_up_to_regex=None, packages_above=None, packages_above_and_dependencies=None, packages_above_depth=None, packages_select_by_dep=None, packages_skip_by_dep=None, packages_skip_up_to=None, packages_select_build_failed=False, packages_skip_build_finished=False, packages_select_test_failures=False, packages_skip_test_passed=False, packages_select=['warebotsim'], packages_skip=None, packages_select_regex=None, packages_skip_regex=None, packages_start=None, packages_end=None, allow_overriding=[], cmake_args=None, cmake_target=None, cmake_target_skip_unavailable=False, cmake_clean_cache=False, cmake_clean_first=False, cmake_force_configure=False, ament_cmake_args=None, catkin_cmake_args=None, catkin_skip_building_tests=False, mixin_files=None, mixin=None, verb_parser=<colcon_mixin.mixin.mixin_argument.MixinArgumentDecorator object at 0x768d732a49e0>, verb_extension=<colcon_core.verb.build.BuildVerb object at 0x768d73283ec0>, main=<bound method BuildVerb.main of <colcon_core.verb.build.BuildVerb object at 0x768d73283ec0>>, mixin_verb=('build',))
[0.147s] Level 1:colcon.colcon_core.package_discovery:discover_packages(colcon_meta) check parameters
[0.147s] Level 1:colcon.colcon_core.package_discovery:discover_packages(recursive) check parameters
[0.147s] Level 1:colcon.colcon_core.package_discovery:discover_packages(ignore) check parameters
[0.147s] Level 1:colcon.colcon_core.package_discovery:discover_packages(path) check parameters
[0.147s] Level 1:colcon.colcon_core.package_discovery:discover_packages(colcon_meta) discover
[0.148s] Level 1:colcon.colcon_core.package_discovery:discover_packages(recursive) discover
[0.148s] INFO:colcon.colcon_core.package_discovery:Crawling recursively for packages in '/home/yektapanj/WareBotSim'
[0.148s] Level 1:colcon.colcon_core.package_identification:_identify(.) by extensions ['ignore', 'ignore_ament_install']
[0.148s] Level 1:colcon.colcon_core.package_identification:_identify(.) by extension 'ignore'
[0.148s] Level 1:colcon.colcon_core.package_identification:_identify(.) by extension 'ignore_ament_install'
[0.148s] Level 1:colcon.colcon_core.package_identification:_identify(.) by extensions ['colcon_pkg']
[0.148s] Level 1:colcon.colcon_core.package_identification:_identify(.) by extension 'colcon_pkg'
[0.148s] Level 1:colcon.colcon_core.package_identification:_identify(.) by extensions ['colcon_meta']
[0.148s] Level 1:colcon.colcon_core.package_identification:_identify(.) by extension 'colcon_meta'
[0.148s] Level 1:colcon.colcon_core.package_identification:_identify(.) by extensions ['ros']
[0.148s] Level 1:colcon.colcon_core.package_identification:_identify(.) by extension 'ros'
[0.185s] Level 1:colcon.colcon_core.package_identification:_identify(.) by extensions ['cmake', 'python']
[0.185s] Level 1:colcon.colcon_core.package_identification:_identify(.) by extension 'cmake'
[0.185s] Level 1:colcon.colcon_core.package_identification:_identify(.) by extension 'python'
[0.185s] Level 1:colcon.colcon_core.package_identification:_identify(.) by extensions ['python_setup_py']
[0.185s] Level 1:colcon.colcon_core.package_identification:_identify(.) by extension 'python_setup_py'
[0.185s] Level 1:colcon.colcon_core.package_identification:_identify(build) by extensions ['ignore', 'ignore_ament_install']
[0.186s] Level 1:colcon.colcon_core.package_identification:_identify(build) by extension 'ignore'
[0.186s] Level 1:colcon.colcon_core.package_identification:_identify(build) ignored
[0.186s] Level 1:colcon.colcon_core.package_identification:_identify(install) by extensions ['ignore', 'ignore_ament_install']
[0.186s] Level 1:colcon.colcon_core.package_identification:_identify(install) by extension 'ignore'
[0.186s] Level 1:colcon.colcon_core.package_identification:_identify(install) ignored
[0.186s] Level 1:colcon.colcon_core.package_identification:_identify(log) by extensions ['ignore', 'ignore_ament_install']
[0.187s] Level 1:colcon.colcon_core.package_identification:_identify(log) by extension 'ignore'
[0.187s] Level 1:colcon.colcon_core.package_identification:_identify(log) ignored
[0.187s] Level 1:colcon.colcon_core.package_identification:_identify(src) by extensions ['ignore', 'ignore_ament_install']
[0.187s] Level 1:colcon.colcon_core.package_identification:_identify(src) by extension 'ignore'
[0.187s] Level 1:colcon.colcon_core.package_identification:_identify(src) by extension 'ignore_ament_install'
[0.187s] Level 1:colcon.colcon_core.package_identification:_identify(src) by extensions ['colcon_pkg']
[0.187s] Level 1:colcon.colcon_core.package_identification:_identify(src) by extension 'colcon_pkg'
[0.187s] Level 1:colcon.colcon_core.package_identification:_identify(src) by extensions ['colcon_meta']
[0.187s] Level 1:colcon.colcon_core.package_identification:_identify(src) by extension 'colcon_meta'
[0.187s] Level 1:colcon.colcon_core.package_identification:_identify(src) by extensions ['ros']
[0.187s] Level 1:colcon.colcon_core.package_identification:_identify(src) by extension 'ros'
[0.187s] Level 1:colcon.colcon_core.package_identification:_identify(src) by extensions ['cmake', 'python']
[0.187s] Level 1:colcon.colcon_core.package_identification:_identify(src) by extension 'cmake'
[0.187s] Level 1:colcon.colcon_core.package_identification:_identify(src) by extension 'python'
[0.187s] Level 1:colcon.colcon_core.package_identification:_identify(src) by extensions ['python_setup_py']
[0.187s] Level 1:colcon.colcon_core.package_identification:_identify(src) by extension 'python_setup_py'
[0.187s] Level 1:colcon.colcon_core.package_identification:_identify(src/urdf_tutorial_r2d2) by extensions ['ignore', 'ignore_ament_install']
[0.187s] Level 1:colcon.colcon_core.package_identification:_identify(src/urdf_tutorial_r2d2) by extension 'ignore'
[0.187s] Level 1:colcon.colcon_core.package_identification:_identify(src/urdf_tutorial_r2d2) by extension 'ignore_ament_install'
[0.187s] Level 1:colcon.colcon_core.package_identification:_identify(src/urdf_tutorial_r2d2) by extensions ['colcon_pkg']
[0.187s] Level 1:colcon.colcon_core.package_identification:_identify(src/urdf_tutorial_r2d2) by extension 'colcon_pkg'
[0.187s] Level 1:colcon.colcon_core.package_identification:_identify(src/urdf_tutorial_r2d2) by extensions ['colcon_meta']
[0.187s] Level 1:colcon.colcon_core.package_identification:_identify(src/urdf_tutorial_r2d2) by extension 'colcon_meta'
[0.187s] Level 1:colcon.colcon_core.package_identification:_identify(src/urdf_tutorial_r2d2) by extensions ['ros']
[0.187s] Level 1:colcon.colcon_core.package_identification:_identify(src/urdf_tutorial_r2d2) by extension 'ros'
[0.190s] DEBUG:colcon.colcon_core.package_identification:Package 'src/urdf_tutorial_r2d2' with type 'ros.ament_python' and name 'urdf_tutorial_r2d2'
[0.190s] Level 1:colcon.colcon_core.package_identification:_identify(src/warebotsim) by extensions ['ignore', 'ignore_ament_install']
[0.190s] Level 1:colcon.colcon_core.package_identification:_identify(src/warebotsim) by extension 'ignore'
[0.191s] Level 1:colcon.colcon_core.package_identification:_identify(src/warebotsim) by extension 'ignore_ament_install'
[0.191s] Level 1:colcon.colcon_core.package_identification:_identify(src/warebotsim) by extensions ['colcon_pkg']
[0.191s] Level 1:colcon.colcon_core.package_identification:_identify(src/warebotsim) by extension 'colcon_pkg'
[0.191s] Level 1:colcon.colcon_core.package_identification:_identify(src/warebotsim) by extensions ['colcon_meta']
[0.191s] Level 1:colcon.colcon_core.package_identification:_identify(src/warebotsim) by extension 'colcon_meta'
[0.191s] Level 1:colcon.colcon_core.package_identification:_identify(src/warebotsim) by extensions ['ros']
[0.191s] Level 1:colcon.colcon_core.package_identification:_identify(src/warebotsim) by extension 'ros'
[0.191s] DEBUG:colcon.colcon_core.package_identification:Package 'src/warebotsim' with type 'ros.ament_python' and name 'warebotsim'
[0.191s] Level 1:colcon.colcon_core.package_discovery:discover_packages(recursive) using defaults
[0.192s] Level 1:colcon.colcon_core.package_discovery:discover_packages(ignore) discover
[0.192s] Level 1:colcon.colcon_core.package_discovery:discover_packages(ignore) using defaults
[0.192s] Level 1:colcon.colcon_core.package_discovery:discover_packages(path) discover
[0.192s] Level 1:colcon.colcon_core.package_discovery:discover_packages(path) using defaults
[0.209s] INFO:colcon.colcon_core.package_selection:Skipping not selected package 'urdf_tutorial_r2d2' in 'src/urdf_tutorial_r2d2'
[0.210s] Level 1:colcon.colcon_core.package_discovery:discover_packages(prefix_path) check parameters
[0.211s] Level 1:colcon.colcon_core.package_discovery:discover_packages(prefix_path) discover
[0.214s] DEBUG:colcon.colcon_installed_package_information.package_discovery:Found 1 installed packages in /home/yektapanj/WareBotSim/install
[0.217s] DEBUG:colcon.colcon_installed_package_information.package_discovery:Found 325 installed packages in /opt/ros/kilted
[0.218s] Level 1:colcon.colcon_core.package_discovery:discover_packages(prefix_path) using defaults
[0.267s] Level 5:colcon.colcon_core.verb:set package 'warebotsim' build argument 'cmake_args' from command line to 'None'
[0.267s] Level 5:colcon.colcon_core.verb:set package 'warebotsim' build argument 'cmake_target' from command line to 'None'
[0.267s] Level 5:colcon.colcon_core.verb:set package 'warebotsim' build argument 'cmake_target_skip_unavailable' from command line to 'False'
[0.267s] Level 5:colcon.colcon_core.verb:set package 'warebotsim' build argument 'cmake_clean_cache' from command line to 'False'
[0.267s] Level 5:colcon.colcon_core.verb:set package 'warebotsim' build argument 'cmake_clean_first' from command line to 'False'
[0.267s] Level 5:colcon.colcon_core.verb:set package 'warebotsim' build argument 'cmake_force_configure' from command line to 'False'
[0.267s] Level 5:colcon.colcon_core.verb:set package 'warebotsim' build argument 'ament_cmake_args' from command line to 'None'
[0.267s] Level 5:colcon.colcon_core.verb:set package 'warebotsim' build argument 'catkin_cmake_args' from command line to 'None'
[0.268s] Level 5:colcon.colcon_core.verb:set package 'warebotsim' build argument 'catkin_skip_building_tests' from command line to 'False'
[0.268s] DEBUG:colcon.colcon_core.verb:Building package 'warebotsim' with the following arguments: {'ament_cmake_args': None, 'build_base': '/home/yektapanj/WareBotSim/build/warebotsim', 'catkin_cmake_args': None, 'catkin_skip_building_tests': False, 'cmake_args': None, 'cmake_clean_cache': False, 'cmake_clean_first': False, 'cmake_force_configure': False, 'cmake_target': None, 'cmake_target_skip_unavailable': False, 'install_base': '/home/yektapanj/WareBotSim/install/warebotsim', 'merge_install': False, 'path': '/home/yektapanj/WareBotSim/src/warebotsim', 'symlink_install': True, 'test_result_base': None}
[0.268s] INFO:colcon.colcon_core.executor:Executing jobs using 'parallel' executor
[0.270s] DEBUG:colcon.colcon_parallel_executor.executor.parallel:run_until_complete
[0.270s] INFO:colcon.colcon_ros.task.ament_python.build:Building ROS package in '/home/yektapanj/WareBotSim/src/warebotsim' with build type 'ament_python'
[0.270s] Level 1:colcon.colcon_core.shell:create_environment_hook('warebotsim', 'ament_prefix_path')
[0.275s] INFO:colcon.colcon_core.plugin_system:Skipping extension 'colcon_core.shell.bat': Not used on non-Windows systems
[0.275s] INFO:colcon.colcon_core.shell:Creating environment hook '/home/yektapanj/WareBotSim/install/warebotsim/share/warebotsim/hook/ament_prefix_path.ps1'
[0.276s] INFO:colcon.colcon_core.shell:Creating environment descriptor '/home/yektapanj/WareBotSim/install/warebotsim/share/warebotsim/hook/ament_prefix_path.dsv'
[0.277s] INFO:colcon.colcon_core.shell:Creating environment hook '/home/yektapanj/WareBotSim/install/warebotsim/share/warebotsim/hook/ament_prefix_path.sh'
[0.278s] INFO:colcon.colcon_core.shell:Skip shell extension 'powershell' for command environment: Not usable outside of PowerShell
[0.278s] DEBUG:colcon.colcon_core.shell:Skip shell extension 'dsv' for command environment
[0.514s] INFO:colcon.colcon_core.task.python.build:Building Python package in '/home/yektapanj/WareBotSim/src/warebotsim'
[0.514s] INFO:colcon.colcon_core.shell:Skip shell extension 'powershell' for command environment: Not usable outside of PowerShell
[0.515s] DEBUG:colcon.colcon_core.shell:Skip shell extension 'dsv' for command environment
[1.125s] DEBUG:colcon.colcon_core.event_handler.log_command:Invoking command in '/home/yektapanj/WareBotSim/build/warebotsim': DEBUGINFOD_URLS=https://debuginfod.ubuntu.com PYTHONPATH=/home/yektapanj/WareBotSim/build/warebotsim/prefix_override:/usr/lib/python3/dist-packages/colcon_core/task/python/colcon_distutils_commands:/home/yektapanj/WareBotSim/install/warebotsim/lib/python3.12/site-packages:${PYTHONPATH} /usr/bin/python3 -W ignore:setup.py install is deprecated -W ignore:easy_install command is deprecated setup.py develop --editable --build-directory /home/yektapanj/WareBotSim/build/warebotsim/build --no-deps symlink_data
[1.784s] Level 1:colcon.colcon_core.shell:create_environment_hook('warebotsim', 'pythonpath_develop')
[1.784s] INFO:colcon.colcon_core.shell:Creating environment hook '/home/yektapanj/WareBotSim/build/warebotsim/share/warebotsim/hook/pythonpath_develop.ps1'
[1.786s] DEBUG:colcon.colcon_core.event_handler.log_command:Invoked command in '/home/yektapanj/WareBotSim/build/warebotsim' returned '0': DEBUGINFOD_URLS=https://debuginfod.ubuntu.com PYTHONPATH=/home/yektapanj/WareBotSim/build/warebotsim/prefix_override:/usr/lib/python3/dist-packages/colcon_core/task/python/colcon_distutils_commands:/home/yektapanj/WareBotSim/install/warebotsim/lib/python3.12/site-packages:${PYTHONPATH} /usr/bin/python3 -W ignore:setup.py install is deprecated -W ignore:easy_install command is deprecated setup.py develop --editable --build-directory /home/yektapanj/WareBotSim/build/warebotsim/build --no-deps symlink_data
[1.786s] INFO:colcon.colcon_core.shell:Creating environment descriptor '/home/yektapanj/WareBotSim/build/warebotsim/share/warebotsim/hook/pythonpath_develop.dsv'
[1.787s] INFO:colcon.colcon_core.shell:Creating environment hook '/home/yektapanj/WareBotSim/build/warebotsim/share/warebotsim/hook/pythonpath_develop.sh'
[1.789s] Level 1:colcon.colcon_core.environment:checking '/home/yektapanj/WareBotSim/install/warebotsim' for CMake module files
[1.790s] Level 1:colcon.colcon_core.environment:checking '/home/yektapanj/WareBotSim/install/warebotsim' for CMake config files
[1.791s] Level 1:colcon.colcon_core.environment:checking '/home/yektapanj/WareBotSim/install/warebotsim/lib'
[1.792s] Level 1:colcon.colcon_core.environment:checking '/home/yektapanj/WareBotSim/install/warebotsim/bin'
[1.792s] Level 1:colcon.colcon_core.environment:checking '/home/yektapanj/WareBotSim/install/warebotsim/lib/pkgconfig/warebotsim.pc'
[1.792s] Level 1:colcon.colcon_core.environment:checking '/home/yektapanj/WareBotSim/install/warebotsim/lib/python3.12/site-packages'
[1.793s] Level 1:colcon.colcon_core.shell:create_environment_hook('warebotsim', 'pythonpath')
[1.793s] INFO:colcon.colcon_core.shell:Creating environment hook '/home/yektapanj/WareBotSim/install/warebotsim/share/warebotsim/hook/pythonpath.ps1'
[1.793s] INFO:colcon.colcon_core.shell:Creating environment descriptor '/home/yektapanj/WareBotSim/install/warebotsim/share/warebotsim/hook/pythonpath.dsv'
[1.794s] INFO:colcon.colcon_core.shell:Creating environment hook '/home/yektapanj/WareBotSim/install/warebotsim/share/warebotsim/hook/pythonpath.sh'
[1.795s] Level 1:colcon.colcon_core.environment:checking '/home/yektapanj/WareBotSim/install/warebotsim/bin'
[1.795s] Level 1:colcon.colcon_core.environment:create_environment_scripts_only(warebotsim)
[1.795s] INFO:colcon.colcon_core.shell:Creating package script '/home/yektapanj/WareBotSim/install/warebotsim/share/warebotsim/package.ps1'
[1.796s] INFO:colcon.colcon_core.shell:Creating package descriptor '/home/yektapanj/WareBotSim/install/warebotsim/share/warebotsim/package.dsv'
[1.796s] INFO:colcon.colcon_core.shell:Creating package script '/home/yektapanj/WareBotSim/install/warebotsim/share/warebotsim/package.sh'
[1.797s] INFO:colcon.colcon_core.shell:Creating package script '/home/yektapanj/WareBotSim/install/warebotsim/share/warebotsim/package.bash'
[1.798s] INFO:colcon.colcon_core.shell:Creating package script '/home/yektapanj/WareBotSim/install/warebotsim/share/warebotsim/package.zsh'
[1.798s] Level 1:colcon.colcon_core.environment:create_file_with_runtime_dependencies(/home/yektapanj/WareBotSim/install/warebotsim/share/colcon-core/packages/warebotsim)
[1.799s] DEBUG:colcon.colcon_parallel_executor.executor.parallel:closing loop
[1.800s] DEBUG:colcon.colcon_parallel_executor.executor.parallel:loop closed
[1.800s] DEBUG:colcon.colcon_parallel_executor.executor.parallel:run_until_complete finished with '0'
[1.800s] DEBUG:colcon.colcon_core.event_reactor:joining thread
[1.805s] INFO:colcon.colcon_core.plugin_system:Skipping extension 'colcon_notification.desktop_notification.terminal_notifier': Not used on non-Darwin systems
[1.805s] INFO:colcon.colcon_core.plugin_system:Skipping extension 'colcon_notification.desktop_notification.win32': Not used on non-Windows systems
[1.805s] INFO:colcon.colcon_notification.desktop_notification:Sending desktop notification using 'notify2'
[1.826s] DEBUG:colcon.colcon_core.event_reactor:joined thread
[1.828s] INFO:colcon.colcon_core.shell:Creating prefix script '/home/yektapanj/WareBotSim/install/local_setup.ps1'
[1.829s] INFO:colcon.colcon_core.shell:Creating prefix util module '/home/yektapanj/WareBotSim/install/_local_setup_util_ps1.py'
[1.832s] INFO:colcon.colcon_core.shell:Creating prefix chain script '/home/yektapanj/WareBotSim/install/setup.ps1'
[1.833s] INFO:colcon.colcon_core.shell:Creating prefix script '/home/yektapanj/WareBotSim/install/local_setup.sh'
[1.834s] INFO:colcon.colcon_core.shell:Creating prefix util module '/home/yektapanj/WareBotSim/install/_local_setup_util_sh.py'
[1.836s] INFO:colcon.colcon_core.shell:Creating prefix chain script '/home/yektapanj/WareBotSim/install/setup.sh'
[1.837s] INFO:colcon.colcon_core.shell:Creating prefix script '/home/yektapanj/WareBotSim/install/local_setup.bash'
[1.838s] INFO:colcon.colcon_core.shell:Creating prefix chain script '/home/yektapanj/WareBotSim/install/setup.bash'
[1.838s] INFO:colcon.colcon_core.shell:Creating prefix script '/home/yektapanj/WareBotSim/install/local_setup.zsh'
[1.839s] INFO:colcon.colcon_core.shell:Creating prefix chain script '/home/yektapanj/WareBotSim/install/setup.zsh'
