-- The C compiler identification is GNU 13.3.0
-- The CXX compiler identification is GNU 13.3.0
-- Detecting C compiler ABI info
-- Detecting C compiler ABI info - done
-- Check for working C compiler: /usr/bin/cc - skipped
-- Detecting C compile features
-- Detecting C compile features - done
-- Detecting CXX compiler ABI info
-- Detecting CXX compiler ABI info - done
-- Check for working CXX compiler: /usr/bin/c++ - skipped
-- Detecting CXX compile features
-- Detecting CXX compile features - done
-- Found ament_cmake: 2.7.3 (/opt/ros/kilted/share/ament_cmake/cmake)
-- Found Python3: /usr/bin/python3 (found version "3.12.3") found components: Interpreter 
-- Found rosidl_default_generators: 1.7.1 (/opt/ros/kilted/share/rosidl_default_generators/cmake)
-- Using all available rosidl_typesupport_c: rosidl_typesupport_fastrtps_c;rosidl_typesupport_introspection_c
-- Using all available rosidl_typesupport_cpp: rosidl_typesupport_fastrtps_cpp;rosidl_typesupport_introspection_cpp
-- Found rosidl_adapter: 4.9.5 (/opt/ros/kilted/share/rosidl_adapter/cmake)
-- Found ament_cmake_ros_core: 0.14.5 (/opt/ros/kilted/share/ament_cmake_ros_core/cmake)
-- Using all available rosidl_typesupport_c: rosidl_typesupport_fastrtps_c;rosidl_typesupport_introspection_c
-- Using all available rosidl_typesupport_cpp: rosidl_typesupport_fastrtps_cpp;rosidl_typesupport_introspection_cpp
-- Found Python3: /usr/bin/python3 (found version "3.12.3") found components: Interpreter Development NumPy Development.Module Development.Embed 
-- Found ament_lint_auto: 0.19.2 (/opt/ros/kilted/share/ament_lint_auto/cmake)
-- Added test 'lint_cmake' to check CMake code style
-- Added test 'xmllint' to check XML markup files
-- Configuring done (7.6s)
-- Generating done (0.1s)
-- Build files have been written to: /home/yektapanj/WareBotSim/build/warebotsim_interfaces
[  2%] [34m[1mGenerating type hashes for ROS interfaces[0m
[  2%] Built target ament_cmake_python_copy_warebotsim_interfaces
[  2%] Built target warebotsim_interfaces__rosidl_generator_type_description
running egg_info
creating warebotsim_interfaces.egg-info
writing warebotsim_interfaces.egg-info/PKG-INFO
writing dependency_links to warebotsim_interfaces.egg-info/dependency_links.txt
writing top-level names to warebotsim_interfaces.egg-info/top_level.txt
writing manifest file 'warebotsim_interfaces.egg-info/SOURCES.txt'
[  4%] [34m[1mGenerating C code for ROS interfaces[0m
[  6%] [34m[1mGenerating C++ code for ROS interfaces[0m
reading manifest file 'warebotsim_interfaces.egg-info/SOURCES.txt'
writing manifest file 'warebotsim_interfaces.egg-info/SOURCES.txt'
[  6%] Built target ament_cmake_python_build_warebotsim_interfaces_egg
[  6%] Built target warebotsim_interfaces__cpp
[  9%] [32mBuilding C object CMakeFiles/warebotsim_interfaces__rosidl_generator_c.dir/rosidl_generator_c/warebotsim_interfaces/srv/detail/create_order__type_support.c.o[0m
[ 11%] [32mBuilding C object CMakeFiles/warebotsim_interfaces__rosidl_generator_c.dir/rosidl_generator_c/warebotsim_interfaces/srv/detail/create_order__description.c.o[0m
[ 13%] [32mBuilding C object CMakeFiles/warebotsim_interfaces__rosidl_generator_c.dir/rosidl_generator_c/warebotsim_interfaces/action/detail/fulfill_order__description.c.o[0m
[ 15%] [32mBuilding C object CMakeFiles/warebotsim_interfaces__rosidl_generator_c.dir/rosidl_generator_c/warebotsim_interfaces/srv/detail/create_order__functions.c.o[0m
[ 18%] [32mBuilding C object CMakeFiles/warebotsim_interfaces__rosidl_generator_c.dir/rosidl_generator_c/warebotsim_interfaces/action/detail/fulfill_order__type_support.c.o[0m
[ 20%] [32mBuilding C object CMakeFiles/warebotsim_interfaces__rosidl_generator_c.dir/rosidl_generator_c/warebotsim_interfaces/action/detail/fulfill_order__functions.c.o[0m
[ 22%] [32m[1mLinking C shared library libwarebotsim_interfaces__rosidl_generator_c.so[0m
[ 22%] Built target warebotsim_interfaces__rosidl_generator_c
[ 29%] [34m[1mGenerating C++ type support dispatch for ROS interfaces[0m
[ 29%] [34m[1mGenerating C++ type support for eProsima Fast-RTPS[0m
[ 29%] [34m[1mGenerating C introspection for ROS interfaces[0m
[ 31%] [34m[1mGenerating C++ introspection for ROS interfaces[0m
[ 34%] [34m[1mGenerating C type support dispatch for ROS interfaces[0m
[ 36%] [34m[1mGenerating C type support for eProsima Fast-RTPS[0m
[ 38%] [32mBuilding CXX object CMakeFiles/warebotsim_interfaces__rosidl_typesupport_c.dir/rosidl_typesupport_c/warebotsim_interfaces/srv/create_order__type_support.cpp.o[0m
[ 40%] [32mBuilding CXX object CMakeFiles/warebotsim_interfaces__rosidl_typesupport_cpp.dir/rosidl_typesupport_cpp/warebotsim_interfaces/srv/create_order__type_support.cpp.o[0m
[ 43%] [32mBuilding CXX object CMakeFiles/warebotsim_interfaces__rosidl_typesupport_introspection_cpp.dir/rosidl_typesupport_introspection_cpp/warebotsim_interfaces/srv/detail/create_order__type_support.cpp.o[0m
[ 45%] [32mBuilding CXX object CMakeFiles/warebotsim_interfaces__rosidl_typesupport_c.dir/rosidl_typesupport_c/warebotsim_interfaces/action/fulfill_order__type_support.cpp.o[0m
[ 47%] [32mBuilding C object CMakeFiles/warebotsim_interfaces__rosidl_typesupport_introspection_c.dir/rosidl_typesupport_introspection_c/warebotsim_interfaces/srv/detail/create_order__type_support.c.o[0m
[ 50%] [32mBuilding CXX object CMakeFiles/warebotsim_interfaces__rosidl_typesupport_fastrtps_cpp.dir/rosidl_typesupport_fastrtps_cpp/warebotsim_interfaces/srv/detail/dds_fastrtps/create_order__type_support.cpp.o[0m
[ 52%] [32m[1mLinking CXX shared library libwarebotsim_interfaces__rosidl_typesupport_c.so[0m
[ 54%] [32mBuilding CXX object CMakeFiles/warebotsim_interfaces__rosidl_typesupport_fastrtps_c.dir/rosidl_typesupport_fastrtps_c/warebotsim_interfaces/srv/detail/create_order__type_support_c.cpp.o[0m
[ 56%] [32mBuilding C object CMakeFiles/warebotsim_interfaces__rosidl_typesupport_introspection_c.dir/rosidl_typesupport_introspection_c/warebotsim_interfaces/action/detail/fulfill_order__type_support.c.o[0m
[ 56%] Built target warebotsim_interfaces__rosidl_typesupport_c
[ 59%] [32mBuilding CXX object CMakeFiles/warebotsim_interfaces__rosidl_typesupport_cpp.dir/rosidl_typesupport_cpp/warebotsim_interfaces/action/fulfill_order__type_support.cpp.o[0m
[ 61%] [32m[1mLinking C shared library libwarebotsim_interfaces__rosidl_typesupport_introspection_c.so[0m
[ 61%] Built target warebotsim_interfaces__rosidl_typesupport_introspection_c
[ 63%] [32mBuilding CXX object CMakeFiles/warebotsim_interfaces__rosidl_typesupport_introspection_cpp.dir/rosidl_typesupport_introspection_cpp/warebotsim_interfaces/action/detail/fulfill_order__type_support.cpp.o[0m
[ 65%] [32mBuilding CXX object CMakeFiles/warebotsim_interfaces__rosidl_typesupport_fastrtps_cpp.dir/rosidl_typesupport_fastrtps_cpp/warebotsim_interfaces/action/detail/dds_fastrtps/fulfill_order__type_support.cpp.o[0m
[ 68%] [32mBuilding CXX object CMakeFiles/warebotsim_interfaces__rosidl_typesupport_fastrtps_c.dir/rosidl_typesupport_fastrtps_c/warebotsim_interfaces/action/detail/fulfill_order__type_support_c.cpp.o[0m
[ 70%] [32m[1mLinking CXX shared library libwarebotsim_interfaces__rosidl_typesupport_cpp.so[0m
[ 72%] [32m[1mLinking CXX shared library libwarebotsim_interfaces__rosidl_typesupport_fastrtps_c.so[0m
[ 75%] Built target warebotsim_interfaces__rosidl_typesupport_cpp
[ 75%] [32m[1mLinking CXX shared library libwarebotsim_interfaces__rosidl_typesupport_introspection_cpp.so[0m
[ 75%] Built target warebotsim_interfaces__rosidl_typesupport_fastrtps_c
[ 75%] Built target warebotsim_interfaces__rosidl_typesupport_introspection_cpp
[ 77%] [32m[1mLinking CXX shared library libwarebotsim_interfaces__rosidl_typesupport_fastrtps_cpp.so[0m
[ 77%] Built target warebotsim_interfaces__rosidl_typesupport_fastrtps_cpp
[ 77%] Built target warebotsim_interfaces
[ 79%] [34m[1mGenerating Python code for ROS interfaces[0m
[ 79%] Built target warebotsim_interfaces__py
[ 81%] [32mBuilding C object CMakeFiles/warebotsim_interfaces__rosidl_generator_py.dir/rosidl_generator_py/warebotsim_interfaces/srv/_create_order_s.c.o[0m
[ 84%] [32mBuilding C object CMakeFiles/warebotsim_interfaces__rosidl_generator_py.dir/rosidl_generator_py/warebotsim_interfaces/action/_fulfill_order_s.c.o[0m
[ 86%] [32m[1mLinking C shared library libwarebotsim_interfaces__rosidl_generator_py.so[0m
[ 86%] Built target warebotsim_interfaces__rosidl_generator_py
[ 93%] [32mBuilding C object CMakeFiles/warebotsim_interfaces_s__rosidl_typesupport_introspection_c.dir/rosidl_generator_py/warebotsim_interfaces/_warebotsim_interfaces_s.ep.rosidl_typesupport_introspection_c.c.o[0m
[ 93%] [32mBuilding C object CMakeFiles/warebotsim_interfaces_s__rosidl_typesupport_c.dir/rosidl_generator_py/warebotsim_interfaces/_warebotsim_interfaces_s.ep.rosidl_typesupport_c.c.o[0m
[ 93%] [32mBuilding C object CMakeFiles/warebotsim_interfaces_s__rosidl_typesupport_fastrtps_c.dir/rosidl_generator_py/warebotsim_interfaces/_warebotsim_interfaces_s.ep.rosidl_typesupport_fastrtps_c.c.o[0m
[ 97%] [32m[1mLinking C shared module rosidl_generator_py/warebotsim_interfaces/warebotsim_interfaces_s__rosidl_typesupport_introspection_c.so[0m
[ 97%] [32m[1mLinking C shared module rosidl_generator_py/warebotsim_interfaces/warebotsim_interfaces_s__rosidl_typesupport_c.so[0m
[100%] [32m[1mLinking C shared module rosidl_generator_py/warebotsim_interfaces/warebotsim_interfaces_s__rosidl_typesupport_fastrtps_c.so[0m
[100%] Built target warebotsim_interfaces_s__rosidl_typesupport_fastrtps_c
[100%] Built target warebotsim_interfaces_s__rosidl_typesupport_introspection_c
[100%] Built target warebotsim_interfaces_s__rosidl_typesupport_c
-- Install configuration: ""
-- Installing: /home/yektapanj/WareBotSim/install/warebotsim_interfaces/share/ament_index/resource_index/rosidl_interfaces/warebotsim_interfaces
-- Installing: /home/yektapanj/WareBotSim/install/warebotsim_interfaces/share/warebotsim_interfaces/srv/CreateOrder.json
-- Installing: /home/yektapanj/WareBotSim/install/warebotsim_interfaces/share/warebotsim_interfaces/action/FulfillOrder.json
-- Installing: /home/yektapanj/WareBotSim/install/warebotsim_interfaces/include/warebotsim_interfaces/warebotsim_interfaces
-- Installing: /home/yektapanj/WareBotSim/install/warebotsim_interfaces/include/warebotsim_interfaces/warebotsim_interfaces/srv
-- Installing: /home/yektapanj/WareBotSim/install/warebotsim_interfaces/include/warebotsim_interfaces/warebotsim_interfaces/srv/detail
-- Installing: /home/yektapanj/WareBotSim/install/warebotsim_interfaces/include/warebotsim_interfaces/warebotsim_interfaces/srv/detail/create_order__type_support.c
-- Installing: /home/yektapanj/WareBotSim/install/warebotsim_interfaces/include/warebotsim_interfaces/warebotsim_interfaces/srv/detail/create_order__type_support.h
-- Installing: /home/yektapanj/WareBotSim/install/warebotsim_interfaces/include/warebotsim_interfaces/warebotsim_interfaces/srv/detail/create_order__functions.c
-- Installing: /home/yektapanj/WareBotSim/install/warebotsim_interfaces/include/warebotsim_interfaces/warebotsim_interfaces/srv/detail/create_order__struct.h
-- Installing: /home/yektapanj/WareBotSim/install/warebotsim_interfaces/include/warebotsim_interfaces/warebotsim_interfaces/srv/detail/create_order__description.c
-- Installing: /home/yektapanj/WareBotSim/install/warebotsim_interfaces/include/warebotsim_interfaces/warebotsim_interfaces/srv/detail/create_order__functions.h
-- Installing: /home/yektapanj/WareBotSim/install/warebotsim_interfaces/include/warebotsim_interfaces/warebotsim_interfaces/srv/create_order.h
-- Installing: /home/yektapanj/WareBotSim/install/warebotsim_interfaces/include/warebotsim_interfaces/warebotsim_interfaces/msg
-- Installing: /home/yektapanj/WareBotSim/install/warebotsim_interfaces/include/warebotsim_interfaces/warebotsim_interfaces/msg/rosidl_generator_c__visibility_control.h
-- Installing: /home/yektapanj/WareBotSim/install/warebotsim_interfaces/include/warebotsim_interfaces/warebotsim_interfaces/action
-- Installing: /home/yektapanj/WareBotSim/install/warebotsim_interfaces/include/warebotsim_interfaces/warebotsim_interfaces/action/detail
-- Installing: /home/yektapanj/WareBotSim/install/warebotsim_interfaces/include/warebotsim_interfaces/warebotsim_interfaces/action/detail/fulfill_order__type_support.h
-- Installing: /home/yektapanj/WareBotSim/install/warebotsim_interfaces/include/warebotsim_interfaces/warebotsim_interfaces/action/detail/fulfill_order__type_support.c
-- Installing: /home/yektapanj/WareBotSim/install/warebotsim_interfaces/include/warebotsim_interfaces/warebotsim_interfaces/action/detail/fulfill_order__functions.c
-- Installing: /home/yektapanj/WareBotSim/install/warebotsim_interfaces/include/warebotsim_interfaces/warebotsim_interfaces/action/detail/fulfill_order__struct.h
-- Installing: /home/yektapanj/WareBotSim/install/warebotsim_interfaces/include/warebotsim_interfaces/warebotsim_interfaces/action/detail/fulfill_order__description.c
-- Installing: /home/yektapanj/WareBotSim/install/warebotsim_interfaces/include/warebotsim_interfaces/warebotsim_interfaces/action/detail/fulfill_order__functions.h
-- Installing: /home/yektapanj/WareBotSim/install/warebotsim_interfaces/include/warebotsim_interfaces/warebotsim_interfaces/action/fulfill_order.h
-- Installing: /home/yektapanj/WareBotSim/install/warebotsim_interfaces/share/warebotsim_interfaces/environment/library_path.sh
-- Installing: /home/yektapanj/WareBotSim/install/warebotsim_interfaces/share/warebotsim_interfaces/environment/library_path.dsv
-- Installing: /home/yektapanj/WareBotSim/install/warebotsim_interfaces/lib/libwarebotsim_interfaces__rosidl_generator_c.so
-- Set non-toolchain portion of runtime path of "/home/yektapanj/WareBotSim/install/warebotsim_interfaces/lib/libwarebotsim_interfaces__rosidl_generator_c.so" to ""
-- Up-to-date: /home/yektapanj/WareBotSim/install/warebotsim_interfaces/include/warebotsim_interfaces/warebotsim_interfaces
-- Up-to-date: /home/yektapanj/WareBotSim/install/warebotsim_interfaces/include/warebotsim_interfaces/warebotsim_interfaces/srv
-- Up-to-date: /home/yektapanj/WareBotSim/install/warebotsim_interfaces/include/warebotsim_interfaces/warebotsim_interfaces/srv/detail
-- Installing: /home/yektapanj/WareBotSim/install/warebotsim_interfaces/include/warebotsim_interfaces/warebotsim_interfaces/srv/detail/create_order__rosidl_typesupport_fastrtps_c.h
-- Up-to-date: /home/yektapanj/WareBotSim/install/warebotsim_interfaces/include/warebotsim_interfaces/warebotsim_interfaces/msg
-- Installing: /home/yektapanj/WareBotSim/install/warebotsim_interfaces/include/warebotsim_interfaces/warebotsim_interfaces/msg/rosidl_typesupport_fastrtps_c__visibility_control.h
-- Up-to-date: /home/yektapanj/WareBotSim/install/warebotsim_interfaces/include/warebotsim_interfaces/warebotsim_interfaces/action
-- Up-to-date: /home/yektapanj/WareBotSim/install/warebotsim_interfaces/include/warebotsim_interfaces/warebotsim_interfaces/action/detail
-- Installing: /home/yektapanj/WareBotSim/install/warebotsim_interfaces/include/warebotsim_interfaces/warebotsim_interfaces/action/detail/fulfill_order__rosidl_typesupport_fastrtps_c.h
-- Installing: /home/yektapanj/WareBotSim/install/warebotsim_interfaces/lib/libwarebotsim_interfaces__rosidl_typesupport_fastrtps_c.so
-- Set non-toolchain portion of runtime path of "/home/yektapanj/WareBotSim/install/warebotsim_interfaces/lib/libwarebotsim_interfaces__rosidl_typesupport_fastrtps_c.so" to ""
-- Up-to-date: /home/yektapanj/WareBotSim/install/warebotsim_interfaces/include/warebotsim_interfaces/warebotsim_interfaces
-- Up-to-date: /home/yektapanj/WareBotSim/install/warebotsim_interfaces/include/warebotsim_interfaces/warebotsim_interfaces/srv
-- Up-to-date: /home/yektapanj/WareBotSim/install/warebotsim_interfaces/include/warebotsim_interfaces/warebotsim_interfaces/srv/detail
-- Installing: /home/yektapanj/WareBotSim/install/warebotsim_interfaces/include/warebotsim_interfaces/warebotsim_interfaces/srv/detail/create_order__type_support.c
-- Installing: /home/yektapanj/WareBotSim/install/warebotsim_interfaces/include/warebotsim_interfaces/warebotsim_interfaces/srv/detail/create_order__rosidl_typesupport_introspection_c.h
-- Up-to-date: /home/yektapanj/WareBotSim/install/warebotsim_interfaces/include/warebotsim_interfaces/warebotsim_interfaces/msg
-- Installing: /home/yektapanj/WareBotSim/install/warebotsim_interfaces/include/warebotsim_interfaces/warebotsim_interfaces/msg/rosidl_typesupport_introspection_c__visibility_control.h
-- Up-to-date: /home/yektapanj/WareBotSim/install/warebotsim_interfaces/include/warebotsim_interfaces/warebotsim_interfaces/action
-- Up-to-date: /home/yektapanj/WareBotSim/install/warebotsim_interfaces/include/warebotsim_interfaces/warebotsim_interfaces/action/detail
-- Installing: /home/yektapanj/WareBotSim/install/warebotsim_interfaces/include/warebotsim_interfaces/warebotsim_interfaces/action/detail/fulfill_order__type_support.c
-- Installing: /home/yektapanj/WareBotSim/install/warebotsim_interfaces/include/warebotsim_interfaces/warebotsim_interfaces/action/detail/fulfill_order__rosidl_typesupport_introspection_c.h
-- Installing: /home/yektapanj/WareBotSim/install/warebotsim_interfaces/lib/libwarebotsim_interfaces__rosidl_typesupport_introspection_c.so
-- Set non-toolchain portion of runtime path of "/home/yektapanj/WareBotSim/install/warebotsim_interfaces/lib/libwarebotsim_interfaces__rosidl_typesupport_introspection_c.so" to ""
-- Installing: /home/yektapanj/WareBotSim/install/warebotsim_interfaces/lib/libwarebotsim_interfaces__rosidl_typesupport_c.so
-- Set non-toolchain portion of runtime path of "/home/yektapanj/WareBotSim/install/warebotsim_interfaces/lib/libwarebotsim_interfaces__rosidl_typesupport_c.so" to ""
-- Up-to-date: /home/yektapanj/WareBotSim/install/warebotsim_interfaces/include/warebotsim_interfaces/warebotsim_interfaces
-- Up-to-date: /home/yektapanj/WareBotSim/install/warebotsim_interfaces/include/warebotsim_interfaces/warebotsim_interfaces/srv
-- Up-to-date: /home/yektapanj/WareBotSim/install/warebotsim_interfaces/include/warebotsim_interfaces/warebotsim_interfaces/srv/detail
-- Installing: /home/yektapanj/WareBotSim/install/warebotsim_interfaces/include/warebotsim_interfaces/warebotsim_interfaces/srv/detail/create_order__type_support.hpp
-- Installing: /home/yektapanj/WareBotSim/install/warebotsim_interfaces/include/warebotsim_interfaces/warebotsim_interfaces/srv/detail/create_order__traits.hpp
-- Installing: /home/yektapanj/WareBotSim/install/warebotsim_interfaces/include/warebotsim_interfaces/warebotsim_interfaces/srv/detail/create_order__struct.hpp
-- Installing: /home/yektapanj/WareBotSim/install/warebotsim_interfaces/include/warebotsim_interfaces/warebotsim_interfaces/srv/detail/create_order__builder.hpp
-- Installing: /home/yektapanj/WareBotSim/install/warebotsim_interfaces/include/warebotsim_interfaces/warebotsim_interfaces/srv/create_order.hpp
-- Up-to-date: /home/yektapanj/WareBotSim/install/warebotsim_interfaces/include/warebotsim_interfaces/warebotsim_interfaces/msg
-- Installing: /home/yektapanj/WareBotSim/install/warebotsim_interfaces/include/warebotsim_interfaces/warebotsim_interfaces/msg/rosidl_generator_cpp__visibility_control.hpp
-- Up-to-date: /home/yektapanj/WareBotSim/install/warebotsim_interfaces/include/warebotsim_interfaces/warebotsim_interfaces/action
-- Installing: /home/yektapanj/WareBotSim/install/warebotsim_interfaces/include/warebotsim_interfaces/warebotsim_interfaces/action/fulfill_order.hpp
-- Up-to-date: /home/yektapanj/WareBotSim/install/warebotsim_interfaces/include/warebotsim_interfaces/warebotsim_interfaces/action/detail
-- Installing: /home/yektapanj/WareBotSim/install/warebotsim_interfaces/include/warebotsim_interfaces/warebotsim_interfaces/action/detail/fulfill_order__struct.hpp
-- Installing: /home/yektapanj/WareBotSim/install/warebotsim_interfaces/include/warebotsim_interfaces/warebotsim_interfaces/action/detail/fulfill_order__type_support.hpp
-- Installing: /home/yektapanj/WareBotSim/install/warebotsim_interfaces/include/warebotsim_interfaces/warebotsim_interfaces/action/detail/fulfill_order__traits.hpp
-- Installing: /home/yektapanj/WareBotSim/install/warebotsim_interfaces/include/warebotsim_interfaces/warebotsim_interfaces/action/detail/fulfill_order__builder.hpp
-- Up-to-date: /home/yektapanj/WareBotSim/install/warebotsim_interfaces/include/warebotsim_interfaces/warebotsim_interfaces
-- Up-to-date: /home/yektapanj/WareBotSim/install/warebotsim_interfaces/include/warebotsim_interfaces/warebotsim_interfaces/srv
-- Up-to-date: /home/yektapanj/WareBotSim/install/warebotsim_interfaces/include/warebotsim_interfaces/warebotsim_interfaces/srv/detail
-- Installing: /home/yektapanj/WareBotSim/install/warebotsim_interfaces/include/warebotsim_interfaces/warebotsim_interfaces/srv/detail/dds_fastrtps
-- Installing: /home/yektapanj/WareBotSim/install/warebotsim_interfaces/include/warebotsim_interfaces/warebotsim_interfaces/srv/detail/create_order__rosidl_typesupport_fastrtps_cpp.hpp
-- Up-to-date: /home/yektapanj/WareBotSim/install/warebotsim_interfaces/include/warebotsim_interfaces/warebotsim_interfaces/msg
-- Installing: /home/yektapanj/WareBotSim/install/warebotsim_interfaces/include/warebotsim_interfaces/warebotsim_interfaces/msg/rosidl_typesupport_fastrtps_cpp__visibility_control.h
-- Up-to-date: /home/yektapanj/WareBotSim/install/warebotsim_interfaces/include/warebotsim_interfaces/warebotsim_interfaces/action
-- Up-to-date: /home/yektapanj/WareBotSim/install/warebotsim_interfaces/include/warebotsim_interfaces/warebotsim_interfaces/action/detail
-- Installing: /home/yektapanj/WareBotSim/install/warebotsim_interfaces/include/warebotsim_interfaces/warebotsim_interfaces/action/detail/dds_fastrtps
-- Installing: /home/yektapanj/WareBotSim/install/warebotsim_interfaces/include/warebotsim_interfaces/warebotsim_interfaces/action/detail/fulfill_order__rosidl_typesupport_fastrtps_cpp.hpp
-- Installing: /home/yektapanj/WareBotSim/install/warebotsim_interfaces/lib/libwarebotsim_interfaces__rosidl_typesupport_fastrtps_cpp.so
-- Set non-toolchain portion of runtime path of "/home/yektapanj/WareBotSim/install/warebotsim_interfaces/lib/libwarebotsim_interfaces__rosidl_typesupport_fastrtps_cpp.so" to ""
-- Up-to-date: /home/yektapanj/WareBotSim/install/warebotsim_interfaces/include/warebotsim_interfaces/warebotsim_interfaces
-- Up-to-date: /home/yektapanj/WareBotSim/install/warebotsim_interfaces/include/warebotsim_interfaces/warebotsim_interfaces/srv
-- Up-to-date: /home/yektapanj/WareBotSim/install/warebotsim_interfaces/include/warebotsim_interfaces/warebotsim_interfaces/srv/detail
-- Installing: /home/yektapanj/WareBotSim/install/warebotsim_interfaces/include/warebotsim_interfaces/warebotsim_interfaces/srv/detail/create_order__type_support.cpp
-- Installing: /home/yektapanj/WareBotSim/install/warebotsim_interfaces/include/warebotsim_interfaces/warebotsim_interfaces/srv/detail/create_order__rosidl_typesupport_introspection_cpp.hpp
-- Up-to-date: /home/yektapanj/WareBotSim/install/warebotsim_interfaces/include/warebotsim_interfaces/warebotsim_interfaces/action
-- Up-to-date: /home/yektapanj/WareBotSim/install/warebotsim_interfaces/include/warebotsim_interfaces/warebotsim_interfaces/action/detail
-- Installing: /home/yektapanj/WareBotSim/install/warebotsim_interfaces/include/warebotsim_interfaces/warebotsim_interfaces/action/detail/fulfill_order__type_support.cpp
-- Installing: /home/yektapanj/WareBotSim/install/warebotsim_interfaces/include/warebotsim_interfaces/warebotsim_interfaces/action/detail/fulfill_order__rosidl_typesupport_introspection_cpp.hpp
-- Installing: /home/yektapanj/WareBotSim/install/warebotsim_interfaces/lib/libwarebotsim_interfaces__rosidl_typesupport_introspection_cpp.so
-- Set non-toolchain portion of runtime path of "/home/yektapanj/WareBotSim/install/warebotsim_interfaces/lib/libwarebotsim_interfaces__rosidl_typesupport_introspection_cpp.so" to ""
-- Installing: /home/yektapanj/WareBotSim/install/warebotsim_interfaces/lib/libwarebotsim_interfaces__rosidl_typesupport_cpp.so
-- Set non-toolchain portion of runtime path of "/home/yektapanj/WareBotSim/install/warebotsim_interfaces/lib/libwarebotsim_interfaces__rosidl_typesupport_cpp.so" to ""
-- Installing: /home/yektapanj/WareBotSim/install/warebotsim_interfaces/share/warebotsim_interfaces/environment/pythonpath.sh
-- Installing: /home/yektapanj/WareBotSim/install/warebotsim_interfaces/share/warebotsim_interfaces/environment/pythonpath.dsv
-- Installing: /home/yektapanj/WareBotSim/install/warebotsim_interfaces/lib/python3.12/site-packages/warebotsim_interfaces-0.0.0-py3.12.egg-info
-- Installing: /home/yektapanj/WareBotSim/install/warebotsim_interfaces/lib/python3.12/site-packages/warebotsim_interfaces-0.0.0-py3.12.egg-info/PKG-INFO
-- Installing: /home/yektapanj/WareBotSim/install/warebotsim_interfaces/lib/python3.12/site-packages/warebotsim_interfaces-0.0.0-py3.12.egg-info/top_level.txt
-- Installing: /home/yektapanj/WareBotSim/install/warebotsim_interfaces/lib/python3.12/site-packages/warebotsim_interfaces-0.0.0-py3.12.egg-info/SOURCES.txt
-- Installing: /home/yektapanj/WareBotSim/install/warebotsim_interfaces/lib/python3.12/site-packages/warebotsim_interfaces-0.0.0-py3.12.egg-info/dependency_links.txt
-- Installing: /home/yektapanj/WareBotSim/install/warebotsim_interfaces/lib/python3.12/site-packages/warebotsim_interfaces
-- Installing: /home/yektapanj/WareBotSim/install/warebotsim_interfaces/lib/python3.12/site-packages/warebotsim_interfaces/_warebotsim_interfaces_s.ep.rosidl_typesupport_c.c
-- Installing: /home/yektapanj/WareBotSim/install/warebotsim_interfaces/lib/python3.12/site-packages/warebotsim_interfaces/__init__.py
-- Installing: /home/yektapanj/WareBotSim/install/warebotsim_interfaces/lib/python3.12/site-packages/warebotsim_interfaces/srv
-- Installing: /home/yektapanj/WareBotSim/install/warebotsim_interfaces/lib/python3.12/site-packages/warebotsim_interfaces/srv/__init__.py
-- Installing: /home/yektapanj/WareBotSim/install/warebotsim_interfaces/lib/python3.12/site-packages/warebotsim_interfaces/srv/_create_order_s.c
-- Installing: /home/yektapanj/WareBotSim/install/warebotsim_interfaces/lib/python3.12/site-packages/warebotsim_interfaces/srv/_create_order.py
-- Installing: /home/yektapanj/WareBotSim/install/warebotsim_interfaces/lib/python3.12/site-packages/warebotsim_interfaces/_warebotsim_interfaces_s.ep.rosidl_typesupport_introspection_c.c
-- Installing: /home/yektapanj/WareBotSim/install/warebotsim_interfaces/lib/python3.12/site-packages/warebotsim_interfaces/warebotsim_interfaces_s__rosidl_typesupport_fastrtps_c.so
-- Installing: /home/yektapanj/WareBotSim/install/warebotsim_interfaces/lib/python3.12/site-packages/warebotsim_interfaces/action
-- Installing: /home/yektapanj/WareBotSim/install/warebotsim_interfaces/lib/python3.12/site-packages/warebotsim_interfaces/action/_fulfill_order.py
-- Installing: /home/yektapanj/WareBotSim/install/warebotsim_interfaces/lib/python3.12/site-packages/warebotsim_interfaces/action/__init__.py
-- Installing: /home/yektapanj/WareBotSim/install/warebotsim_interfaces/lib/python3.12/site-packages/warebotsim_interfaces/action/_fulfill_order_s.c
-- Installing: /home/yektapanj/WareBotSim/install/warebotsim_interfaces/lib/python3.12/site-packages/warebotsim_interfaces/_warebotsim_interfaces_s.ep.rosidl_typesupport_fastrtps_c.c
-- Installing: /home/yektapanj/WareBotSim/install/warebotsim_interfaces/lib/python3.12/site-packages/warebotsim_interfaces/warebotsim_interfaces_s__rosidl_typesupport_c.so
-- Installing: /home/yektapanj/WareBotSim/install/warebotsim_interfaces/lib/python3.12/site-packages/warebotsim_interfaces/warebotsim_interfaces_s__rosidl_typesupport_introspection_c.so
Listing '/home/yektapanj/WareBotSim/install/warebotsim_interfaces/lib/python3.12/site-packages/warebotsim_interfaces'...
Compiling '/home/yektapanj/WareBotSim/install/warebotsim_interfaces/lib/python3.12/site-packages/warebotsim_interfaces/__init__.py'...
Listing '/home/yektapanj/WareBotSim/install/warebotsim_interfaces/lib/python3.12/site-packages/warebotsim_interfaces/action'...
Compiling '/home/yektapanj/WareBotSim/install/warebotsim_interfaces/lib/python3.12/site-packages/warebotsim_interfaces/action/__init__.py'...
Compiling '/home/yektapanj/WareBotSim/install/warebotsim_interfaces/lib/python3.12/site-packages/warebotsim_interfaces/action/_fulfill_order.py'...
Listing '/home/yektapanj/WareBotSim/install/warebotsim_interfaces/lib/python3.12/site-packages/warebotsim_interfaces/srv'...
Compiling '/home/yektapanj/WareBotSim/install/warebotsim_interfaces/lib/python3.12/site-packages/warebotsim_interfaces/srv/__init__.py'...
Compiling '/home/yektapanj/WareBotSim/install/warebotsim_interfaces/lib/python3.12/site-packages/warebotsim_interfaces/srv/_create_order.py'...
-- Installing: /home/yektapanj/WareBotSim/install/warebotsim_interfaces/lib/python3.12/site-packages/warebotsim_interfaces/warebotsim_interfaces_s__rosidl_typesupport_fastrtps_c.so
-- Set non-toolchain portion of runtime path of "/home/yektapanj/WareBotSim/install/warebotsim_interfaces/lib/python3.12/site-packages/warebotsim_interfaces/warebotsim_interfaces_s__rosidl_typesupport_fastrtps_c.so" to ""
-- Installing: /home/yektapanj/WareBotSim/install/warebotsim_interfaces/lib/python3.12/site-packages/warebotsim_interfaces/warebotsim_interfaces_s__rosidl_typesupport_introspection_c.so
-- Set non-toolchain portion of runtime path of "/home/yektapanj/WareBotSim/install/warebotsim_interfaces/lib/python3.12/site-packages/warebotsim_interfaces/warebotsim_interfaces_s__rosidl_typesupport_introspection_c.so" to ""
-- Installing: /home/yektapanj/WareBotSim/install/warebotsim_interfaces/lib/python3.12/site-packages/warebotsim_interfaces/warebotsim_interfaces_s__rosidl_typesupport_c.so
-- Set non-toolchain portion of runtime path of "/home/yektapanj/WareBotSim/install/warebotsim_interfaces/lib/python3.12/site-packages/warebotsim_interfaces/warebotsim_interfaces_s__rosidl_typesupport_c.so" to ""
-- Installing: /home/yektapanj/WareBotSim/install/warebotsim_interfaces/lib/libwarebotsim_interfaces__rosidl_generator_py.so
-- Set non-toolchain portion of runtime path of "/home/yektapanj/WareBotSim/install/warebotsim_interfaces/lib/libwarebotsim_interfaces__rosidl_generator_py.so" to ""
-- Installing: /home/yektapanj/WareBotSim/install/warebotsim_interfaces/share/warebotsim_interfaces/srv/CreateOrder.idl
-- Installing: /home/yektapanj/WareBotSim/install/warebotsim_interfaces/share/warebotsim_interfaces/action/FulfillOrder.idl
-- Installing: /home/yektapanj/WareBotSim/install/warebotsim_interfaces/share/warebotsim_interfaces/srv/CreateOrder.srv
-- Installing: /home/yektapanj/WareBotSim/install/warebotsim_interfaces/share/warebotsim_interfaces/action/FulfillOrder.action
-- Installing: /home/yektapanj/WareBotSim/install/warebotsim_interfaces/share/ament_index/resource_index/package_run_dependencies/warebotsim_interfaces
-- Installing: /home/yektapanj/WareBotSim/install/warebotsim_interfaces/share/ament_index/resource_index/parent_prefix_path/warebotsim_interfaces
-- Installing: /home/yektapanj/WareBotSim/install/warebotsim_interfaces/share/warebotsim_interfaces/environment/ament_prefix_path.sh
-- Installing: /home/yektapanj/WareBotSim/install/warebotsim_interfaces/share/warebotsim_interfaces/environment/ament_prefix_path.dsv
-- Installing: /home/yektapanj/WareBotSim/install/warebotsim_interfaces/share/warebotsim_interfaces/environment/path.sh
-- Installing: /home/yektapanj/WareBotSim/install/warebotsim_interfaces/share/warebotsim_interfaces/environment/path.dsv
-- Installing: /home/yektapanj/WareBotSim/install/warebotsim_interfaces/share/warebotsim_interfaces/local_setup.bash
-- Installing: /home/yektapanj/WareBotSim/install/warebotsim_interfaces/share/warebotsim_interfaces/local_setup.sh
-- Installing: /home/yektapanj/WareBotSim/install/warebotsim_interfaces/share/warebotsim_interfaces/local_setup.zsh
-- Installing: /home/yektapanj/WareBotSim/install/warebotsim_interfaces/share/warebotsim_interfaces/local_setup.dsv
-- Installing: /home/yektapanj/WareBotSim/install/warebotsim_interfaces/share/warebotsim_interfaces/package.dsv
-- Installing: /home/yektapanj/WareBotSim/install/warebotsim_interfaces/share/ament_index/resource_index/packages/warebotsim_interfaces
-- Installing: /home/yektapanj/WareBotSim/install/warebotsim_interfaces/share/warebotsim_interfaces/cmake/export_warebotsim_interfaces__rosidl_generator_cExport.cmake
-- Installing: /home/yektapanj/WareBotSim/install/warebotsim_interfaces/share/warebotsim_interfaces/cmake/export_warebotsim_interfaces__rosidl_generator_cExport-noconfig.cmake
-- Installing: /home/yektapanj/WareBotSim/install/warebotsim_interfaces/share/warebotsim_interfaces/cmake/export_warebotsim_interfaces__rosidl_typesupport_fastrtps_cExport.cmake
-- Installing: /home/yektapanj/WareBotSim/install/warebotsim_interfaces/share/warebotsim_interfaces/cmake/export_warebotsim_interfaces__rosidl_typesupport_fastrtps_cExport-noconfig.cmake
-- Installing: /home/yektapanj/WareBotSim/install/warebotsim_interfaces/share/warebotsim_interfaces/cmake/warebotsim_interfaces__rosidl_typesupport_introspection_cExport.cmake
-- Installing: /home/yektapanj/WareBotSim/install/warebotsim_interfaces/share/warebotsim_interfaces/cmake/warebotsim_interfaces__rosidl_typesupport_introspection_cExport-noconfig.cmake
-- Installing: /home/yektapanj/WareBotSim/install/warebotsim_interfaces/share/warebotsim_interfaces/cmake/warebotsim_interfaces__rosidl_typesupport_cExport.cmake
-- Installing: /home/yektapanj/WareBotSim/install/warebotsim_interfaces/share/warebotsim_interfaces/cmake/warebotsim_interfaces__rosidl_typesupport_cExport-noconfig.cmake
-- Installing: /home/yektapanj/WareBotSim/install/warebotsim_interfaces/share/warebotsim_interfaces/cmake/export_warebotsim_interfaces__rosidl_generator_cppExport.cmake
-- Installing: /home/yektapanj/WareBotSim/install/warebotsim_interfaces/share/warebotsim_interfaces/cmake/export_warebotsim_interfaces__rosidl_typesupport_fastrtps_cppExport.cmake
-- Installing: /home/yektapanj/WareBotSim/install/warebotsim_interfaces/share/warebotsim_interfaces/cmake/export_warebotsim_interfaces__rosidl_typesupport_fastrtps_cppExport-noconfig.cmake
-- Installing: /home/yektapanj/WareBotSim/install/warebotsim_interfaces/share/warebotsim_interfaces/cmake/warebotsim_interfaces__rosidl_typesupport_introspection_cppExport.cmake
-- Installing: /home/yektapanj/WareBotSim/install/warebotsim_interfaces/share/warebotsim_interfaces/cmake/warebotsim_interfaces__rosidl_typesupport_introspection_cppExport-noconfig.cmake
-- Installing: /home/yektapanj/WareBotSim/install/warebotsim_interfaces/share/warebotsim_interfaces/cmake/warebotsim_interfaces__rosidl_typesupport_cppExport.cmake
-- Installing: /home/yektapanj/WareBotSim/install/warebotsim_interfaces/share/warebotsim_interfaces/cmake/warebotsim_interfaces__rosidl_typesupport_cppExport-noconfig.cmake
-- Installing: /home/yektapanj/WareBotSim/install/warebotsim_interfaces/share/warebotsim_interfaces/cmake/export_warebotsim_interfaces__rosidl_generator_pyExport.cmake
-- Installing: /home/yektapanj/WareBotSim/install/warebotsim_interfaces/share/warebotsim_interfaces/cmake/export_warebotsim_interfaces__rosidl_generator_pyExport-noconfig.cmake
-- Installing: /home/yektapanj/WareBotSim/install/warebotsim_interfaces/share/warebotsim_interfaces/cmake/rosidl_cmake-extras.cmake
-- Installing: /home/yektapanj/WareBotSim/install/warebotsim_interfaces/share/warebotsim_interfaces/cmake/ament_cmake_export_dependencies-extras.cmake
-- Installing: /home/yektapanj/WareBotSim/install/warebotsim_interfaces/share/warebotsim_interfaces/cmake/ament_cmake_export_include_directories-extras.cmake
-- Installing: /home/yektapanj/WareBotSim/install/warebotsim_interfaces/share/warebotsim_interfaces/cmake/ament_cmake_export_libraries-extras.cmake
-- Installing: /home/yektapanj/WareBotSim/install/warebotsim_interfaces/share/warebotsim_interfaces/cmake/ament_cmake_export_targets-extras.cmake
-- Installing: /home/yektapanj/WareBotSim/install/warebotsim_interfaces/share/warebotsim_interfaces/cmake/rosidl_cmake_export_typesupport_targets-extras.cmake
-- Installing: /home/yektapanj/WareBotSim/install/warebotsim_interfaces/share/warebotsim_interfaces/cmake/rosidl_cmake_export_typesupport_libraries-extras.cmake
-- Installing: /home/yektapanj/WareBotSim/install/warebotsim_interfaces/share/warebotsim_interfaces/cmake/warebotsim_interfacesConfig.cmake
-- Installing: /home/yektapanj/WareBotSim/install/warebotsim_interfaces/share/warebotsim_interfaces/cmake/warebotsim_interfacesConfig-version.cmake
-- Installing: /home/yektapanj/WareBotSim/install/warebotsim_interfaces/share/warebotsim_interfaces/package.xml
