[0.092s] Invoking command in '/home/yektapanj/WareBotSim/build/warebotsim_interfaces': CMAKE_PREFIX_PATH=${CMAKE_PREFIX_PATH}:/opt/ros/kilted DEBUGINFOD_URLS=https://debuginfod.ubuntu.com /usr/bin/cmake /home/yektapanj/WareBotSim/src/warebotsim_interfaces -DCMAKE_INSTALL_PREFIX=/home/yektapanj/WareBotSim/install/warebotsim_interfaces
[0.963s] -- The C compiler identification is GNU 13.3.0
[1.621s] -- The CXX compiler identification is GNU 13.3.0
[1.754s] -- Detecting C compiler ABI info
[2.092s] -- Detecting C compiler ABI info - done
[2.104s] -- Check for working C compiler: /usr/bin/cc - skipped
[2.113s] -- Detecting C compile features
[2.117s] -- Detecting C compile features - done
[2.159s] -- Detecting CXX compiler ABI info
[2.395s] -- Detecting CXX compiler ABI info - done
[2.407s] -- Check for working CXX compiler: /usr/bin/c++ - skipped
[2.407s] -- Detecting CXX compile features
[2.408s] -- Detecting CXX compile features - done
[2.446s] -- Found ament_cmake: 2.7.3 (/opt/ros/kilted/share/ament_cmake/cmake)
[2.724s] -- Found Python3: /usr/bin/python3 (found version "3.12.3") found components: Interpreter 
[3.059s] -- Found rosidl_default_generators: 1.7.1 (/opt/ros/kilted/share/rosidl_default_generators/cmake)
[3.089s] -- Using all available rosidl_typesupport_c: rosidl_typesupport_fastrtps_c;rosidl_typesupport_introspection_c
[3.279s] -- Using all available rosidl_typesupport_cpp: rosidl_typesupport_fastrtps_cpp;rosidl_typesupport_introspection_cpp
[3.489s] -- Found rosidl_adapter: 4.9.5 (/opt/ros/kilted/share/rosidl_adapter/cmake)
[4.881s] -- Found ament_cmake_ros_core: 0.14.5 (/opt/ros/kilted/share/ament_cmake_ros_core/cmake)
[5.631s] -- Using all available rosidl_typesupport_c: rosidl_typesupport_fastrtps_c;rosidl_typesupport_introspection_c
[6.732s] -- Using all available rosidl_typesupport_cpp: rosidl_typesupport_fastrtps_cpp;rosidl_typesupport_introspection_cpp
[7.495s] -- Found Python3: /usr/bin/python3 (found version "3.12.3") found components: Interpreter Development NumPy Development.Module Development.Embed 
[7.566s] -- Found ament_lint_auto: 0.19.2 (/opt/ros/kilted/share/ament_lint_auto/cmake)
[7.733s] -- Added test 'lint_cmake' to check CMake code style
[7.738s] -- Added test 'xmllint' to check XML markup files
[7.750s] -- Configuring done (7.6s)
[7.833s] -- Generating done (0.1s)
[7.848s] -- Build files have been written to: /home/yektapanj/WareBotSim/build/warebotsim_interfaces
[7.885s] Invoked command in '/home/yektapanj/WareBotSim/build/warebotsim_interfaces' returned '0': CMAKE_PREFIX_PATH=${CMAKE_PREFIX_PATH}:/opt/ros/kilted DEBUGINFOD_URLS=https://debuginfod.ubuntu.com /usr/bin/cmake /home/yektapanj/WareBotSim/src/warebotsim_interfaces -DCMAKE_INSTALL_PREFIX=/home/yektapanj/WareBotSim/install/warebotsim_interfaces
[7.886s] Invoking command in '/home/yektapanj/WareBotSim/build/warebotsim_interfaces': CMAKE_PREFIX_PATH=${CMAKE_PREFIX_PATH}:/opt/ros/kilted DEBUGINFOD_URLS=https://debuginfod.ubuntu.com /usr/bin/cmake --build /home/yektapanj/WareBotSim/build/warebotsim_interfaces -- -j6 -l6
[8.017s] [  2%] [34m[1mGenerating type hashes for ROS interfaces[0m
[8.049s] [  2%] Built target ament_cmake_python_copy_warebotsim_interfaces
[8.551s] [  2%] Built target warebotsim_interfaces__rosidl_generator_type_description
[8.551s] running egg_info
[8.551s] creating warebotsim_interfaces.egg-info
[8.572s] writing warebotsim_interfaces.egg-info/PKG-INFO
[8.573s] writing dependency_links to warebotsim_interfaces.egg-info/dependency_links.txt
[8.574s] writing top-level names to warebotsim_interfaces.egg-info/top_level.txt
[8.574s] writing manifest file 'warebotsim_interfaces.egg-info/SOURCES.txt'
[8.579s] [  4%] [34m[1mGenerating C code for ROS interfaces[0m
[8.607s] [  6%] [34m[1mGenerating C++ code for ROS interfaces[0m
[8.655s] reading manifest file 'warebotsim_interfaces.egg-info/SOURCES.txt'
[8.658s] writing manifest file 'warebotsim_interfaces.egg-info/SOURCES.txt'
[8.750s] [  6%] Built target ament_cmake_python_build_warebotsim_interfaces_egg
[9.308s] [  6%] Built target warebotsim_interfaces__cpp
[9.361s] [  9%] [32mBuilding C object CMakeFiles/warebotsim_interfaces__rosidl_generator_c.dir/rosidl_generator_c/warebotsim_interfaces/srv/detail/create_order__type_support.c.o[0m
[9.367s] [ 11%] [32mBuilding C object CMakeFiles/warebotsim_interfaces__rosidl_generator_c.dir/rosidl_generator_c/warebotsim_interfaces/srv/detail/create_order__description.c.o[0m
[9.367s] [ 13%] [32mBuilding C object CMakeFiles/warebotsim_interfaces__rosidl_generator_c.dir/rosidl_generator_c/warebotsim_interfaces/action/detail/fulfill_order__description.c.o[0m
[9.367s] [ 15%] [32mBuilding C object CMakeFiles/warebotsim_interfaces__rosidl_generator_c.dir/rosidl_generator_c/warebotsim_interfaces/srv/detail/create_order__functions.c.o[0m
[9.378s] [ 18%] [32mBuilding C object CMakeFiles/warebotsim_interfaces__rosidl_generator_c.dir/rosidl_generator_c/warebotsim_interfaces/action/detail/fulfill_order__type_support.c.o[0m
[9.379s] [ 20%] [32mBuilding C object CMakeFiles/warebotsim_interfaces__rosidl_generator_c.dir/rosidl_generator_c/warebotsim_interfaces/action/detail/fulfill_order__functions.c.o[0m
[9.926s] [ 22%] [32m[1mLinking C shared library libwarebotsim_interfaces__rosidl_generator_c.so[0m
[10.037s] [ 22%] Built target warebotsim_interfaces__rosidl_generator_c
[10.075s] [ 29%] [34m[1mGenerating C++ type support dispatch for ROS interfaces[0m
[10.075s] [ 29%] [34m[1mGenerating C++ type support for eProsima Fast-RTPS[0m
[10.075s] [ 29%] [34m[1mGenerating C introspection for ROS interfaces[0m
[10.075s] [ 31%] [34m[1mGenerating C++ introspection for ROS interfaces[0m
[10.085s] [ 34%] [34m[1mGenerating C type support dispatch for ROS interfaces[0m
[10.089s] [ 36%] [34m[1mGenerating C type support for eProsima Fast-RTPS[0m
[10.654s] [ 38%] [32mBuilding CXX object CMakeFiles/warebotsim_interfaces__rosidl_typesupport_c.dir/rosidl_typesupport_c/warebotsim_interfaces/srv/create_order__type_support.cpp.o[0m
[10.780s] [ 40%] [32mBuilding CXX object CMakeFiles/warebotsim_interfaces__rosidl_typesupport_cpp.dir/rosidl_typesupport_cpp/warebotsim_interfaces/srv/create_order__type_support.cpp.o[0m
[10.914s] [ 43%] [32mBuilding CXX object CMakeFiles/warebotsim_interfaces__rosidl_typesupport_introspection_cpp.dir/rosidl_typesupport_introspection_cpp/warebotsim_interfaces/srv/detail/create_order__type_support.cpp.o[0m
[11.011s] [ 45%] [32mBuilding CXX object CMakeFiles/warebotsim_interfaces__rosidl_typesupport_c.dir/rosidl_typesupport_c/warebotsim_interfaces/action/fulfill_order__type_support.cpp.o[0m
[11.253s] [ 47%] [32mBuilding C object CMakeFiles/warebotsim_interfaces__rosidl_typesupport_introspection_c.dir/rosidl_typesupport_introspection_c/warebotsim_interfaces/srv/detail/create_order__type_support.c.o[0m
[11.284s] [ 50%] [32mBuilding CXX object CMakeFiles/warebotsim_interfaces__rosidl_typesupport_fastrtps_cpp.dir/rosidl_typesupport_fastrtps_cpp/warebotsim_interfaces/srv/detail/dds_fastrtps/create_order__type_support.cpp.o[0m
[11.362s] [ 52%] [32m[1mLinking CXX shared library libwarebotsim_interfaces__rosidl_typesupport_c.so[0m
[11.431s] [ 54%] [32mBuilding CXX object CMakeFiles/warebotsim_interfaces__rosidl_typesupport_fastrtps_c.dir/rosidl_typesupport_fastrtps_c/warebotsim_interfaces/srv/detail/create_order__type_support_c.cpp.o[0m
[11.456s] [ 56%] [32mBuilding C object CMakeFiles/warebotsim_interfaces__rosidl_typesupport_introspection_c.dir/rosidl_typesupport_introspection_c/warebotsim_interfaces/action/detail/fulfill_order__type_support.c.o[0m
[11.481s] [ 56%] Built target warebotsim_interfaces__rosidl_typesupport_c
[11.507s] [ 59%] [32mBuilding CXX object CMakeFiles/warebotsim_interfaces__rosidl_typesupport_cpp.dir/rosidl_typesupport_cpp/warebotsim_interfaces/action/fulfill_order__type_support.cpp.o[0m
[11.647s] [ 61%] [32m[1mLinking C shared library libwarebotsim_interfaces__rosidl_typesupport_introspection_c.so[0m
[11.927s] [ 61%] Built target warebotsim_interfaces__rosidl_typesupport_introspection_c
[11.948s] [ 63%] [32mBuilding CXX object CMakeFiles/warebotsim_interfaces__rosidl_typesupport_introspection_cpp.dir/rosidl_typesupport_introspection_cpp/warebotsim_interfaces/action/detail/fulfill_order__type_support.cpp.o[0m
[12.117s] [ 65%] [32mBuilding CXX object CMakeFiles/warebotsim_interfaces__rosidl_typesupport_fastrtps_cpp.dir/rosidl_typesupport_fastrtps_cpp/warebotsim_interfaces/action/detail/dds_fastrtps/fulfill_order__type_support.cpp.o[0m
[12.215s] [ 68%] [32mBuilding CXX object CMakeFiles/warebotsim_interfaces__rosidl_typesupport_fastrtps_c.dir/rosidl_typesupport_fastrtps_c/warebotsim_interfaces/action/detail/fulfill_order__type_support_c.cpp.o[0m
[13.233s] [ 70%] [32m[1mLinking CXX shared library libwarebotsim_interfaces__rosidl_typesupport_cpp.so[0m
[13.277s] [ 72%] [32m[1mLinking CXX shared library libwarebotsim_interfaces__rosidl_typesupport_fastrtps_c.so[0m
[13.428s] [ 75%] Built target warebotsim_interfaces__rosidl_typesupport_cpp
[13.429s] [ 75%] [32m[1mLinking CXX shared library libwarebotsim_interfaces__rosidl_typesupport_introspection_cpp.so[0m
[13.462s] [ 75%] Built target warebotsim_interfaces__rosidl_typesupport_fastrtps_c
[13.609s] [ 75%] Built target warebotsim_interfaces__rosidl_typesupport_introspection_cpp
[13.754s] [ 77%] [32m[1mLinking CXX shared library libwarebotsim_interfaces__rosidl_typesupport_fastrtps_cpp.so[0m
[13.955s] [ 77%] Built target warebotsim_interfaces__rosidl_typesupport_fastrtps_cpp
[14.025s] [ 77%] Built target warebotsim_interfaces
[14.074s] [ 79%] [34m[1mGenerating Python code for ROS interfaces[0m
[14.987s] [ 79%] Built target warebotsim_interfaces__py
[15.050s] [ 81%] [32mBuilding C object CMakeFiles/warebotsim_interfaces__rosidl_generator_py.dir/rosidl_generator_py/warebotsim_interfaces/srv/_create_order_s.c.o[0m
[15.064s] [ 84%] [32mBuilding C object CMakeFiles/warebotsim_interfaces__rosidl_generator_py.dir/rosidl_generator_py/warebotsim_interfaces/action/_fulfill_order_s.c.o[0m
[15.605s] [ 86%] [32m[1mLinking C shared library libwarebotsim_interfaces__rosidl_generator_py.so[0m
[15.722s] [ 86%] Built target warebotsim_interfaces__rosidl_generator_py
[15.775s] [ 93%] [32mBuilding C object CMakeFiles/warebotsim_interfaces_s__rosidl_typesupport_introspection_c.dir/rosidl_generator_py/warebotsim_interfaces/_warebotsim_interfaces_s.ep.rosidl_typesupport_introspection_c.c.o[0m
[15.775s] [ 93%] [32mBuilding C object CMakeFiles/warebotsim_interfaces_s__rosidl_typesupport_c.dir/rosidl_generator_py/warebotsim_interfaces/_warebotsim_interfaces_s.ep.rosidl_typesupport_c.c.o[0m
[15.775s] [ 93%] [32mBuilding C object CMakeFiles/warebotsim_interfaces_s__rosidl_typesupport_fastrtps_c.dir/rosidl_generator_py/warebotsim_interfaces/_warebotsim_interfaces_s.ep.rosidl_typesupport_fastrtps_c.c.o[0m
[16.003s] [ 97%] [32m[1mLinking C shared module rosidl_generator_py/warebotsim_interfaces/warebotsim_interfaces_s__rosidl_typesupport_introspection_c.so[0m
[16.003s] [ 97%] [32m[1mLinking C shared module rosidl_generator_py/warebotsim_interfaces/warebotsim_interfaces_s__rosidl_typesupport_c.so[0m
[16.004s] [100%] [32m[1mLinking C shared module rosidl_generator_py/warebotsim_interfaces/warebotsim_interfaces_s__rosidl_typesupport_fastrtps_c.so[0m
[16.104s] [100%] Built target warebotsim_interfaces_s__rosidl_typesupport_fastrtps_c
[16.104s] [100%] Built target warebotsim_interfaces_s__rosidl_typesupport_introspection_c
[16.106s] [100%] Built target warebotsim_interfaces_s__rosidl_typesupport_c
[16.149s] Invoked command in '/home/yektapanj/WareBotSim/build/warebotsim_interfaces' returned '0': CMAKE_PREFIX_PATH=${CMAKE_PREFIX_PATH}:/opt/ros/kilted DEBUGINFOD_URLS=https://debuginfod.ubuntu.com /usr/bin/cmake --build /home/yektapanj/WareBotSim/build/warebotsim_interfaces -- -j6 -l6
[16.184s] Invoking command in '/home/yektapanj/WareBotSim/build/warebotsim_interfaces': CMAKE_PREFIX_PATH=${CMAKE_PREFIX_PATH}:/opt/ros/kilted DEBUGINFOD_URLS=https://debuginfod.ubuntu.com /usr/bin/cmake --install /home/yektapanj/WareBotSim/build/warebotsim_interfaces
[16.208s] -- Install configuration: ""
[16.209s] -- Installing: /home/yektapanj/WareBotSim/install/warebotsim_interfaces/share/ament_index/resource_index/rosidl_interfaces/warebotsim_interfaces
[16.210s] -- Installing: /home/yektapanj/WareBotSim/install/warebotsim_interfaces/share/warebotsim_interfaces/srv/CreateOrder.json
[16.210s] -- Installing: /home/yektapanj/WareBotSim/install/warebotsim_interfaces/share/warebotsim_interfaces/action/FulfillOrder.json
[16.210s] -- Installing: /home/yektapanj/WareBotSim/install/warebotsim_interfaces/include/warebotsim_interfaces/warebotsim_interfaces
[16.210s] -- Installing: /home/yektapanj/WareBotSim/install/warebotsim_interfaces/include/warebotsim_interfaces/warebotsim_interfaces/srv
[16.211s] -- Installing: /home/yektapanj/WareBotSim/install/warebotsim_interfaces/include/warebotsim_interfaces/warebotsim_interfaces/srv/detail
[16.211s] -- Installing: /home/yektapanj/WareBotSim/install/warebotsim_interfaces/include/warebotsim_interfaces/warebotsim_interfaces/srv/detail/create_order__type_support.c
[16.211s] -- Installing: /home/yektapanj/WareBotSim/install/warebotsim_interfaces/include/warebotsim_interfaces/warebotsim_interfaces/srv/detail/create_order__type_support.h
[16.211s] -- Installing: /home/yektapanj/WareBotSim/install/warebotsim_interfaces/include/warebotsim_interfaces/warebotsim_interfaces/srv/detail/create_order__functions.c
[16.211s] -- Installing: /home/yektapanj/WareBotSim/install/warebotsim_interfaces/include/warebotsim_interfaces/warebotsim_interfaces/srv/detail/create_order__struct.h
[16.211s] -- Installing: /home/yektapanj/WareBotSim/install/warebotsim_interfaces/include/warebotsim_interfaces/warebotsim_interfaces/srv/detail/create_order__description.c
[16.211s] -- Installing: /home/yektapanj/WareBotSim/install/warebotsim_interfaces/include/warebotsim_interfaces/warebotsim_interfaces/srv/detail/create_order__functions.h
[16.212s] -- Installing: /home/yektapanj/WareBotSim/install/warebotsim_interfaces/include/warebotsim_interfaces/warebotsim_interfaces/srv/create_order.h
[16.212s] -- Installing: /home/yektapanj/WareBotSim/install/warebotsim_interfaces/include/warebotsim_interfaces/warebotsim_interfaces/msg
[16.212s] -- Installing: /home/yektapanj/WareBotSim/install/warebotsim_interfaces/include/warebotsim_interfaces/warebotsim_interfaces/msg/rosidl_generator_c__visibility_control.h
[16.212s] -- Installing: /home/yektapanj/WareBotSim/install/warebotsim_interfaces/include/warebotsim_interfaces/warebotsim_interfaces/action
[16.212s] -- Installing: /home/yektapanj/WareBotSim/install/warebotsim_interfaces/include/warebotsim_interfaces/warebotsim_interfaces/action/detail
[16.213s] -- Installing: /home/yektapanj/WareBotSim/install/warebotsim_interfaces/include/warebotsim_interfaces/warebotsim_interfaces/action/detail/fulfill_order__type_support.h
[16.213s] -- Installing: /home/yektapanj/WareBotSim/install/warebotsim_interfaces/include/warebotsim_interfaces/warebotsim_interfaces/action/detail/fulfill_order__type_support.c
[16.213s] -- Installing: /home/yektapanj/WareBotSim/install/warebotsim_interfaces/include/warebotsim_interfaces/warebotsim_interfaces/action/detail/fulfill_order__functions.c
[16.213s] -- Installing: /home/yektapanj/WareBotSim/install/warebotsim_interfaces/include/warebotsim_interfaces/warebotsim_interfaces/action/detail/fulfill_order__struct.h
[16.214s] -- Installing: /home/yektapanj/WareBotSim/install/warebotsim_interfaces/include/warebotsim_interfaces/warebotsim_interfaces/action/detail/fulfill_order__description.c
[16.215s] -- Installing: /home/yektapanj/WareBotSim/install/warebotsim_interfaces/include/warebotsim_interfaces/warebotsim_interfaces/action/detail/fulfill_order__functions.h
[16.215s] -- Installing: /home/yektapanj/WareBotSim/install/warebotsim_interfaces/include/warebotsim_interfaces/warebotsim_interfaces/action/fulfill_order.h
[16.215s] -- Installing: /home/yektapanj/WareBotSim/install/warebotsim_interfaces/share/warebotsim_interfaces/environment/library_path.sh
[16.215s] -- Installing: /home/yektapanj/WareBotSim/install/warebotsim_interfaces/share/warebotsim_interfaces/environment/library_path.dsv
[16.216s] -- Installing: /home/yektapanj/WareBotSim/install/warebotsim_interfaces/lib/libwarebotsim_interfaces__rosidl_generator_c.so
[16.217s] -- Set non-toolchain portion of runtime path of "/home/yektapanj/WareBotSim/install/warebotsim_interfaces/lib/libwarebotsim_interfaces__rosidl_generator_c.so" to ""
[16.217s] -- Up-to-date: /home/yektapanj/WareBotSim/install/warebotsim_interfaces/include/warebotsim_interfaces/warebotsim_interfaces
[16.217s] -- Up-to-date: /home/yektapanj/WareBotSim/install/warebotsim_interfaces/include/warebotsim_interfaces/warebotsim_interfaces/srv
[16.217s] -- Up-to-date: /home/yektapanj/WareBotSim/install/warebotsim_interfaces/include/warebotsim_interfaces/warebotsim_interfaces/srv/detail
[16.217s] -- Installing: /home/yektapanj/WareBotSim/install/warebotsim_interfaces/include/warebotsim_interfaces/warebotsim_interfaces/srv/detail/create_order__rosidl_typesupport_fastrtps_c.h
[16.217s] -- Up-to-date: /home/yektapanj/WareBotSim/install/warebotsim_interfaces/include/warebotsim_interfaces/warebotsim_interfaces/msg
[16.217s] -- Installing: /home/yektapanj/WareBotSim/install/warebotsim_interfaces/include/warebotsim_interfaces/warebotsim_interfaces/msg/rosidl_typesupport_fastrtps_c__visibility_control.h
[16.217s] -- Up-to-date: /home/yektapanj/WareBotSim/install/warebotsim_interfaces/include/warebotsim_interfaces/warebotsim_interfaces/action
[16.218s] -- Up-to-date: /home/yektapanj/WareBotSim/install/warebotsim_interfaces/include/warebotsim_interfaces/warebotsim_interfaces/action/detail
[16.218s] -- Installing: /home/yektapanj/WareBotSim/install/warebotsim_interfaces/include/warebotsim_interfaces/warebotsim_interfaces/action/detail/fulfill_order__rosidl_typesupport_fastrtps_c.h
[16.218s] -- Installing: /home/yektapanj/WareBotSim/install/warebotsim_interfaces/lib/libwarebotsim_interfaces__rosidl_typesupport_fastrtps_c.so
[16.218s] -- Set non-toolchain portion of runtime path of "/home/yektapanj/WareBotSim/install/warebotsim_interfaces/lib/libwarebotsim_interfaces__rosidl_typesupport_fastrtps_c.so" to ""
[16.218s] -- Up-to-date: /home/yektapanj/WareBotSim/install/warebotsim_interfaces/include/warebotsim_interfaces/warebotsim_interfaces
[16.218s] -- Up-to-date: /home/yektapanj/WareBotSim/install/warebotsim_interfaces/include/warebotsim_interfaces/warebotsim_interfaces/srv
[16.218s] -- Up-to-date: /home/yektapanj/WareBotSim/install/warebotsim_interfaces/include/warebotsim_interfaces/warebotsim_interfaces/srv/detail
[16.218s] -- Installing: /home/yektapanj/WareBotSim/install/warebotsim_interfaces/include/warebotsim_interfaces/warebotsim_interfaces/srv/detail/create_order__type_support.c
[16.219s] -- Installing: /home/yektapanj/WareBotSim/install/warebotsim_interfaces/include/warebotsim_interfaces/warebotsim_interfaces/srv/detail/create_order__rosidl_typesupport_introspection_c.h
[16.219s] -- Up-to-date: /home/yektapanj/WareBotSim/install/warebotsim_interfaces/include/warebotsim_interfaces/warebotsim_interfaces/msg
[16.219s] -- Installing: /home/yektapanj/WareBotSim/install/warebotsim_interfaces/include/warebotsim_interfaces/warebotsim_interfaces/msg/rosidl_typesupport_introspection_c__visibility_control.h
[16.219s] -- Up-to-date: /home/yektapanj/WareBotSim/install/warebotsim_interfaces/include/warebotsim_interfaces/warebotsim_interfaces/action
[16.219s] -- Up-to-date: /home/yektapanj/WareBotSim/install/warebotsim_interfaces/include/warebotsim_interfaces/warebotsim_interfaces/action/detail
[16.219s] -- Installing: /home/yektapanj/WareBotSim/install/warebotsim_interfaces/include/warebotsim_interfaces/warebotsim_interfaces/action/detail/fulfill_order__type_support.c
[16.219s] -- Installing: /home/yektapanj/WareBotSim/install/warebotsim_interfaces/include/warebotsim_interfaces/warebotsim_interfaces/action/detail/fulfill_order__rosidl_typesupport_introspection_c.h
[16.220s] -- Installing: /home/yektapanj/WareBotSim/install/warebotsim_interfaces/lib/libwarebotsim_interfaces__rosidl_typesupport_introspection_c.so
[16.220s] -- Set non-toolchain portion of runtime path of "/home/yektapanj/WareBotSim/install/warebotsim_interfaces/lib/libwarebotsim_interfaces__rosidl_typesupport_introspection_c.so" to ""
[16.220s] -- Installing: /home/yektapanj/WareBotSim/install/warebotsim_interfaces/lib/libwarebotsim_interfaces__rosidl_typesupport_c.so
[16.221s] -- Set non-toolchain portion of runtime path of "/home/yektapanj/WareBotSim/install/warebotsim_interfaces/lib/libwarebotsim_interfaces__rosidl_typesupport_c.so" to ""
[16.221s] -- Up-to-date: /home/yektapanj/WareBotSim/install/warebotsim_interfaces/include/warebotsim_interfaces/warebotsim_interfaces
[16.221s] -- Up-to-date: /home/yektapanj/WareBotSim/install/warebotsim_interfaces/include/warebotsim_interfaces/warebotsim_interfaces/srv
[16.221s] -- Up-to-date: /home/yektapanj/WareBotSim/install/warebotsim_interfaces/include/warebotsim_interfaces/warebotsim_interfaces/srv/detail
[16.221s] -- Installing: /home/yektapanj/WareBotSim/install/warebotsim_interfaces/include/warebotsim_interfaces/warebotsim_interfaces/srv/detail/create_order__type_support.hpp
[16.222s] -- Installing: /home/yektapanj/WareBotSim/install/warebotsim_interfaces/include/warebotsim_interfaces/warebotsim_interfaces/srv/detail/create_order__traits.hpp
[16.222s] -- Installing: /home/yektapanj/WareBotSim/install/warebotsim_interfaces/include/warebotsim_interfaces/warebotsim_interfaces/srv/detail/create_order__struct.hpp
[16.222s] -- Installing: /home/yektapanj/WareBotSim/install/warebotsim_interfaces/include/warebotsim_interfaces/warebotsim_interfaces/srv/detail/create_order__builder.hpp
[16.222s] -- Installing: /home/yektapanj/WareBotSim/install/warebotsim_interfaces/include/warebotsim_interfaces/warebotsim_interfaces/srv/create_order.hpp
[16.223s] -- Up-to-date: /home/yektapanj/WareBotSim/install/warebotsim_interfaces/include/warebotsim_interfaces/warebotsim_interfaces/msg
[16.223s] -- Installing: /home/yektapanj/WareBotSim/install/warebotsim_interfaces/include/warebotsim_interfaces/warebotsim_interfaces/msg/rosidl_generator_cpp__visibility_control.hpp
[16.223s] -- Up-to-date: /home/yektapanj/WareBotSim/install/warebotsim_interfaces/include/warebotsim_interfaces/warebotsim_interfaces/action
[16.223s] -- Installing: /home/yektapanj/WareBotSim/install/warebotsim_interfaces/include/warebotsim_interfaces/warebotsim_interfaces/action/fulfill_order.hpp
[16.223s] -- Up-to-date: /home/yektapanj/WareBotSim/install/warebotsim_interfaces/include/warebotsim_interfaces/warebotsim_interfaces/action/detail
[16.223s] -- Installing: /home/yektapanj/WareBotSim/install/warebotsim_interfaces/include/warebotsim_interfaces/warebotsim_interfaces/action/detail/fulfill_order__struct.hpp
[16.223s] -- Installing: /home/yektapanj/WareBotSim/install/warebotsim_interfaces/include/warebotsim_interfaces/warebotsim_interfaces/action/detail/fulfill_order__type_support.hpp
[16.223s] -- Installing: /home/yektapanj/WareBotSim/install/warebotsim_interfaces/include/warebotsim_interfaces/warebotsim_interfaces/action/detail/fulfill_order__traits.hpp
[16.224s] -- Installing: /home/yektapanj/WareBotSim/install/warebotsim_interfaces/include/warebotsim_interfaces/warebotsim_interfaces/action/detail/fulfill_order__builder.hpp
[16.224s] -- Up-to-date: /home/yektapanj/WareBotSim/install/warebotsim_interfaces/include/warebotsim_interfaces/warebotsim_interfaces
[16.224s] -- Up-to-date: /home/yektapanj/WareBotSim/install/warebotsim_interfaces/include/warebotsim_interfaces/warebotsim_interfaces/srv
[16.224s] -- Up-to-date: /home/yektapanj/WareBotSim/install/warebotsim_interfaces/include/warebotsim_interfaces/warebotsim_interfaces/srv/detail
[16.224s] -- Installing: /home/yektapanj/WareBotSim/install/warebotsim_interfaces/include/warebotsim_interfaces/warebotsim_interfaces/srv/detail/dds_fastrtps
[16.225s] -- Installing: /home/yektapanj/WareBotSim/install/warebotsim_interfaces/include/warebotsim_interfaces/warebotsim_interfaces/srv/detail/create_order__rosidl_typesupport_fastrtps_cpp.hpp
[16.225s] -- Up-to-date: /home/yektapanj/WareBotSim/install/warebotsim_interfaces/include/warebotsim_interfaces/warebotsim_interfaces/msg
[16.225s] -- Installing: /home/yektapanj/WareBotSim/install/warebotsim_interfaces/include/warebotsim_interfaces/warebotsim_interfaces/msg/rosidl_typesupport_fastrtps_cpp__visibility_control.h
[16.225s] -- Up-to-date: /home/yektapanj/WareBotSim/install/warebotsim_interfaces/include/warebotsim_interfaces/warebotsim_interfaces/action
[16.226s] -- Up-to-date: /home/yektapanj/WareBotSim/install/warebotsim_interfaces/include/warebotsim_interfaces/warebotsim_interfaces/action/detail
[16.226s] -- Installing: /home/yektapanj/WareBotSim/install/warebotsim_interfaces/include/warebotsim_interfaces/warebotsim_interfaces/action/detail/dds_fastrtps
[16.226s] -- Installing: /home/yektapanj/WareBotSim/install/warebotsim_interfaces/include/warebotsim_interfaces/warebotsim_interfaces/action/detail/fulfill_order__rosidl_typesupport_fastrtps_cpp.hpp
[16.226s] -- Installing: /home/yektapanj/WareBotSim/install/warebotsim_interfaces/lib/libwarebotsim_interfaces__rosidl_typesupport_fastrtps_cpp.so
[16.227s] -- Set non-toolchain portion of runtime path of "/home/yektapanj/WareBotSim/install/warebotsim_interfaces/lib/libwarebotsim_interfaces__rosidl_typesupport_fastrtps_cpp.so" to ""
[16.227s] -- Up-to-date: /home/yektapanj/WareBotSim/install/warebotsim_interfaces/include/warebotsim_interfaces/warebotsim_interfaces
[16.227s] -- Up-to-date: /home/yektapanj/WareBotSim/install/warebotsim_interfaces/include/warebotsim_interfaces/warebotsim_interfaces/srv
[16.228s] -- Up-to-date: /home/yektapanj/WareBotSim/install/warebotsim_interfaces/include/warebotsim_interfaces/warebotsim_interfaces/srv/detail
[16.228s] -- Installing: /home/yektapanj/WareBotSim/install/warebotsim_interfaces/include/warebotsim_interfaces/warebotsim_interfaces/srv/detail/create_order__type_support.cpp
[16.228s] -- Installing: /home/yektapanj/WareBotSim/install/warebotsim_interfaces/include/warebotsim_interfaces/warebotsim_interfaces/srv/detail/create_order__rosidl_typesupport_introspection_cpp.hpp
[16.233s] -- Up-to-date: /home/yektapanj/WareBotSim/install/warebotsim_interfaces/include/warebotsim_interfaces/warebotsim_interfaces/action
[16.233s] -- Up-to-date: /home/yektapanj/WareBotSim/install/warebotsim_interfaces/include/warebotsim_interfaces/warebotsim_interfaces/action/detail
[16.233s] -- Installing: /home/yektapanj/WareBotSim/install/warebotsim_interfaces/include/warebotsim_interfaces/warebotsim_interfaces/action/detail/fulfill_order__type_support.cpp
[16.233s] -- Installing: /home/yektapanj/WareBotSim/install/warebotsim_interfaces/include/warebotsim_interfaces/warebotsim_interfaces/action/detail/fulfill_order__rosidl_typesupport_introspection_cpp.hpp
[16.233s] -- Installing: /home/yektapanj/WareBotSim/install/warebotsim_interfaces/lib/libwarebotsim_interfaces__rosidl_typesupport_introspection_cpp.so
[16.233s] -- Set non-toolchain portion of runtime path of "/home/yektapanj/WareBotSim/install/warebotsim_interfaces/lib/libwarebotsim_interfaces__rosidl_typesupport_introspection_cpp.so" to ""
[16.234s] -- Installing: /home/yektapanj/WareBotSim/install/warebotsim_interfaces/lib/libwarebotsim_interfaces__rosidl_typesupport_cpp.so
[16.234s] -- Set non-toolchain portion of runtime path of "/home/yektapanj/WareBotSim/install/warebotsim_interfaces/lib/libwarebotsim_interfaces__rosidl_typesupport_cpp.so" to ""
[16.238s] -- Installing: /home/yektapanj/WareBotSim/install/warebotsim_interfaces/share/warebotsim_interfaces/environment/pythonpath.sh
[16.238s] -- Installing: /home/yektapanj/WareBotSim/install/warebotsim_interfaces/share/warebotsim_interfaces/environment/pythonpath.dsv
[16.240s] -- Installing: /home/yektapanj/WareBotSim/install/warebotsim_interfaces/lib/python3.12/site-packages/warebotsim_interfaces-0.0.0-py3.12.egg-info
[16.241s] -- Installing: /home/yektapanj/WareBotSim/install/warebotsim_interfaces/lib/python3.12/site-packages/warebotsim_interfaces-0.0.0-py3.12.egg-info/PKG-INFO
[16.241s] -- Installing: /home/yektapanj/WareBotSim/install/warebotsim_interfaces/lib/python3.12/site-packages/warebotsim_interfaces-0.0.0-py3.12.egg-info/top_level.txt
[16.244s] -- Installing: /home/yektapanj/WareBotSim/install/warebotsim_interfaces/lib/python3.12/site-packages/warebotsim_interfaces-0.0.0-py3.12.egg-info/SOURCES.txt
[16.244s] -- Installing: /home/yektapanj/WareBotSim/install/warebotsim_interfaces/lib/python3.12/site-packages/warebotsim_interfaces-0.0.0-py3.12.egg-info/dependency_links.txt
[16.244s] -- Installing: /home/yektapanj/WareBotSim/install/warebotsim_interfaces/lib/python3.12/site-packages/warebotsim_interfaces
[16.244s] -- Installing: /home/yektapanj/WareBotSim/install/warebotsim_interfaces/lib/python3.12/site-packages/warebotsim_interfaces/_warebotsim_interfaces_s.ep.rosidl_typesupport_c.c
[16.244s] -- Installing: /home/yektapanj/WareBotSim/install/warebotsim_interfaces/lib/python3.12/site-packages/warebotsim_interfaces/__init__.py
[16.244s] -- Installing: /home/yektapanj/WareBotSim/install/warebotsim_interfaces/lib/python3.12/site-packages/warebotsim_interfaces/srv
[16.244s] -- Installing: /home/yektapanj/WareBotSim/install/warebotsim_interfaces/lib/python3.12/site-packages/warebotsim_interfaces/srv/__init__.py
[16.244s] -- Installing: /home/yektapanj/WareBotSim/install/warebotsim_interfaces/lib/python3.12/site-packages/warebotsim_interfaces/srv/_create_order_s.c
[16.244s] -- Installing: /home/yektapanj/WareBotSim/install/warebotsim_interfaces/lib/python3.12/site-packages/warebotsim_interfaces/srv/_create_order.py
[16.244s] -- Installing: /home/yektapanj/WareBotSim/install/warebotsim_interfaces/lib/python3.12/site-packages/warebotsim_interfaces/_warebotsim_interfaces_s.ep.rosidl_typesupport_introspection_c.c
[16.244s] -- Installing: /home/yektapanj/WareBotSim/install/warebotsim_interfaces/lib/python3.12/site-packages/warebotsim_interfaces/warebotsim_interfaces_s__rosidl_typesupport_fastrtps_c.so
[16.244s] -- Installing: /home/yektapanj/WareBotSim/install/warebotsim_interfaces/lib/python3.12/site-packages/warebotsim_interfaces/action
[16.244s] -- Installing: /home/yektapanj/WareBotSim/install/warebotsim_interfaces/lib/python3.12/site-packages/warebotsim_interfaces/action/_fulfill_order.py
[16.244s] -- Installing: /home/yektapanj/WareBotSim/install/warebotsim_interfaces/lib/python3.12/site-packages/warebotsim_interfaces/action/__init__.py
[16.247s] -- Installing: /home/yektapanj/WareBotSim/install/warebotsim_interfaces/lib/python3.12/site-packages/warebotsim_interfaces/action/_fulfill_order_s.c
[16.247s] -- Installing: /home/yektapanj/WareBotSim/install/warebotsim_interfaces/lib/python3.12/site-packages/warebotsim_interfaces/_warebotsim_interfaces_s.ep.rosidl_typesupport_fastrtps_c.c
[16.247s] -- Installing: /home/yektapanj/WareBotSim/install/warebotsim_interfaces/lib/python3.12/site-packages/warebotsim_interfaces/warebotsim_interfaces_s__rosidl_typesupport_c.so
[16.247s] -- Installing: /home/yektapanj/WareBotSim/install/warebotsim_interfaces/lib/python3.12/site-packages/warebotsim_interfaces/warebotsim_interfaces_s__rosidl_typesupport_introspection_c.so
[16.318s] Listing '/home/yektapanj/WareBotSim/install/warebotsim_interfaces/lib/python3.12/site-packages/warebotsim_interfaces'...
[16.318s] Compiling '/home/yektapanj/WareBotSim/install/warebotsim_interfaces/lib/python3.12/site-packages/warebotsim_interfaces/__init__.py'...
[16.318s] Listing '/home/yektapanj/WareBotSim/install/warebotsim_interfaces/lib/python3.12/site-packages/warebotsim_interfaces/action'...
[16.318s] Compiling '/home/yektapanj/WareBotSim/install/warebotsim_interfaces/lib/python3.12/site-packages/warebotsim_interfaces/action/__init__.py'...
[16.318s] Compiling '/home/yektapanj/WareBotSim/install/warebotsim_interfaces/lib/python3.12/site-packages/warebotsim_interfaces/action/_fulfill_order.py'...
[16.318s] Listing '/home/yektapanj/WareBotSim/install/warebotsim_interfaces/lib/python3.12/site-packages/warebotsim_interfaces/srv'...
[16.318s] Compiling '/home/yektapanj/WareBotSim/install/warebotsim_interfaces/lib/python3.12/site-packages/warebotsim_interfaces/srv/__init__.py'...
[16.318s] Compiling '/home/yektapanj/WareBotSim/install/warebotsim_interfaces/lib/python3.12/site-packages/warebotsim_interfaces/srv/_create_order.py'...
[16.333s] -- Installing: /home/yektapanj/WareBotSim/install/warebotsim_interfaces/lib/python3.12/site-packages/warebotsim_interfaces/warebotsim_interfaces_s__rosidl_typesupport_fastrtps_c.so
[16.335s] -- Set non-toolchain portion of runtime path of "/home/yektapanj/WareBotSim/install/warebotsim_interfaces/lib/python3.12/site-packages/warebotsim_interfaces/warebotsim_interfaces_s__rosidl_typesupport_fastrtps_c.so" to ""
[16.336s] -- Installing: /home/yektapanj/WareBotSim/install/warebotsim_interfaces/lib/python3.12/site-packages/warebotsim_interfaces/warebotsim_interfaces_s__rosidl_typesupport_introspection_c.so
[16.336s] -- Set non-toolchain portion of runtime path of "/home/yektapanj/WareBotSim/install/warebotsim_interfaces/lib/python3.12/site-packages/warebotsim_interfaces/warebotsim_interfaces_s__rosidl_typesupport_introspection_c.so" to ""
[16.336s] -- Installing: /home/yektapanj/WareBotSim/install/warebotsim_interfaces/lib/python3.12/site-packages/warebotsim_interfaces/warebotsim_interfaces_s__rosidl_typesupport_c.so
[16.337s] -- Set non-toolchain portion of runtime path of "/home/yektapanj/WareBotSim/install/warebotsim_interfaces/lib/python3.12/site-packages/warebotsim_interfaces/warebotsim_interfaces_s__rosidl_typesupport_c.so" to ""
[16.337s] -- Installing: /home/yektapanj/WareBotSim/install/warebotsim_interfaces/lib/libwarebotsim_interfaces__rosidl_generator_py.so
[16.337s] -- Set non-toolchain portion of runtime path of "/home/yektapanj/WareBotSim/install/warebotsim_interfaces/lib/libwarebotsim_interfaces__rosidl_generator_py.so" to ""
[16.337s] -- Installing: /home/yektapanj/WareBotSim/install/warebotsim_interfaces/share/warebotsim_interfaces/srv/CreateOrder.idl
[16.338s] -- Installing: /home/yektapanj/WareBotSim/install/warebotsim_interfaces/share/warebotsim_interfaces/action/FulfillOrder.idl
[16.338s] -- Installing: /home/yektapanj/WareBotSim/install/warebotsim_interfaces/share/warebotsim_interfaces/srv/CreateOrder.srv
[16.338s] -- Installing: /home/yektapanj/WareBotSim/install/warebotsim_interfaces/share/warebotsim_interfaces/action/FulfillOrder.action
[16.341s] -- Installing: /home/yektapanj/WareBotSim/install/warebotsim_interfaces/share/ament_index/resource_index/package_run_dependencies/warebotsim_interfaces
[16.342s] -- Installing: /home/yektapanj/WareBotSim/install/warebotsim_interfaces/share/ament_index/resource_index/parent_prefix_path/warebotsim_interfaces
[16.342s] -- Installing: /home/yektapanj/WareBotSim/install/warebotsim_interfaces/share/warebotsim_interfaces/environment/ament_prefix_path.sh
[16.342s] -- Installing: /home/yektapanj/WareBotSim/install/warebotsim_interfaces/share/warebotsim_interfaces/environment/ament_prefix_path.dsv
[16.342s] -- Installing: /home/yektapanj/WareBotSim/install/warebotsim_interfaces/share/warebotsim_interfaces/environment/path.sh
[16.344s] -- Installing: /home/yektapanj/WareBotSim/install/warebotsim_interfaces/share/warebotsim_interfaces/environment/path.dsv
[16.345s] -- Installing: /home/yektapanj/WareBotSim/install/warebotsim_interfaces/share/warebotsim_interfaces/local_setup.bash
[16.346s] -- Installing: /home/yektapanj/WareBotSim/install/warebotsim_interfaces/share/warebotsim_interfaces/local_setup.sh
[16.346s] -- Installing: /home/yektapanj/WareBotSim/install/warebotsim_interfaces/share/warebotsim_interfaces/local_setup.zsh
[16.346s] -- Installing: /home/yektapanj/WareBotSim/install/warebotsim_interfaces/share/warebotsim_interfaces/local_setup.dsv
[16.346s] -- Installing: /home/yektapanj/WareBotSim/install/warebotsim_interfaces/share/warebotsim_interfaces/package.dsv
[16.346s] -- Installing: /home/yektapanj/WareBotSim/install/warebotsim_interfaces/share/ament_index/resource_index/packages/warebotsim_interfaces
[16.346s] -- Installing: /home/yektapanj/WareBotSim/install/warebotsim_interfaces/share/warebotsim_interfaces/cmake/export_warebotsim_interfaces__rosidl_generator_cExport.cmake
[16.346s] -- Installing: /home/yektapanj/WareBotSim/install/warebotsim_interfaces/share/warebotsim_interfaces/cmake/export_warebotsim_interfaces__rosidl_generator_cExport-noconfig.cmake
[16.346s] -- Installing: /home/yektapanj/WareBotSim/install/warebotsim_interfaces/share/warebotsim_interfaces/cmake/export_warebotsim_interfaces__rosidl_typesupport_fastrtps_cExport.cmake
[16.346s] -- Installing: /home/yektapanj/WareBotSim/install/warebotsim_interfaces/share/warebotsim_interfaces/cmake/export_warebotsim_interfaces__rosidl_typesupport_fastrtps_cExport-noconfig.cmake
[16.347s] -- Installing: /home/yektapanj/WareBotSim/install/warebotsim_interfaces/share/warebotsim_interfaces/cmake/warebotsim_interfaces__rosidl_typesupport_introspection_cExport.cmake
[16.347s] -- Installing: /home/yektapanj/WareBotSim/install/warebotsim_interfaces/share/warebotsim_interfaces/cmake/warebotsim_interfaces__rosidl_typesupport_introspection_cExport-noconfig.cmake
[16.347s] -- Installing: /home/yektapanj/WareBotSim/install/warebotsim_interfaces/share/warebotsim_interfaces/cmake/warebotsim_interfaces__rosidl_typesupport_cExport.cmake
[16.348s] -- Installing: /home/yektapanj/WareBotSim/install/warebotsim_interfaces/share/warebotsim_interfaces/cmake/warebotsim_interfaces__rosidl_typesupport_cExport-noconfig.cmake
[16.348s] -- Installing: /home/yektapanj/WareBotSim/install/warebotsim_interfaces/share/warebotsim_interfaces/cmake/export_warebotsim_interfaces__rosidl_generator_cppExport.cmake
[16.348s] -- Installing: /home/yektapanj/WareBotSim/install/warebotsim_interfaces/share/warebotsim_interfaces/cmake/export_warebotsim_interfaces__rosidl_typesupport_fastrtps_cppExport.cmake
[16.348s] -- Installing: /home/yektapanj/WareBotSim/install/warebotsim_interfaces/share/warebotsim_interfaces/cmake/export_warebotsim_interfaces__rosidl_typesupport_fastrtps_cppExport-noconfig.cmake
[16.349s] -- Installing: /home/yektapanj/WareBotSim/install/warebotsim_interfaces/share/warebotsim_interfaces/cmake/warebotsim_interfaces__rosidl_typesupport_introspection_cppExport.cmake
[16.349s] -- Installing: /home/yektapanj/WareBotSim/install/warebotsim_interfaces/share/warebotsim_interfaces/cmake/warebotsim_interfaces__rosidl_typesupport_introspection_cppExport-noconfig.cmake
[16.349s] -- Installing: /home/yektapanj/WareBotSim/install/warebotsim_interfaces/share/warebotsim_interfaces/cmake/warebotsim_interfaces__rosidl_typesupport_cppExport.cmake
[16.350s] -- Installing: /home/yektapanj/WareBotSim/install/warebotsim_interfaces/share/warebotsim_interfaces/cmake/warebotsim_interfaces__rosidl_typesupport_cppExport-noconfig.cmake
[16.351s] -- Installing: /home/yektapanj/WareBotSim/install/warebotsim_interfaces/share/warebotsim_interfaces/cmake/export_warebotsim_interfaces__rosidl_generator_pyExport.cmake
[16.351s] -- Installing: /home/yektapanj/WareBotSim/install/warebotsim_interfaces/share/warebotsim_interfaces/cmake/export_warebotsim_interfaces__rosidl_generator_pyExport-noconfig.cmake
[16.352s] -- Installing: /home/yektapanj/WareBotSim/install/warebotsim_interfaces/share/warebotsim_interfaces/cmake/rosidl_cmake-extras.cmake
[16.354s] -- Installing: /home/yektapanj/WareBotSim/install/warebotsim_interfaces/share/warebotsim_interfaces/cmake/ament_cmake_export_dependencies-extras.cmake
[16.355s] -- Installing: /home/yektapanj/WareBotSim/install/warebotsim_interfaces/share/warebotsim_interfaces/cmake/ament_cmake_export_include_directories-extras.cmake
[16.355s] -- Installing: /home/yektapanj/WareBotSim/install/warebotsim_interfaces/share/warebotsim_interfaces/cmake/ament_cmake_export_libraries-extras.cmake
[16.355s] -- Installing: /home/yektapanj/WareBotSim/install/warebotsim_interfaces/share/warebotsim_interfaces/cmake/ament_cmake_export_targets-extras.cmake
[16.355s] -- Installing: /home/yektapanj/WareBotSim/install/warebotsim_interfaces/share/warebotsim_interfaces/cmake/rosidl_cmake_export_typesupport_targets-extras.cmake
[16.355s] -- Installing: /home/yektapanj/WareBotSim/install/warebotsim_interfaces/share/warebotsim_interfaces/cmake/rosidl_cmake_export_typesupport_libraries-extras.cmake
[16.356s] -- Installing: /home/yektapanj/WareBotSim/install/warebotsim_interfaces/share/warebotsim_interfaces/cmake/warebotsim_interfacesConfig.cmake
[16.356s] -- Installing: /home/yektapanj/WareBotSim/install/warebotsim_interfaces/share/warebotsim_interfaces/cmake/warebotsim_interfacesConfig-version.cmake
[16.356s] -- Installing: /home/yektapanj/WareBotSim/install/warebotsim_interfaces/share/warebotsim_interfaces/package.xml
[16.360s] Invoked command in '/home/yektapanj/WareBotSim/build/warebotsim_interfaces' returned '0': CMAKE_PREFIX_PATH=${CMAKE_PREFIX_PATH}:/opt/ros/kilted DEBUGINFOD_URLS=https://debuginfod.ubuntu.com /usr/bin/cmake --install /home/yektapanj/WareBotSim/build/warebotsim_interfaces
