[1.047s] Invoking command in '/home/yektapanj/WareBotSim/src/warebotsim': DEBUGINFOD_URLS=https://debuginfod.ubuntu.com PYTHONPATH=/home/yektapanj/WareBotSim/build/warebotsim/prefix_override:/usr/lib/python3/dist-packages/colcon_core/task/python/colcon_distutils_commands:/home/yektapanj/WareBotSim/install/warebotsim/lib/python3.12/site-packages:${PYTHONPATH} /usr/bin/python3 -W ignore:setup.py install is deprecated -W ignore:easy_install command is deprecated setup.py egg_info --egg-base ../../build/warebotsim build --build-base /home/yektapanj/WareBotSim/build/warebotsim/build install --record /home/yektapanj/WareBotSim/build/warebotsim/install.log --single-version-externally-managed install_data
[1.209s] running egg_info
[1.227s] writing ../../build/warebotsim/warebotsim.egg-info/PKG-INFO
[1.228s] writing dependency_links to ../../build/warebotsim/warebotsim.egg-info/dependency_links.txt
[1.229s] writing entry points to ../../build/warebotsim/warebotsim.egg-info/entry_points.txt
[1.230s] writing requirements to ../../build/warebotsim/warebotsim.egg-info/requires.txt
[1.230s] writing top-level names to ../../build/warebotsim/warebotsim.egg-info/top_level.txt
[1.278s] reading manifest file '../../build/warebotsim/warebotsim.egg-info/SOURCES.txt'
[1.280s] writing manifest file '../../build/warebotsim/warebotsim.egg-info/SOURCES.txt'
[1.281s] running build
[1.281s] running build_py
[1.281s] running install
[1.286s] running install_lib
[1.302s] running install_data
[1.303s] running install_egg_info
[1.318s] removing '/home/yektapanj/WareBotSim/install/warebotsim/lib/python3.12/site-packages/warebotsim-0.0.0-py3.12.egg-info' (and everything under it)
[1.319s] Copying ../../build/warebotsim/warebotsim.egg-info to /home/yektapanj/WareBotSim/install/warebotsim/lib/python3.12/site-packages/warebotsim-0.0.0-py3.12.egg-info
[1.320s] running install_scripts
[1.447s] Installing state_publisher script to /home/yektapanj/WareBotSim/install/warebotsim/lib/warebotsim
[1.449s] writing list of installed files to '/home/yektapanj/WareBotSim/build/warebotsim/install.log'
[1.509s] Invoked command in '/home/yektapanj/WareBotSim/src/warebotsim' returned '0': DEBUGINFOD_URLS=https://debuginfod.ubuntu.com PYTHONPATH=/home/yektapanj/WareBotSim/build/warebotsim/prefix_override:/usr/lib/python3/dist-packages/colcon_core/task/python/colcon_distutils_commands:/home/yektapanj/WareBotSim/install/warebotsim/lib/python3.12/site-packages:${PYTHONPATH} /usr/bin/python3 -W ignore:setup.py install is deprecated -W ignore:easy_install command is deprecated setup.py egg_info --egg-base ../../build/warebotsim build --build-base /home/yektapanj/WareBotSim/build/warebotsim/build install --record /home/yektapanj/WareBotSim/build/warebotsim/install.log --single-version-externally-managed install_data
