[0.136s] DEBUG:colcon:Command line arguments: ['/usr/bin/colcon', 'build']
[0.136s] DEBUG:colcon:Parsed command line arguments: Namespace(log_base=None, log_level=None, verb_name='build', build_base='build', install_base='install', merge_install=False, symlink_install=False, test_result_base=None, continue_on_error=False, executor='parallel', parallel_workers=6, event_handlers=None, ignore_user_meta=False, metas=['./colcon.meta'], base_paths=['.'], packages_ignore=None, packages_ignore_regex=None, paths=None, packages_up_to=None, packages_up_to_regex=None, packages_above=None, packages_above_and_dependencies=None, packages_above_depth=None, packages_select_by_dep=None, packages_skip_by_dep=None, packages_skip_up_to=None, packages_select_build_failed=False, packages_skip_build_finished=False, packages_select_test_failures=False, packages_skip_test_passed=False, packages_select=None, packages_skip=None, packages_select_regex=None, packages_skip_regex=None, packages_start=None, packages_end=None, allow_overriding=[], cmake_args=None, cmake_target=None, cmake_target_skip_unavailable=False, cmake_clean_cache=False, cmake_clean_first=False, cmake_force_configure=False, ament_cmake_args=None, catkin_cmake_args=None, catkin_skip_building_tests=False, mixin_files=None, mixin=None, verb_parser=<colcon_mixin.mixin.mixin_argument.MixinArgumentDecorator object at 0x7a7f30190b00>, verb_extension=<colcon_core.verb.build.BuildVerb object at 0x7a7f3016ffb0>, main=<bound method BuildVerb.main of <colcon_core.verb.build.BuildVerb object at 0x7a7f3016ffb0>>, mixin_verb=('build',))
[0.187s] Level 1:colcon.colcon_core.package_discovery:discover_packages(colcon_meta) check parameters
[0.188s] Level 1:colcon.colcon_core.package_discovery:discover_packages(recursive) check parameters
[0.188s] Level 1:colcon.colcon_core.package_discovery:discover_packages(ignore) check parameters
[0.188s] Level 1:colcon.colcon_core.package_discovery:discover_packages(path) check parameters
[0.188s] Level 1:colcon.colcon_core.package_discovery:discover_packages(colcon_meta) discover
[0.188s] Level 1:colcon.colcon_core.package_discovery:discover_packages(recursive) discover
[0.188s] INFO:colcon.colcon_core.package_discovery:Crawling recursively for packages in '/home/yektapanj/WareBotSim'
[0.188s] Level 1:colcon.colcon_core.package_identification:_identify(.) by extensions ['ignore', 'ignore_ament_install']
[0.188s] Level 1:colcon.colcon_core.package_identification:_identify(.) by extension 'ignore'
[0.188s] Level 1:colcon.colcon_core.package_identification:_identify(.) by extension 'ignore_ament_install'
[0.188s] Level 1:colcon.colcon_core.package_identification:_identify(.) by extensions ['colcon_pkg']
[0.188s] Level 1:colcon.colcon_core.package_identification:_identify(.) by extension 'colcon_pkg'
[0.188s] Level 1:colcon.colcon_core.package_identification:_identify(.) by extensions ['colcon_meta']
[0.188s] Level 1:colcon.colcon_core.package_identification:_identify(.) by extension 'colcon_meta'
[0.188s] Level 1:colcon.colcon_core.package_identification:_identify(.) by extensions ['ros']
[0.188s] Level 1:colcon.colcon_core.package_identification:_identify(.) by extension 'ros'
[0.211s] Level 1:colcon.colcon_core.package_identification:_identify(.) by extensions ['cmake', 'python']
[0.211s] Level 1:colcon.colcon_core.package_identification:_identify(.) by extension 'cmake'
[0.211s] Level 1:colcon.colcon_core.package_identification:_identify(.) by extension 'python'
[0.211s] Level 1:colcon.colcon_core.package_identification:_identify(.) by extensions ['python_setup_py']
[0.211s] Level 1:colcon.colcon_core.package_identification:_identify(.) by extension 'python_setup_py'
[0.211s] Level 1:colcon.colcon_core.package_identification:_identify(build) by extensions ['ignore', 'ignore_ament_install']
[0.212s] Level 1:colcon.colcon_core.package_identification:_identify(build) by extension 'ignore'
[0.212s] Level 1:colcon.colcon_core.package_identification:_identify(build) ignored
[0.212s] Level 1:colcon.colcon_core.package_identification:_identify(install) by extensions ['ignore', 'ignore_ament_install']
[0.212s] Level 1:colcon.colcon_core.package_identification:_identify(install) by extension 'ignore'
[0.212s] Level 1:colcon.colcon_core.package_identification:_identify(install) ignored
[0.213s] Level 1:colcon.colcon_core.package_identification:_identify(log) by extensions ['ignore', 'ignore_ament_install']
[0.213s] Level 1:colcon.colcon_core.package_identification:_identify(log) by extension 'ignore'
[0.213s] Level 1:colcon.colcon_core.package_identification:_identify(log) ignored
[0.213s] Level 1:colcon.colcon_core.package_identification:_identify(src) by extensions ['ignore', 'ignore_ament_install']
[0.213s] Level 1:colcon.colcon_core.package_identification:_identify(src) by extension 'ignore'
[0.214s] Level 1:colcon.colcon_core.package_identification:_identify(src) by extension 'ignore_ament_install'
[0.214s] Level 1:colcon.colcon_core.package_identification:_identify(src) by extensions ['colcon_pkg']
[0.214s] Level 1:colcon.colcon_core.package_identification:_identify(src) by extension 'colcon_pkg'
[0.214s] Level 1:colcon.colcon_core.package_identification:_identify(src) by extensions ['colcon_meta']
[0.214s] Level 1:colcon.colcon_core.package_identification:_identify(src) by extension 'colcon_meta'
[0.214s] Level 1:colcon.colcon_core.package_identification:_identify(src) by extensions ['ros']
[0.214s] Level 1:colcon.colcon_core.package_identification:_identify(src) by extension 'ros'
[0.214s] Level 1:colcon.colcon_core.package_identification:_identify(src) by extensions ['cmake', 'python']
[0.214s] Level 1:colcon.colcon_core.package_identification:_identify(src) by extension 'cmake'
[0.214s] Level 1:colcon.colcon_core.package_identification:_identify(src) by extension 'python'
[0.214s] Level 1:colcon.colcon_core.package_identification:_identify(src) by extensions ['python_setup_py']
[0.214s] Level 1:colcon.colcon_core.package_identification:_identify(src) by extension 'python_setup_py'
[0.214s] Level 1:colcon.colcon_core.package_identification:_identify(src/urdf_tutorial_r2d2) by extensions ['ignore', 'ignore_ament_install']
[0.214s] Level 1:colcon.colcon_core.package_identification:_identify(src/urdf_tutorial_r2d2) by extension 'ignore'
[0.214s] Level 1:colcon.colcon_core.package_identification:_identify(src/urdf_tutorial_r2d2) by extension 'ignore_ament_install'
[0.214s] Level 1:colcon.colcon_core.package_identification:_identify(src/urdf_tutorial_r2d2) by extensions ['colcon_pkg']
[0.214s] Level 1:colcon.colcon_core.package_identification:_identify(src/urdf_tutorial_r2d2) by extension 'colcon_pkg'
[0.215s] Level 1:colcon.colcon_core.package_identification:_identify(src/urdf_tutorial_r2d2) by extensions ['colcon_meta']
[0.215s] Level 1:colcon.colcon_core.package_identification:_identify(src/urdf_tutorial_r2d2) by extension 'colcon_meta'
[0.215s] Level 1:colcon.colcon_core.package_identification:_identify(src/urdf_tutorial_r2d2) by extensions ['ros']
[0.215s] Level 1:colcon.colcon_core.package_identification:_identify(src/urdf_tutorial_r2d2) by extension 'ros'
[0.216s] DEBUG:colcon.colcon_core.package_identification:Package 'src/urdf_tutorial_r2d2' with type 'ros.ament_python' and name 'urdf_tutorial_r2d2'
[0.216s] Level 1:colcon.colcon_core.package_identification:_identify(src/warebotsim) by extensions ['ignore', 'ignore_ament_install']
[0.217s] Level 1:colcon.colcon_core.package_identification:_identify(src/warebotsim) by extension 'ignore'
[0.217s] Level 1:colcon.colcon_core.package_identification:_identify(src/warebotsim) by extension 'ignore_ament_install'
[0.217s] Level 1:colcon.colcon_core.package_identification:_identify(src/warebotsim) by extensions ['colcon_pkg']
[0.217s] Level 1:colcon.colcon_core.package_identification:_identify(src/warebotsim) by extension 'colcon_pkg'
[0.217s] Level 1:colcon.colcon_core.package_identification:_identify(src/warebotsim) by extensions ['colcon_meta']
[0.217s] Level 1:colcon.colcon_core.package_identification:_identify(src/warebotsim) by extension 'colcon_meta'
[0.217s] Level 1:colcon.colcon_core.package_identification:_identify(src/warebotsim) by extensions ['ros']
[0.217s] Level 1:colcon.colcon_core.package_identification:_identify(src/warebotsim) by extension 'ros'
[0.217s] DEBUG:colcon.colcon_core.package_identification:Package 'src/warebotsim' with type 'ros.ament_python' and name 'warebotsim'
[0.218s] Level 1:colcon.colcon_core.package_identification:_identify(src/warebotsim_interfaces) by extensions ['ignore', 'ignore_ament_install']
[0.218s] Level 1:colcon.colcon_core.package_identification:_identify(src/warebotsim_interfaces) by extension 'ignore'
[0.218s] Level 1:colcon.colcon_core.package_identification:_identify(src/warebotsim_interfaces) by extension 'ignore_ament_install'
[0.218s] Level 1:colcon.colcon_core.package_identification:_identify(src/warebotsim_interfaces) by extensions ['colcon_pkg']
[0.218s] Level 1:colcon.colcon_core.package_identification:_identify(src/warebotsim_interfaces) by extension 'colcon_pkg'
[0.218s] Level 1:colcon.colcon_core.package_identification:_identify(src/warebotsim_interfaces) by extensions ['colcon_meta']
[0.218s] Level 1:colcon.colcon_core.package_identification:_identify(src/warebotsim_interfaces) by extension 'colcon_meta'
[0.218s] Level 1:colcon.colcon_core.package_identification:_identify(src/warebotsim_interfaces) by extensions ['ros']
[0.218s] Level 1:colcon.colcon_core.package_identification:_identify(src/warebotsim_interfaces) by extension 'ros'
[0.218s] DEBUG:colcon.colcon_core.package_identification:Package 'src/warebotsim_interfaces' with type 'ros.ament_cmake' and name 'warebotsim_interfaces'
[0.219s] Level 1:colcon.colcon_core.package_discovery:discover_packages(recursive) using defaults
[0.219s] Level 1:colcon.colcon_core.package_discovery:discover_packages(ignore) discover
[0.219s] Level 1:colcon.colcon_core.package_discovery:discover_packages(ignore) using defaults
[0.219s] Level 1:colcon.colcon_core.package_discovery:discover_packages(path) discover
[0.219s] Level 1:colcon.colcon_core.package_discovery:discover_packages(path) using defaults
[0.237s] Level 1:colcon.colcon_core.package_discovery:discover_packages(prefix_path) check parameters
[0.237s] Level 1:colcon.colcon_core.package_discovery:discover_packages(prefix_path) discover
[0.238s] DEBUG:colcon.colcon_installed_package_information.package_discovery:Found 2 installed packages in /home/yektapanj/WareBotSim/install
[0.240s] DEBUG:colcon.colcon_installed_package_information.package_discovery:Found 325 installed packages in /opt/ros/kilted
[0.241s] Level 1:colcon.colcon_core.package_discovery:discover_packages(prefix_path) using defaults
[0.284s] Level 5:colcon.colcon_core.verb:set package 'urdf_tutorial_r2d2' build argument 'cmake_args' from command line to 'None'
[0.284s] Level 5:colcon.colcon_core.verb:set package 'urdf_tutorial_r2d2' build argument 'cmake_target' from command line to 'None'
[0.284s] Level 5:colcon.colcon_core.verb:set package 'urdf_tutorial_r2d2' build argument 'cmake_target_skip_unavailable' from command line to 'False'
[0.284s] Level 5:colcon.colcon_core.verb:set package 'urdf_tutorial_r2d2' build argument 'cmake_clean_cache' from command line to 'False'
[0.284s] Level 5:colcon.colcon_core.verb:set package 'urdf_tutorial_r2d2' build argument 'cmake_clean_first' from command line to 'False'
[0.284s] Level 5:colcon.colcon_core.verb:set package 'urdf_tutorial_r2d2' build argument 'cmake_force_configure' from command line to 'False'
[0.284s] Level 5:colcon.colcon_core.verb:set package 'urdf_tutorial_r2d2' build argument 'ament_cmake_args' from command line to 'None'
[0.284s] Level 5:colcon.colcon_core.verb:set package 'urdf_tutorial_r2d2' build argument 'catkin_cmake_args' from command line to 'None'
[0.284s] Level 5:colcon.colcon_core.verb:set package 'urdf_tutorial_r2d2' build argument 'catkin_skip_building_tests' from command line to 'False'
[0.284s] DEBUG:colcon.colcon_core.verb:Building package 'urdf_tutorial_r2d2' with the following arguments: {'ament_cmake_args': None, 'build_base': '/home/yektapanj/WareBotSim/build/urdf_tutorial_r2d2', 'catkin_cmake_args': None, 'catkin_skip_building_tests': False, 'cmake_args': None, 'cmake_clean_cache': False, 'cmake_clean_first': False, 'cmake_force_configure': False, 'cmake_target': None, 'cmake_target_skip_unavailable': False, 'install_base': '/home/yektapanj/WareBotSim/install/urdf_tutorial_r2d2', 'merge_install': False, 'path': '/home/yektapanj/WareBotSim/src/urdf_tutorial_r2d2', 'symlink_install': False, 'test_result_base': None}
[0.285s] Level 5:colcon.colcon_core.verb:set package 'warebotsim_interfaces' build argument 'cmake_args' from command line to 'None'
[0.285s] Level 5:colcon.colcon_core.verb:set package 'warebotsim_interfaces' build argument 'cmake_target' from command line to 'None'
[0.285s] Level 5:colcon.colcon_core.verb:set package 'warebotsim_interfaces' build argument 'cmake_target_skip_unavailable' from command line to 'False'
[0.285s] Level 5:colcon.colcon_core.verb:set package 'warebotsim_interfaces' build argument 'cmake_clean_cache' from command line to 'False'
[0.285s] Level 5:colcon.colcon_core.verb:set package 'warebotsim_interfaces' build argument 'cmake_clean_first' from command line to 'False'
[0.285s] Level 5:colcon.colcon_core.verb:set package 'warebotsim_interfaces' build argument 'cmake_force_configure' from command line to 'False'
[0.285s] Level 5:colcon.colcon_core.verb:set package 'warebotsim_interfaces' build argument 'ament_cmake_args' from command line to 'None'
[0.285s] Level 5:colcon.colcon_core.verb:set package 'warebotsim_interfaces' build argument 'catkin_cmake_args' from command line to 'None'
[0.285s] Level 5:colcon.colcon_core.verb:set package 'warebotsim_interfaces' build argument 'catkin_skip_building_tests' from command line to 'False'
[0.285s] DEBUG:colcon.colcon_core.verb:Building package 'warebotsim_interfaces' with the following arguments: {'ament_cmake_args': None, 'build_base': '/home/yektapanj/WareBotSim/build/warebotsim_interfaces', 'catkin_cmake_args': None, 'catkin_skip_building_tests': False, 'cmake_args': None, 'cmake_clean_cache': False, 'cmake_clean_first': False, 'cmake_force_configure': False, 'cmake_target': None, 'cmake_target_skip_unavailable': False, 'install_base': '/home/yektapanj/WareBotSim/install/warebotsim_interfaces', 'merge_install': False, 'path': '/home/yektapanj/WareBotSim/src/warebotsim_interfaces', 'symlink_install': False, 'test_result_base': None}
[0.286s] Level 5:colcon.colcon_core.verb:set package 'warebotsim' build argument 'cmake_args' from command line to 'None'
[0.286s] Level 5:colcon.colcon_core.verb:set package 'warebotsim' build argument 'cmake_target' from command line to 'None'
[0.286s] Level 5:colcon.colcon_core.verb:set package 'warebotsim' build argument 'cmake_target_skip_unavailable' from command line to 'False'
[0.286s] Level 5:colcon.colcon_core.verb:set package 'warebotsim' build argument 'cmake_clean_cache' from command line to 'False'
[0.287s] Level 5:colcon.colcon_core.verb:set package 'warebotsim' build argument 'cmake_clean_first' from command line to 'False'
[0.287s] Level 5:colcon.colcon_core.verb:set package 'warebotsim' build argument 'cmake_force_configure' from command line to 'False'
[0.287s] Level 5:colcon.colcon_core.verb:set package 'warebotsim' build argument 'ament_cmake_args' from command line to 'None'
[0.287s] Level 5:colcon.colcon_core.verb:set package 'warebotsim' build argument 'catkin_cmake_args' from command line to 'None'
[0.287s] Level 5:colcon.colcon_core.verb:set package 'warebotsim' build argument 'catkin_skip_building_tests' from command line to 'False'
[0.287s] DEBUG:colcon.colcon_core.verb:Building package 'warebotsim' with the following arguments: {'ament_cmake_args': None, 'build_base': '/home/yektapanj/WareBotSim/build/warebotsim', 'catkin_cmake_args': None, 'catkin_skip_building_tests': False, 'cmake_args': None, 'cmake_clean_cache': False, 'cmake_clean_first': False, 'cmake_force_configure': False, 'cmake_target': None, 'cmake_target_skip_unavailable': False, 'install_base': '/home/yektapanj/WareBotSim/install/warebotsim', 'merge_install': False, 'path': '/home/yektapanj/WareBotSim/src/warebotsim', 'symlink_install': False, 'test_result_base': None}
[0.287s] INFO:colcon.colcon_core.executor:Executing jobs using 'parallel' executor
[0.289s] DEBUG:colcon.colcon_parallel_executor.executor.parallel:run_until_complete
[0.290s] INFO:colcon.colcon_ros.task.ament_cmake.build:Building ROS package in '/home/yektapanj/WareBotSim/src/warebotsim_interfaces' with build type 'ament_cmake'
[0.290s] INFO:colcon.colcon_cmake.task.cmake.build:Building CMake package in '/home/yektapanj/WareBotSim/src/warebotsim_interfaces'
[0.293s] INFO:colcon.colcon_core.plugin_system:Skipping extension 'colcon_core.shell.bat': Not used on non-Windows systems
[0.293s] INFO:colcon.colcon_core.shell:Skip shell extension 'powershell' for command environment: Not usable outside of PowerShell
[0.294s] DEBUG:colcon.colcon_core.shell:Skip shell extension 'dsv' for command environment
[0.299s] INFO:colcon.colcon_ros.task.ament_python.build:Building ROS package in '/home/yektapanj/WareBotSim/src/urdf_tutorial_r2d2' with build type 'ament_python'
[0.299s] Level 1:colcon.colcon_core.shell:create_environment_hook('urdf_tutorial_r2d2', 'ament_prefix_path')
[0.299s] INFO:colcon.colcon_core.shell:Creating environment hook '/home/yektapanj/WareBotSim/install/urdf_tutorial_r2d2/share/urdf_tutorial_r2d2/hook/ament_prefix_path.ps1'
[0.301s] INFO:colcon.colcon_core.shell:Creating environment descriptor '/home/yektapanj/WareBotSim/install/urdf_tutorial_r2d2/share/urdf_tutorial_r2d2/hook/ament_prefix_path.dsv'
[0.301s] INFO:colcon.colcon_core.shell:Creating environment hook '/home/yektapanj/WareBotSim/install/urdf_tutorial_r2d2/share/urdf_tutorial_r2d2/hook/ament_prefix_path.sh'
[0.302s] INFO:colcon.colcon_core.shell:Skip shell extension 'powershell' for command environment: Not usable outside of PowerShell
[0.302s] DEBUG:colcon.colcon_core.shell:Skip shell extension 'dsv' for command environment
[0.315s] DEBUG:colcon.colcon_core.event_handler.log_command:Invoking command in '/home/yektapanj/WareBotSim/build/warebotsim_interfaces': CMAKE_PREFIX_PATH=${CMAKE_PREFIX_PATH}:/home/yektapanj/WareBotSim/install/warebotsim:/opt/ros/kilted DEBUGINFOD_URLS=https://debuginfod.ubuntu.com /usr/bin/cmake --build /home/yektapanj/WareBotSim/build/warebotsim_interfaces -- -j6 -l6
[0.678s] INFO:colcon.colcon_core.task.python.build:Building Python package in '/home/yektapanj/WareBotSim/src/urdf_tutorial_r2d2'
[0.678s] INFO:colcon.colcon_core.shell:Skip shell extension 'powershell' for command environment: Not usable outside of PowerShell
[0.678s] DEBUG:colcon.colcon_core.shell:Skip shell extension 'dsv' for command environment
[0.987s] DEBUG:colcon.colcon_core.event_handler.log_command:Invoked command in '/home/yektapanj/WareBotSim/build/warebotsim_interfaces' returned '0': CMAKE_PREFIX_PATH=${CMAKE_PREFIX_PATH}:/home/yektapanj/WareBotSim/install/warebotsim:/opt/ros/kilted DEBUGINFOD_URLS=https://debuginfod.ubuntu.com /usr/bin/cmake --build /home/yektapanj/WareBotSim/build/warebotsim_interfaces -- -j6 -l6
[1.008s] DEBUG:colcon.colcon_core.event_handler.log_command:Invoking command in '/home/yektapanj/WareBotSim/build/warebotsim_interfaces': CMAKE_PREFIX_PATH=${CMAKE_PREFIX_PATH}:/home/yektapanj/WareBotSim/install/warebotsim:/opt/ros/kilted DEBUGINFOD_URLS=https://debuginfod.ubuntu.com /usr/bin/cmake --install /home/yektapanj/WareBotSim/build/warebotsim_interfaces
[1.106s] Level 1:colcon.colcon_core.environment:create_environment_scripts_only(warebotsim_interfaces)
[1.108s] DEBUG:colcon.colcon_core.event_handler.log_command:Invoked command in '/home/yektapanj/WareBotSim/build/warebotsim_interfaces' returned '0': CMAKE_PREFIX_PATH=${CMAKE_PREFIX_PATH}:/home/yektapanj/WareBotSim/install/warebotsim:/opt/ros/kilted DEBUGINFOD_URLS=https://debuginfod.ubuntu.com /usr/bin/cmake --install /home/yektapanj/WareBotSim/build/warebotsim_interfaces
[1.113s] Level 1:colcon.colcon_core.environment:checking '/home/yektapanj/WareBotSim/install/warebotsim_interfaces' for CMake module files
[1.116s] Level 1:colcon.colcon_core.environment:checking '/home/yektapanj/WareBotSim/install/warebotsim_interfaces' for CMake config files
[1.118s] Level 1:colcon.colcon_core.shell:create_environment_hook('warebotsim_interfaces', 'cmake_prefix_path')
[1.118s] INFO:colcon.colcon_core.shell:Creating environment hook '/home/yektapanj/WareBotSim/install/warebotsim_interfaces/share/warebotsim_interfaces/hook/cmake_prefix_path.ps1'
[1.120s] INFO:colcon.colcon_core.shell:Creating environment descriptor '/home/yektapanj/WareBotSim/install/warebotsim_interfaces/share/warebotsim_interfaces/hook/cmake_prefix_path.dsv'
[1.122s] INFO:colcon.colcon_core.shell:Creating environment hook '/home/yektapanj/WareBotSim/install/warebotsim_interfaces/share/warebotsim_interfaces/hook/cmake_prefix_path.sh'
[1.124s] Level 1:colcon.colcon_core.environment:checking '/home/yektapanj/WareBotSim/install/warebotsim_interfaces/lib'
[1.124s] Level 1:colcon.colcon_core.shell:create_environment_hook('warebotsim_interfaces', 'ld_library_path_lib')
[1.125s] INFO:colcon.colcon_core.shell:Creating environment hook '/home/yektapanj/WareBotSim/install/warebotsim_interfaces/share/warebotsim_interfaces/hook/ld_library_path_lib.ps1'
[1.125s] INFO:colcon.colcon_core.shell:Creating environment descriptor '/home/yektapanj/WareBotSim/install/warebotsim_interfaces/share/warebotsim_interfaces/hook/ld_library_path_lib.dsv'
[1.126s] INFO:colcon.colcon_core.shell:Creating environment hook '/home/yektapanj/WareBotSim/install/warebotsim_interfaces/share/warebotsim_interfaces/hook/ld_library_path_lib.sh'
[1.127s] Level 1:colcon.colcon_core.environment:checking '/home/yektapanj/WareBotSim/install/warebotsim_interfaces/bin'
[1.128s] Level 1:colcon.colcon_core.environment:checking '/home/yektapanj/WareBotSim/install/warebotsim_interfaces/lib/pkgconfig/warebotsim_interfaces.pc'
[1.128s] Level 1:colcon.colcon_core.environment:checking '/home/yektapanj/WareBotSim/install/warebotsim_interfaces/lib/python3.12/site-packages'
[1.129s] Level 1:colcon.colcon_core.shell:create_environment_hook('warebotsim_interfaces', 'pythonpath')
[1.129s] INFO:colcon.colcon_core.shell:Creating environment hook '/home/yektapanj/WareBotSim/install/warebotsim_interfaces/share/warebotsim_interfaces/hook/pythonpath.ps1'
[1.131s] INFO:colcon.colcon_core.shell:Creating environment descriptor '/home/yektapanj/WareBotSim/install/warebotsim_interfaces/share/warebotsim_interfaces/hook/pythonpath.dsv'
[1.132s] INFO:colcon.colcon_core.shell:Creating environment hook '/home/yektapanj/WareBotSim/install/warebotsim_interfaces/share/warebotsim_interfaces/hook/pythonpath.sh'
[1.134s] Level 1:colcon.colcon_core.environment:checking '/home/yektapanj/WareBotSim/install/warebotsim_interfaces/bin'
[1.135s] INFO:colcon.colcon_core.shell:Creating package script '/home/yektapanj/WareBotSim/install/warebotsim_interfaces/share/warebotsim_interfaces/package.ps1'
[1.142s] INFO:colcon.colcon_core.shell:Creating package descriptor '/home/yektapanj/WareBotSim/install/warebotsim_interfaces/share/warebotsim_interfaces/package.dsv'
[1.144s] INFO:colcon.colcon_core.shell:Creating package script '/home/yektapanj/WareBotSim/install/warebotsim_interfaces/share/warebotsim_interfaces/package.sh'
[1.147s] INFO:colcon.colcon_core.shell:Creating package script '/home/yektapanj/WareBotSim/install/warebotsim_interfaces/share/warebotsim_interfaces/package.bash'
[1.149s] INFO:colcon.colcon_core.shell:Creating package script '/home/yektapanj/WareBotSim/install/warebotsim_interfaces/share/warebotsim_interfaces/package.zsh'
[1.151s] Level 1:colcon.colcon_core.environment:create_file_with_runtime_dependencies(/home/yektapanj/WareBotSim/install/warebotsim_interfaces/share/colcon-core/packages/warebotsim_interfaces)
[1.152s] Level 1:colcon.colcon_core.environment:create_environment_scripts_only(warebotsim_interfaces)
[1.153s] Level 1:colcon.colcon_core.environment:checking '/home/yektapanj/WareBotSim/install/warebotsim_interfaces' for CMake module files
[1.153s] Level 1:colcon.colcon_core.environment:checking '/home/yektapanj/WareBotSim/install/warebotsim_interfaces' for CMake config files
[1.154s] Level 1:colcon.colcon_core.shell:create_environment_hook('warebotsim_interfaces', 'cmake_prefix_path')
[1.156s] INFO:colcon.colcon_core.shell:Creating environment hook '/home/yektapanj/WareBotSim/install/warebotsim_interfaces/share/warebotsim_interfaces/hook/cmake_prefix_path.ps1'
[1.157s] INFO:colcon.colcon_core.shell:Creating environment descriptor '/home/yektapanj/WareBotSim/install/warebotsim_interfaces/share/warebotsim_interfaces/hook/cmake_prefix_path.dsv'
[1.158s] INFO:colcon.colcon_core.shell:Creating environment hook '/home/yektapanj/WareBotSim/install/warebotsim_interfaces/share/warebotsim_interfaces/hook/cmake_prefix_path.sh'
[1.158s] Level 1:colcon.colcon_core.environment:checking '/home/yektapanj/WareBotSim/install/warebotsim_interfaces/lib'
[1.158s] Level 1:colcon.colcon_core.shell:create_environment_hook('warebotsim_interfaces', 'ld_library_path_lib')
[1.158s] INFO:colcon.colcon_core.shell:Creating environment hook '/home/yektapanj/WareBotSim/install/warebotsim_interfaces/share/warebotsim_interfaces/hook/ld_library_path_lib.ps1'
[1.159s] INFO:colcon.colcon_core.shell:Creating environment descriptor '/home/yektapanj/WareBotSim/install/warebotsim_interfaces/share/warebotsim_interfaces/hook/ld_library_path_lib.dsv'
[1.159s] INFO:colcon.colcon_core.shell:Creating environment hook '/home/yektapanj/WareBotSim/install/warebotsim_interfaces/share/warebotsim_interfaces/hook/ld_library_path_lib.sh'
[1.159s] Level 1:colcon.colcon_core.environment:checking '/home/yektapanj/WareBotSim/install/warebotsim_interfaces/bin'
[1.160s] Level 1:colcon.colcon_core.environment:checking '/home/yektapanj/WareBotSim/install/warebotsim_interfaces/lib/pkgconfig/warebotsim_interfaces.pc'
[1.160s] Level 1:colcon.colcon_core.environment:checking '/home/yektapanj/WareBotSim/install/warebotsim_interfaces/lib/python3.12/site-packages'
[1.160s] Level 1:colcon.colcon_core.shell:create_environment_hook('warebotsim_interfaces', 'pythonpath')
[1.160s] INFO:colcon.colcon_core.shell:Creating environment hook '/home/yektapanj/WareBotSim/install/warebotsim_interfaces/share/warebotsim_interfaces/hook/pythonpath.ps1'
[1.161s] INFO:colcon.colcon_core.shell:Creating environment descriptor '/home/yektapanj/WareBotSim/install/warebotsim_interfaces/share/warebotsim_interfaces/hook/pythonpath.dsv'
[1.162s] INFO:colcon.colcon_core.shell:Creating environment hook '/home/yektapanj/WareBotSim/install/warebotsim_interfaces/share/warebotsim_interfaces/hook/pythonpath.sh'
[1.163s] Level 1:colcon.colcon_core.environment:checking '/home/yektapanj/WareBotSim/install/warebotsim_interfaces/bin'
[1.164s] INFO:colcon.colcon_core.shell:Creating package script '/home/yektapanj/WareBotSim/install/warebotsim_interfaces/share/warebotsim_interfaces/package.ps1'
[1.165s] INFO:colcon.colcon_core.shell:Creating package descriptor '/home/yektapanj/WareBotSim/install/warebotsim_interfaces/share/warebotsim_interfaces/package.dsv'
[1.166s] INFO:colcon.colcon_core.shell:Creating package script '/home/yektapanj/WareBotSim/install/warebotsim_interfaces/share/warebotsim_interfaces/package.sh'
[1.167s] INFO:colcon.colcon_core.shell:Creating package script '/home/yektapanj/WareBotSim/install/warebotsim_interfaces/share/warebotsim_interfaces/package.bash'
[1.168s] INFO:colcon.colcon_core.shell:Creating package script '/home/yektapanj/WareBotSim/install/warebotsim_interfaces/share/warebotsim_interfaces/package.zsh'
[1.168s] Level 1:colcon.colcon_core.environment:create_file_with_runtime_dependencies(/home/yektapanj/WareBotSim/install/warebotsim_interfaces/share/colcon-core/packages/warebotsim_interfaces)
[1.169s] INFO:colcon.colcon_ros.task.ament_python.build:Building ROS package in '/home/yektapanj/WareBotSim/src/warebotsim' with build type 'ament_python'
[1.170s] Level 1:colcon.colcon_core.shell:create_environment_hook('warebotsim', 'ament_prefix_path')
[1.171s] INFO:colcon.colcon_core.shell:Creating environment hook '/home/yektapanj/WareBotSim/install/warebotsim/share/warebotsim/hook/ament_prefix_path.ps1'
[1.172s] INFO:colcon.colcon_core.shell:Creating environment descriptor '/home/yektapanj/WareBotSim/install/warebotsim/share/warebotsim/hook/ament_prefix_path.dsv'
[1.172s] INFO:colcon.colcon_core.shell:Creating environment hook '/home/yektapanj/WareBotSim/install/warebotsim/share/warebotsim/hook/ament_prefix_path.sh'
[1.173s] INFO:colcon.colcon_core.shell:Skip shell extension 'powershell' for command environment: Not usable outside of PowerShell
[1.173s] DEBUG:colcon.colcon_core.shell:Skip shell extension 'dsv' for command environment
[1.456s] INFO:colcon.colcon_core.task.python.build:Building Python package in '/home/yektapanj/WareBotSim/src/warebotsim'
[1.456s] INFO:colcon.colcon_core.shell:Skip shell extension 'powershell' for command environment: Not usable outside of PowerShell
[1.456s] DEBUG:colcon.colcon_core.shell:Skip shell extension 'dsv' for command environment
[2.148s] DEBUG:colcon.colcon_core.event_handler.log_command:Invoking command in '/home/yektapanj/WareBotSim/src/urdf_tutorial_r2d2': DEBUGINFOD_URLS=https://debuginfod.ubuntu.com PYTHONPATH=/home/yektapanj/WareBotSim/build/urdf_tutorial_r2d2/prefix_override:/usr/lib/python3/dist-packages/colcon_core/task/python/colcon_distutils_commands:/home/yektapanj/WareBotSim/install/urdf_tutorial_r2d2/lib/python3.12/site-packages:${PYTHONPATH} /usr/bin/python3 -W ignore:setup.py install is deprecated -W ignore:easy_install command is deprecated setup.py egg_info --egg-base ../../build/urdf_tutorial_r2d2 build --build-base /home/yektapanj/WareBotSim/build/urdf_tutorial_r2d2/build install --record /home/yektapanj/WareBotSim/build/urdf_tutorial_r2d2/install.log --single-version-externally-managed install_data
[2.216s] DEBUG:colcon.colcon_core.event_handler.log_command:Invoking command in '/home/yektapanj/WareBotSim/build/warebotsim': DEBUGINFOD_URLS=https://debuginfod.ubuntu.com PYTHONPATH=/home/yektapanj/WareBotSim/build/warebotsim/prefix_override:/usr/lib/python3/dist-packages/colcon_core/task/python/colcon_distutils_commands:/home/yektapanj/WareBotSim/install/warebotsim/lib/python3.12/site-packages:${PYTHONPATH} /usr/bin/python3 -W ignore:setup.py install is deprecated -W ignore:easy_install command is deprecated setup.py develop --uninstall --editable --build-directory /home/yektapanj/WareBotSim/build/warebotsim/build
[2.780s] Level 1:colcon.colcon_core.environment:checking '/home/yektapanj/WareBotSim/install/urdf_tutorial_r2d2' for CMake module files
[2.781s] Level 1:colcon.colcon_core.environment:checking '/home/yektapanj/WareBotSim/install/urdf_tutorial_r2d2' for CMake config files
[2.782s] DEBUG:colcon.colcon_core.event_handler.log_command:Invoked command in '/home/yektapanj/WareBotSim/src/urdf_tutorial_r2d2' returned '0': DEBUGINFOD_URLS=https://debuginfod.ubuntu.com PYTHONPATH=/home/yektapanj/WareBotSim/build/urdf_tutorial_r2d2/prefix_override:/usr/lib/python3/dist-packages/colcon_core/task/python/colcon_distutils_commands:/home/yektapanj/WareBotSim/install/urdf_tutorial_r2d2/lib/python3.12/site-packages:${PYTHONPATH} /usr/bin/python3 -W ignore:setup.py install is deprecated -W ignore:easy_install command is deprecated setup.py egg_info --egg-base ../../build/urdf_tutorial_r2d2 build --build-base /home/yektapanj/WareBotSim/build/urdf_tutorial_r2d2/build install --record /home/yektapanj/WareBotSim/build/urdf_tutorial_r2d2/install.log --single-version-externally-managed install_data
[2.785s] Level 1:colcon.colcon_core.environment:checking '/home/yektapanj/WareBotSim/install/urdf_tutorial_r2d2/lib'
[2.786s] Level 1:colcon.colcon_core.environment:checking '/home/yektapanj/WareBotSim/install/urdf_tutorial_r2d2/bin'
[2.786s] Level 1:colcon.colcon_core.environment:checking '/home/yektapanj/WareBotSim/install/urdf_tutorial_r2d2/lib/pkgconfig/urdf_tutorial_r2d2.pc'
[2.786s] Level 1:colcon.colcon_core.environment:checking '/home/yektapanj/WareBotSim/install/urdf_tutorial_r2d2/lib/python3.12/site-packages'
[2.786s] Level 1:colcon.colcon_core.shell:create_environment_hook('urdf_tutorial_r2d2', 'pythonpath')
[2.786s] INFO:colcon.colcon_core.shell:Creating environment hook '/home/yektapanj/WareBotSim/install/urdf_tutorial_r2d2/share/urdf_tutorial_r2d2/hook/pythonpath.ps1'
[2.787s] INFO:colcon.colcon_core.shell:Creating environment descriptor '/home/yektapanj/WareBotSim/install/urdf_tutorial_r2d2/share/urdf_tutorial_r2d2/hook/pythonpath.dsv'
[2.787s] INFO:colcon.colcon_core.shell:Creating environment hook '/home/yektapanj/WareBotSim/install/urdf_tutorial_r2d2/share/urdf_tutorial_r2d2/hook/pythonpath.sh'
[2.790s] Level 1:colcon.colcon_core.environment:checking '/home/yektapanj/WareBotSim/install/urdf_tutorial_r2d2/bin'
[2.790s] Level 1:colcon.colcon_core.environment:create_environment_scripts_only(urdf_tutorial_r2d2)
[2.791s] INFO:colcon.colcon_core.shell:Creating package script '/home/yektapanj/WareBotSim/install/urdf_tutorial_r2d2/share/urdf_tutorial_r2d2/package.ps1'
[2.791s] INFO:colcon.colcon_core.shell:Creating package descriptor '/home/yektapanj/WareBotSim/install/urdf_tutorial_r2d2/share/urdf_tutorial_r2d2/package.dsv'
[2.791s] INFO:colcon.colcon_core.shell:Creating package script '/home/yektapanj/WareBotSim/install/urdf_tutorial_r2d2/share/urdf_tutorial_r2d2/package.sh'
[2.792s] INFO:colcon.colcon_core.shell:Creating package script '/home/yektapanj/WareBotSim/install/urdf_tutorial_r2d2/share/urdf_tutorial_r2d2/package.bash'
[2.793s] INFO:colcon.colcon_core.shell:Creating package script '/home/yektapanj/WareBotSim/install/urdf_tutorial_r2d2/share/urdf_tutorial_r2d2/package.zsh'
[2.793s] Level 1:colcon.colcon_core.environment:create_file_with_runtime_dependencies(/home/yektapanj/WareBotSim/install/urdf_tutorial_r2d2/share/colcon-core/packages/urdf_tutorial_r2d2)
[2.848s] DEBUG:colcon.colcon_core.event_handler.log_command:Invoked command in '/home/yektapanj/WareBotSim/build/warebotsim' returned '0': DEBUGINFOD_URLS=https://debuginfod.ubuntu.com PYTHONPATH=/home/yektapanj/WareBotSim/build/warebotsim/prefix_override:/usr/lib/python3/dist-packages/colcon_core/task/python/colcon_distutils_commands:/home/yektapanj/WareBotSim/install/warebotsim/lib/python3.12/site-packages:${PYTHONPATH} /usr/bin/python3 -W ignore:setup.py install is deprecated -W ignore:easy_install command is deprecated setup.py develop --uninstall --editable --build-directory /home/yektapanj/WareBotSim/build/warebotsim/build
[2.850s] DEBUG:colcon.colcon_core.event_handler.log_command:Invoking command in '/home/yektapanj/WareBotSim/src/warebotsim': DEBUGINFOD_URLS=https://debuginfod.ubuntu.com PYTHONPATH=/home/yektapanj/WareBotSim/build/warebotsim/prefix_override:/usr/lib/python3/dist-packages/colcon_core/task/python/colcon_distutils_commands:/home/yektapanj/WareBotSim/install/warebotsim/lib/python3.12/site-packages:${PYTHONPATH} /usr/bin/python3 -W ignore:setup.py install is deprecated -W ignore:easy_install command is deprecated setup.py egg_info --egg-base ../../build/warebotsim build --build-base /home/yektapanj/WareBotSim/build/warebotsim/build install --record /home/yektapanj/WareBotSim/build/warebotsim/install.log --single-version-externally-managed install_data --force
[3.526s] Level 1:colcon.colcon_core.environment:checking '/home/yektapanj/WareBotSim/install/warebotsim' for CMake module files
[3.529s] DEBUG:colcon.colcon_core.event_handler.log_command:Invoked command in '/home/yektapanj/WareBotSim/src/warebotsim' returned '0': DEBUGINFOD_URLS=https://debuginfod.ubuntu.com PYTHONPATH=/home/yektapanj/WareBotSim/build/warebotsim/prefix_override:/usr/lib/python3/dist-packages/colcon_core/task/python/colcon_distutils_commands:/home/yektapanj/WareBotSim/install/warebotsim/lib/python3.12/site-packages:${PYTHONPATH} /usr/bin/python3 -W ignore:setup.py install is deprecated -W ignore:easy_install command is deprecated setup.py egg_info --egg-base ../../build/warebotsim build --build-base /home/yektapanj/WareBotSim/build/warebotsim/build install --record /home/yektapanj/WareBotSim/build/warebotsim/install.log --single-version-externally-managed install_data --force
[3.529s] Level 1:colcon.colcon_core.environment:checking '/home/yektapanj/WareBotSim/install/warebotsim' for CMake config files
[3.530s] Level 1:colcon.colcon_core.environment:checking '/home/yektapanj/WareBotSim/install/warebotsim/lib'
[3.530s] Level 1:colcon.colcon_core.environment:checking '/home/yektapanj/WareBotSim/install/warebotsim/bin'
[3.530s] Level 1:colcon.colcon_core.environment:checking '/home/yektapanj/WareBotSim/install/warebotsim/lib/pkgconfig/warebotsim.pc'
[3.530s] Level 1:colcon.colcon_core.environment:checking '/home/yektapanj/WareBotSim/install/warebotsim/lib/python3.12/site-packages'
[3.530s] Level 1:colcon.colcon_core.shell:create_environment_hook('warebotsim', 'pythonpath')
[3.531s] INFO:colcon.colcon_core.shell:Creating environment hook '/home/yektapanj/WareBotSim/install/warebotsim/share/warebotsim/hook/pythonpath.ps1'
[3.534s] INFO:colcon.colcon_core.shell:Creating environment descriptor '/home/yektapanj/WareBotSim/install/warebotsim/share/warebotsim/hook/pythonpath.dsv'
[3.535s] INFO:colcon.colcon_core.shell:Creating environment hook '/home/yektapanj/WareBotSim/install/warebotsim/share/warebotsim/hook/pythonpath.sh'
[3.536s] Level 1:colcon.colcon_core.environment:checking '/home/yektapanj/WareBotSim/install/warebotsim/bin'
[3.536s] Level 1:colcon.colcon_core.environment:create_environment_scripts_only(warebotsim)
[3.536s] INFO:colcon.colcon_core.shell:Creating package script '/home/yektapanj/WareBotSim/install/warebotsim/share/warebotsim/package.ps1'
[3.536s] INFO:colcon.colcon_core.shell:Creating package descriptor '/home/yektapanj/WareBotSim/install/warebotsim/share/warebotsim/package.dsv'
[3.537s] INFO:colcon.colcon_core.shell:Creating package script '/home/yektapanj/WareBotSim/install/warebotsim/share/warebotsim/package.sh'
[3.537s] INFO:colcon.colcon_core.shell:Creating package script '/home/yektapanj/WareBotSim/install/warebotsim/share/warebotsim/package.bash'
[3.538s] INFO:colcon.colcon_core.shell:Creating package script '/home/yektapanj/WareBotSim/install/warebotsim/share/warebotsim/package.zsh'
[3.538s] Level 1:colcon.colcon_core.environment:create_file_with_runtime_dependencies(/home/yektapanj/WareBotSim/install/warebotsim/share/colcon-core/packages/warebotsim)
[3.539s] DEBUG:colcon.colcon_parallel_executor.executor.parallel:closing loop
[3.539s] DEBUG:colcon.colcon_parallel_executor.executor.parallel:loop closed
[3.539s] DEBUG:colcon.colcon_parallel_executor.executor.parallel:run_until_complete finished with '0'
[3.539s] DEBUG:colcon.colcon_core.event_reactor:joining thread
[3.549s] INFO:colcon.colcon_core.plugin_system:Skipping extension 'colcon_notification.desktop_notification.terminal_notifier': Not used on non-Darwin systems
[3.549s] INFO:colcon.colcon_core.plugin_system:Skipping extension 'colcon_notification.desktop_notification.win32': Not used on non-Windows systems
[3.549s] INFO:colcon.colcon_notification.desktop_notification:Sending desktop notification using 'notify2'
[3.579s] DEBUG:colcon.colcon_core.event_reactor:joined thread
[3.579s] INFO:colcon.colcon_core.shell:Creating prefix script '/home/yektapanj/WareBotSim/install/local_setup.ps1'
[3.580s] INFO:colcon.colcon_core.shell:Creating prefix util module '/home/yektapanj/WareBotSim/install/_local_setup_util_ps1.py'
[3.583s] INFO:colcon.colcon_core.shell:Creating prefix chain script '/home/yektapanj/WareBotSim/install/setup.ps1'
[3.585s] INFO:colcon.colcon_core.shell:Creating prefix script '/home/yektapanj/WareBotSim/install/local_setup.sh'
[3.585s] INFO:colcon.colcon_core.shell:Creating prefix util module '/home/yektapanj/WareBotSim/install/_local_setup_util_sh.py'
[3.586s] INFO:colcon.colcon_core.shell:Creating prefix chain script '/home/yektapanj/WareBotSim/install/setup.sh'
[3.587s] INFO:colcon.colcon_core.shell:Creating prefix script '/home/yektapanj/WareBotSim/install/local_setup.bash'
[3.588s] INFO:colcon.colcon_core.shell:Creating prefix chain script '/home/yektapanj/WareBotSim/install/setup.bash'
[3.590s] INFO:colcon.colcon_core.shell:Creating prefix script '/home/yektapanj/WareBotSim/install/local_setup.zsh'
[3.591s] INFO:colcon.colcon_core.shell:Creating prefix chain script '/home/yektapanj/WareBotSim/install/setup.zsh'
