[1.848s] Invoking command in '/home/yektapanj/WareBotSim/src/urdf_tutorial_r2d2': DEBUGINFOD_URLS=https://debuginfod.ubuntu.com PYTHONPATH=/home/yektapanj/WareBotSim/build/urdf_tutorial_r2d2/prefix_override:/usr/lib/python3/dist-packages/colcon_core/task/python/colcon_distutils_commands:/home/yektapanj/WareBotSim/install/urdf_tutorial_r2d2/lib/python3.12/site-packages:${PYTHONPATH} /usr/bin/python3 -W ignore:setup.py install is deprecated -W ignore:easy_install command is deprecated setup.py egg_info --egg-base ../../build/urdf_tutorial_r2d2 build --build-base /home/yektapanj/WareBotSim/build/urdf_tutorial_r2d2/build install --record /home/yektapanj/WareBotSim/build/urdf_tutorial_r2d2/install.log --single-version-externally-managed install_data
[2.158s] running egg_info
[2.160s] creating ../../build/urdf_tutorial_r2d2/urdf_tutorial_r2d2.egg-info
[2.172s] writing ../../build/urdf_tutorial_r2d2/urdf_tutorial_r2d2.egg-info/PKG-INFO
[2.173s] writing dependency_links to ../../build/urdf_tutorial_r2d2/urdf_tutorial_r2d2.egg-info/dependency_links.txt
[2.173s] writing entry points to ../../build/urdf_tutorial_r2d2/urdf_tutorial_r2d2.egg-info/entry_points.txt
[2.173s] writing requirements to ../../build/urdf_tutorial_r2d2/urdf_tutorial_r2d2.egg-info/requires.txt
[2.173s] writing top-level names to ../../build/urdf_tutorial_r2d2/urdf_tutorial_r2d2.egg-info/top_level.txt
[2.173s] writing manifest file '../../build/urdf_tutorial_r2d2/urdf_tutorial_r2d2.egg-info/SOURCES.txt'
[2.219s] reading manifest file '../../build/urdf_tutorial_r2d2/urdf_tutorial_r2d2.egg-info/SOURCES.txt'
[2.219s] adding license file 'LICENSE'
[2.219s] writing manifest file '../../build/urdf_tutorial_r2d2/urdf_tutorial_r2d2.egg-info/SOURCES.txt'
[2.221s] running build
[2.221s] running build_py
[2.221s] creating /home/yektapanj/WareBotSim/build/urdf_tutorial_r2d2/build
[2.221s] creating /home/yektapanj/WareBotSim/build/urdf_tutorial_r2d2/build/lib
[2.221s] creating /home/yektapanj/WareBotSim/build/urdf_tutorial_r2d2/build/lib/urdf_tutorial_r2d2
[2.221s] copying urdf_tutorial_r2d2/state_publisher.py -> /home/yektapanj/WareBotSim/build/urdf_tutorial_r2d2/build/lib/urdf_tutorial_r2d2
[2.221s] copying urdf_tutorial_r2d2/__init__.py -> /home/yektapanj/WareBotSim/build/urdf_tutorial_r2d2/build/lib/urdf_tutorial_r2d2
[2.221s] running install
[2.229s] running install_lib
[2.245s] creating /home/yektapanj/WareBotSim/install/urdf_tutorial_r2d2/lib/python3.12/site-packages/urdf_tutorial_r2d2
[2.245s] copying /home/yektapanj/WareBotSim/build/urdf_tutorial_r2d2/build/lib/urdf_tutorial_r2d2/state_publisher.py -> /home/yektapanj/WareBotSim/install/urdf_tutorial_r2d2/lib/python3.12/site-packages/urdf_tutorial_r2d2
[2.245s] copying /home/yektapanj/WareBotSim/build/urdf_tutorial_r2d2/build/lib/urdf_tutorial_r2d2/__init__.py -> /home/yektapanj/WareBotSim/install/urdf_tutorial_r2d2/lib/python3.12/site-packages/urdf_tutorial_r2d2
[2.246s] byte-compiling /home/yektapanj/WareBotSim/install/urdf_tutorial_r2d2/lib/python3.12/site-packages/urdf_tutorial_r2d2/state_publisher.py to state_publisher.cpython-312.pyc
[2.247s] byte-compiling /home/yektapanj/WareBotSim/install/urdf_tutorial_r2d2/lib/python3.12/site-packages/urdf_tutorial_r2d2/__init__.py to __init__.cpython-312.pyc
[2.247s] running install_data
[2.247s] creating /home/yektapanj/WareBotSim/install/urdf_tutorial_r2d2/share/ament_index
[2.248s] creating /home/yektapanj/WareBotSim/install/urdf_tutorial_r2d2/share/ament_index/resource_index
[2.248s] creating /home/yektapanj/WareBotSim/install/urdf_tutorial_r2d2/share/ament_index/resource_index/packages
[2.248s] copying resource/urdf_tutorial_r2d2 -> /home/yektapanj/WareBotSim/install/urdf_tutorial_r2d2/share/ament_index/resource_index/packages
[2.248s] copying package.xml -> /home/yektapanj/WareBotSim/install/urdf_tutorial_r2d2/share/urdf_tutorial_r2d2
[2.248s] creating /home/yektapanj/WareBotSim/install/urdf_tutorial_r2d2/share/urdf_tutorial_r2d2/launch
[2.248s] copying launch/demo_launch.py -> /home/yektapanj/WareBotSim/install/urdf_tutorial_r2d2/share/urdf_tutorial_r2d2/launch
[2.248s] copying urdf/r2d2.urdf.xml -> /home/yektapanj/WareBotSim/install/urdf_tutorial_r2d2/share/urdf_tutorial_r2d2
[2.252s] copying urdf/r2d2.rviz -> /home/yektapanj/WareBotSim/install/urdf_tutorial_r2d2/share/urdf_tutorial_r2d2
[2.254s] running install_egg_info
[2.272s] Copying ../../build/urdf_tutorial_r2d2/urdf_tutorial_r2d2.egg-info to /home/yektapanj/WareBotSim/install/urdf_tutorial_r2d2/lib/python3.12/site-packages/urdf_tutorial_r2d2-0.0.0-py3.12.egg-info
[2.273s] running install_scripts
[2.432s] Installing state_publisher script to /home/yektapanj/WareBotSim/install/urdf_tutorial_r2d2/lib/urdf_tutorial_r2d2
[2.433s] writing list of installed files to '/home/yektapanj/WareBotSim/build/urdf_tutorial_r2d2/install.log'
[2.482s] Invoked command in '/home/yektapanj/WareBotSim/src/urdf_tutorial_r2d2' returned '0': DEBUGINFOD_URLS=https://debuginfod.ubuntu.com PYTHONPATH=/home/yektapanj/WareBotSim/build/urdf_tutorial_r2d2/prefix_override:/usr/lib/python3/dist-packages/colcon_core/task/python/colcon_distutils_commands:/home/yektapanj/WareBotSim/install/urdf_tutorial_r2d2/lib/python3.12/site-packages:${PYTHONPATH} /usr/bin/python3 -W ignore:setup.py install is deprecated -W ignore:easy_install command is deprecated setup.py egg_info --egg-base ../../build/urdf_tutorial_r2d2 build --build-base /home/yektapanj/WareBotSim/build/urdf_tutorial_r2d2/build install --record /home/yektapanj/WareBotSim/build/urdf_tutorial_r2d2/install.log --single-version-externally-managed install_data
