running develop
running egg_info
creating warebotsim.egg-info
writing warebotsim.egg-info/PKG-INFO
writing dependency_links to warebotsim.egg-info/dependency_links.txt
writing requirements to warebotsim.egg-info/requires.txt
writing top-level names to warebotsim.egg-info/top_level.txt
writing manifest file 'warebotsim.egg-info/SOURCES.txt'
reading manifest file 'warebotsim.egg-info/SOURCES.txt'
writing manifest file 'warebotsim.egg-info/SOURCES.txt'
running build_ext
Creating /home/yektapanj/WareBotSim/install/warebotsim/lib/python3.12/site-packages/warebotsim.egg-link (link to .)

Installed /home/yektapanj/WareBotSim/build/warebotsim
running symlink_data
creating /home/yektapanj/WareBotSim/install/warebotsim/share/ament_index
creating /home/yektapanj/WareBotSim/install/warebotsim/share/ament_index/resource_index
creating /home/yektapanj/WareBotSim/install/warebotsim/share/ament_index/resource_index/packages
symbolically linking /home/yektapanj/WareBotSim/build/warebotsim/resource/warebotsim -> /home/yektapanj/WareBotSim/install/warebotsim/share/ament_index/resource_index/packages
symbolically linking /home/yektapanj/WareBotSim/build/warebotsim/package.xml -> /home/yektapanj/WareBotSim/install/warebotsim/share/warebotsim
creating /home/yektapanj/WareBotSim/install/warebotsim/share/warebotsim/launch
symbolically linking /home/yektapanj/WareBotSim/build/warebotsim/launch/demo_launch.py -> /home/yektapanj/WareBotSim/install/warebotsim/share/warebotsim/launch
symbolically linking /home/yektapanj/WareBotSim/build/warebotsim/urdf/jackal.urdf -> /home/yektapanj/WareBotSim/install/warebotsim/share/warebotsim
creating /home/yektapanj/WareBotSim/install/warebotsim/share/warebotsim/meshes
symbolically linking /home/yektapanj/WareBotSim/build/warebotsim/urdf/meshes/top_plate_collision.stl -> /home/yektapanj/WareBotSim/install/warebotsim/share/warebotsim/meshes
symbolically linking /home/yektapanj/WareBotSim/build/warebotsim/urdf/meshes/lift_link.STL -> /home/yektapanj/WareBotSim/install/warebotsim/share/warebotsim/meshes
symbolically linking /home/yektapanj/WareBotSim/build/warebotsim/urdf/meshes/novatel-smart7.stl -> /home/yektapanj/WareBotSim/install/warebotsim/share/warebotsim/meshes
symbolically linking /home/yektapanj/WareBotSim/build/warebotsim/urdf/meshes/internal_link.STL -> /home/yektapanj/WareBotSim/install/warebotsim/share/warebotsim/meshes
symbolically linking /home/yektapanj/WareBotSim/build/warebotsim/urdf/meshes/camera-beam.stl -> /home/yektapanj/WareBotSim/install/warebotsim/share/warebotsim/meshes
symbolically linking /home/yektapanj/WareBotSim/build/warebotsim/urdf/meshes/wheel_right_link.STL -> /home/yektapanj/WareBotSim/install/warebotsim/share/warebotsim/meshes
symbolically linking /home/yektapanj/WareBotSim/build/warebotsim/urdf/meshes/ark_enclosure.stl -> /home/yektapanj/WareBotSim/install/warebotsim/share/warebotsim/meshes
symbolically linking /home/yektapanj/WareBotSim/build/warebotsim/urdf/meshes/sick-lms1xx-upright-bracket.stl -> /home/yektapanj/WareBotSim/install/warebotsim/share/warebotsim/meshes
symbolically linking /home/yektapanj/WareBotSim/build/warebotsim/urdf/meshes/rotacastor_left_link.STL -> /home/yektapanj/WareBotSim/install/warebotsim/share/warebotsim/meshes
symbolically linking /home/yektapanj/WareBotSim/build/warebotsim/urdf/meshes/velodyne_tower.stl -> /home/yektapanj/WareBotSim/install/warebotsim/share/warebotsim/meshes
symbolically linking /home/yektapanj/WareBotSim/build/warebotsim/urdf/meshes/bridge-plate.stl -> /home/yektapanj/WareBotSim/install/warebotsim/share/warebotsim/meshes
symbolically linking /home/yektapanj/WareBotSim/build/warebotsim/urdf/meshes/camera-bracket.stl -> /home/yektapanj/WareBotSim/install/warebotsim/share/warebotsim/meshes
symbolically linking /home/yektapanj/WareBotSim/build/warebotsim/urdf/meshes/accessory_fender.stl -> /home/yektapanj/WareBotSim/install/warebotsim/share/warebotsim/meshes
symbolically linking /home/yektapanj/WareBotSim/build/warebotsim/urdf/meshes/stereo-camera-bracket.stl -> /home/yektapanj/WareBotSim/install/warebotsim/share/warebotsim/meshes
symbolically linking /home/yektapanj/WareBotSim/build/warebotsim/urdf/meshes/wibotic_bumper.stl -> /home/yektapanj/WareBotSim/install/warebotsim/share/warebotsim/meshes
symbolically linking /home/yektapanj/WareBotSim/build/warebotsim/urdf/meshes/jackal-wheel.stl -> /home/yektapanj/WareBotSim/install/warebotsim/share/warebotsim/meshes
symbolically linking /home/yektapanj/WareBotSim/build/warebotsim/urdf/meshes/sick-lms1xx-inverted-bracket.stl -> /home/yektapanj/WareBotSim/install/warebotsim/share/warebotsim/meshes
symbolically linking /home/yektapanj/WareBotSim/build/warebotsim/urdf/meshes/jackal-fender.stl -> /home/yektapanj/WareBotSim/install/warebotsim/share/warebotsim/meshes
symbolically linking /home/yektapanj/WareBotSim/build/warebotsim/urdf/meshes/chassis_link.dae -> /home/yektapanj/WareBotSim/install/warebotsim/share/warebotsim/meshes
symbolically linking /home/yektapanj/WareBotSim/build/warebotsim/urdf/meshes/stereo-camera-beam.stl -> /home/yektapanj/WareBotSim/install/warebotsim/share/warebotsim/meshes
symbolically linking /home/yektapanj/WareBotSim/build/warebotsim/urdf/meshes/kinect_mount.stl -> /home/yektapanj/WareBotSim/install/warebotsim/share/warebotsim/meshes
symbolically linking /home/yektapanj/WareBotSim/build/warebotsim/urdf/meshes/chassis_link.STL -> /home/yektapanj/WareBotSim/install/warebotsim/share/warebotsim/meshes
symbolically linking /home/yektapanj/WareBotSim/build/warebotsim/urdf/meshes/rotacastor_right_link.STL -> /home/yektapanj/WareBotSim/install/warebotsim/share/warebotsim/meshes
symbolically linking /home/yektapanj/WareBotSim/build/warebotsim/urdf/meshes/jackal-base.stl -> /home/yektapanj/WareBotSim/install/warebotsim/share/warebotsim/meshes
symbolically linking /home/yektapanj/WareBotSim/build/warebotsim/urdf/meshes/top_plate.stl -> /home/yektapanj/WareBotSim/install/warebotsim/share/warebotsim/meshes
symbolically linking /home/yektapanj/WareBotSim/build/warebotsim/urdf/meshes/hokuyo_utm30.stl -> /home/yektapanj/WareBotSim/install/warebotsim/share/warebotsim/meshes
symbolically linking /home/yektapanj/WareBotSim/build/warebotsim/urdf/meshes/jackal-fenders.stl -> /home/yektapanj/WareBotSim/install/warebotsim/share/warebotsim/meshes
symbolically linking /home/yektapanj/WareBotSim/build/warebotsim/urdf/meshes/novatel-smart6.stl -> /home/yektapanj/WareBotSim/install/warebotsim/share/warebotsim/meshes
symbolically linking /home/yektapanj/WareBotSim/build/warebotsim/urdf/meshes/internal_link.dae -> /home/yektapanj/WareBotSim/install/warebotsim/share/warebotsim/meshes
symbolically linking /home/yektapanj/WareBotSim/build/warebotsim/urdf/meshes/lift_link.dae -> /home/yektapanj/WareBotSim/install/warebotsim/share/warebotsim/meshes
symbolically linking /home/yektapanj/WareBotSim/build/warebotsim/urdf/meshes/extrusion.stl -> /home/yektapanj/WareBotSim/install/warebotsim/share/warebotsim/meshes
symbolically linking /home/yektapanj/WareBotSim/build/warebotsim/urdf/meshes/hokuyo_ust10.stl -> /home/yektapanj/WareBotSim/install/warebotsim/share/warebotsim/meshes
symbolically linking /home/yektapanj/WareBotSim/build/warebotsim/urdf/meshes/wheel_left_link.STL -> /home/yektapanj/WareBotSim/install/warebotsim/share/warebotsim/meshes
