[0.912s] Invoking command in '/home/yektapanj/WareBotSim/build/warebotsim': DEBUGINFOD_URLS=https://debuginfod.ubuntu.com PYTHONPATH=/home/yektapanj/WareBotSim/build/warebotsim/prefix_override:/usr/lib/python3/dist-packages/colcon_core/task/python/colcon_distutils_commands:/home/yektapanj/WareBotSim/install/warebotsim/lib/python3.12/site-packages:${PYTHONPATH} /usr/bin/python3 -W ignore:setup.py install is deprecated -W ignore:easy_install command is deprecated setup.py develop --editable --build-directory /home/yektapanj/WareBotSim/build/warebotsim/build --no-deps symlink_data
[1.234s] running develop
[1.397s] running egg_info
[1.397s] creating warebotsim.egg-info
[1.413s] writing warebotsim.egg-info/PKG-INFO
[1.413s] writing dependency_links to warebotsim.egg-info/dependency_links.txt
[1.413s] writing requirements to warebotsim.egg-info/requires.txt
[1.413s] writing top-level names to warebotsim.egg-info/top_level.txt
[1.413s] writing manifest file 'warebotsim.egg-info/SOURCES.txt'
[1.442s] reading manifest file 'warebotsim.egg-info/SOURCES.txt'
[1.443s] writing manifest file 'warebotsim.egg-info/SOURCES.txt'
[1.473s] running build_ext
[1.474s] Creating /home/yektapanj/WareBotSim/install/warebotsim/lib/python3.12/site-packages/warebotsim.egg-link (link to .)
[1.476s] 
[1.476s] Installed /home/yektapanj/WareBotSim/build/warebotsim
[1.476s] running symlink_data
[1.476s] creating /home/yektapanj/WareBotSim/install/warebotsim/share/ament_index
[1.477s] creating /home/yektapanj/WareBotSim/install/warebotsim/share/ament_index/resource_index
[1.477s] creating /home/yektapanj/WareBotSim/install/warebotsim/share/ament_index/resource_index/packages
[1.477s] symbolically linking /home/yektapanj/WareBotSim/build/warebotsim/resource/warebotsim -> /home/yektapanj/WareBotSim/install/warebotsim/share/ament_index/resource_index/packages
[1.477s] symbolically linking /home/yektapanj/WareBotSim/build/warebotsim/package.xml -> /home/yektapanj/WareBotSim/install/warebotsim/share/warebotsim
[1.477s] creating /home/yektapanj/WareBotSim/install/warebotsim/share/warebotsim/launch
[1.477s] symbolically linking /home/yektapanj/WareBotSim/build/warebotsim/launch/demo_launch.py -> /home/yektapanj/WareBotSim/install/warebotsim/share/warebotsim/launch
[1.477s] symbolically linking /home/yektapanj/WareBotSim/build/warebotsim/urdf/jackal.urdf -> /home/yektapanj/WareBotSim/install/warebotsim/share/warebotsim
[1.477s] creating /home/yektapanj/WareBotSim/install/warebotsim/share/warebotsim/meshes
[1.478s] symbolically linking /home/yektapanj/WareBotSim/build/warebotsim/urdf/meshes/top_plate_collision.stl -> /home/yektapanj/WareBotSim/install/warebotsim/share/warebotsim/meshes
[1.478s] symbolically linking /home/yektapanj/WareBotSim/build/warebotsim/urdf/meshes/lift_link.STL -> /home/yektapanj/WareBotSim/install/warebotsim/share/warebotsim/meshes
[1.478s] symbolically linking /home/yektapanj/WareBotSim/build/warebotsim/urdf/meshes/novatel-smart7.stl -> /home/yektapanj/WareBotSim/install/warebotsim/share/warebotsim/meshes
[1.478s] symbolically linking /home/yektapanj/WareBotSim/build/warebotsim/urdf/meshes/internal_link.STL -> /home/yektapanj/WareBotSim/install/warebotsim/share/warebotsim/meshes
[1.479s] symbolically linking /home/yektapanj/WareBotSim/build/warebotsim/urdf/meshes/camera-beam.stl -> /home/yektapanj/WareBotSim/install/warebotsim/share/warebotsim/meshes
[1.479s] symbolically linking /home/yektapanj/WareBotSim/build/warebotsim/urdf/meshes/wheel_right_link.STL -> /home/yektapanj/WareBotSim/install/warebotsim/share/warebotsim/meshes
[1.479s] symbolically linking /home/yektapanj/WareBotSim/build/warebotsim/urdf/meshes/ark_enclosure.stl -> /home/yektapanj/WareBotSim/install/warebotsim/share/warebotsim/meshes
[1.479s] symbolically linking /home/yektapanj/WareBotSim/build/warebotsim/urdf/meshes/sick-lms1xx-upright-bracket.stl -> /home/yektapanj/WareBotSim/install/warebotsim/share/warebotsim/meshes
[1.479s] symbolically linking /home/yektapanj/WareBotSim/build/warebotsim/urdf/meshes/rotacastor_left_link.STL -> /home/yektapanj/WareBotSim/install/warebotsim/share/warebotsim/meshes
[1.479s] symbolically linking /home/yektapanj/WareBotSim/build/warebotsim/urdf/meshes/velodyne_tower.stl -> /home/yektapanj/WareBotSim/install/warebotsim/share/warebotsim/meshes
[1.479s] symbolically linking /home/yektapanj/WareBotSim/build/warebotsim/urdf/meshes/bridge-plate.stl -> /home/yektapanj/WareBotSim/install/warebotsim/share/warebotsim/meshes
[1.480s] symbolically linking /home/yektapanj/WareBotSim/build/warebotsim/urdf/meshes/camera-bracket.stl -> /home/yektapanj/WareBotSim/install/warebotsim/share/warebotsim/meshes
[1.480s] symbolically linking /home/yektapanj/WareBotSim/build/warebotsim/urdf/meshes/accessory_fender.stl -> /home/yektapanj/WareBotSim/install/warebotsim/share/warebotsim/meshes
[1.480s] symbolically linking /home/yektapanj/WareBotSim/build/warebotsim/urdf/meshes/stereo-camera-bracket.stl -> /home/yektapanj/WareBotSim/install/warebotsim/share/warebotsim/meshes
[1.480s] symbolically linking /home/yektapanj/WareBotSim/build/warebotsim/urdf/meshes/wibotic_bumper.stl -> /home/yektapanj/WareBotSim/install/warebotsim/share/warebotsim/meshes
[1.480s] symbolically linking /home/yektapanj/WareBotSim/build/warebotsim/urdf/meshes/jackal-wheel.stl -> /home/yektapanj/WareBotSim/install/warebotsim/share/warebotsim/meshes
[1.480s] symbolically linking /home/yektapanj/WareBotSim/build/warebotsim/urdf/meshes/sick-lms1xx-inverted-bracket.stl -> /home/yektapanj/WareBotSim/install/warebotsim/share/warebotsim/meshes
[1.480s] symbolically linking /home/yektapanj/WareBotSim/build/warebotsim/urdf/meshes/jackal-fender.stl -> /home/yektapanj/WareBotSim/install/warebotsim/share/warebotsim/meshes
[1.480s] symbolically linking /home/yektapanj/WareBotSim/build/warebotsim/urdf/meshes/chassis_link.dae -> /home/yektapanj/WareBotSim/install/warebotsim/share/warebotsim/meshes
[1.480s] symbolically linking /home/yektapanj/WareBotSim/build/warebotsim/urdf/meshes/stereo-camera-beam.stl -> /home/yektapanj/WareBotSim/install/warebotsim/share/warebotsim/meshes
[1.481s] symbolically linking /home/yektapanj/WareBotSim/build/warebotsim/urdf/meshes/kinect_mount.stl -> /home/yektapanj/WareBotSim/install/warebotsim/share/warebotsim/meshes
[1.481s] symbolically linking /home/yektapanj/WareBotSim/build/warebotsim/urdf/meshes/chassis_link.STL -> /home/yektapanj/WareBotSim/install/warebotsim/share/warebotsim/meshes
[1.481s] symbolically linking /home/yektapanj/WareBotSim/build/warebotsim/urdf/meshes/rotacastor_right_link.STL -> /home/yektapanj/WareBotSim/install/warebotsim/share/warebotsim/meshes
[1.481s] symbolically linking /home/yektapanj/WareBotSim/build/warebotsim/urdf/meshes/jackal-base.stl -> /home/yektapanj/WareBotSim/install/warebotsim/share/warebotsim/meshes
[1.481s] symbolically linking /home/yektapanj/WareBotSim/build/warebotsim/urdf/meshes/top_plate.stl -> /home/yektapanj/WareBotSim/install/warebotsim/share/warebotsim/meshes
[1.481s] symbolically linking /home/yektapanj/WareBotSim/build/warebotsim/urdf/meshes/hokuyo_utm30.stl -> /home/yektapanj/WareBotSim/install/warebotsim/share/warebotsim/meshes
[1.481s] symbolically linking /home/yektapanj/WareBotSim/build/warebotsim/urdf/meshes/jackal-fenders.stl -> /home/yektapanj/WareBotSim/install/warebotsim/share/warebotsim/meshes
[1.481s] symbolically linking /home/yektapanj/WareBotSim/build/warebotsim/urdf/meshes/novatel-smart6.stl -> /home/yektapanj/WareBotSim/install/warebotsim/share/warebotsim/meshes
[1.482s] symbolically linking /home/yektapanj/WareBotSim/build/warebotsim/urdf/meshes/internal_link.dae -> /home/yektapanj/WareBotSim/install/warebotsim/share/warebotsim/meshes
[1.483s] symbolically linking /home/yektapanj/WareBotSim/build/warebotsim/urdf/meshes/lift_link.dae -> /home/yektapanj/WareBotSim/install/warebotsim/share/warebotsim/meshes
[1.483s] symbolically linking /home/yektapanj/WareBotSim/build/warebotsim/urdf/meshes/extrusion.stl -> /home/yektapanj/WareBotSim/install/warebotsim/share/warebotsim/meshes
[1.483s] symbolically linking /home/yektapanj/WareBotSim/build/warebotsim/urdf/meshes/hokuyo_ust10.stl -> /home/yektapanj/WareBotSim/install/warebotsim/share/warebotsim/meshes
[1.483s] symbolically linking /home/yektapanj/WareBotSim/build/warebotsim/urdf/meshes/wheel_left_link.STL -> /home/yektapanj/WareBotSim/install/warebotsim/share/warebotsim/meshes
[1.533s] Invoked command in '/home/yektapanj/WareBotSim/build/warebotsim' returned '0': DEBUGINFOD_URLS=https://debuginfod.ubuntu.com PYTHONPATH=/home/yektapanj/WareBotSim/build/warebotsim/prefix_override:/usr/lib/python3/dist-packages/colcon_core/task/python/colcon_distutils_commands:/home/yektapanj/WareBotSim/install/warebotsim/lib/python3.12/site-packages:${PYTHONPATH} /usr/bin/python3 -W ignore:setup.py install is deprecated -W ignore:easy_install command is deprecated setup.py develop --editable --build-directory /home/yektapanj/WareBotSim/build/warebotsim/build --no-deps symlink_data
